379
387
368
494
369
506
388
503
387
471
373
535
383
471
393
519
383
510
400
519
330
518
1110
532
399
504
361
505
360
504
364
659
535
554
394
509
293
519
292
443
316
309
156
234
213
336
593
273
224
315
252
313
258
311
265
303
244
313
239
325
245
329
235
321
241
292
216
308
257
312
265
329
253
327
257
336
262
614
267
327
261
324
258
346
250
308
247
318
251
311
247
305
245
302
241
312
239
293
250
313
255
313
249
314
244
306
553
308
245
321
255
323
270
318
249
304
249
317
252
317
213
310
247
310
247
315
250
336
254
316
249
349
251
320
258
314
252
323
582
321
265
315
255
325
249
316
262
315
260
323
250
320
219
314
245
321
255
325
250
314
252
314
257
313
246
314
248
318
252
312
253
593
244
283
233
311
262
311
267
308
253
307
243
305
244
310
240
315
242
308
242
315
253
273
248
309
277
304
228
613
287
311
230
321
251
319
249
317
229
287
226
316
251
315
252
307
255
314
250
315
253
311
254
271
164
591
244
297
284
315
248
324
271
322
246
313
209
288
250
324
236
316
269
305
254
319
250
331
242
320
554
336
241
307
253
326
104
