08:12:46.241846 execve("./zlib.x.noprefetch", ["./zlib.x.noprefetch"], [/* 51 vars */]) = 0 <0.000191>
08:12:46.242192 brk(0)                  = 0x2234000 <0.000005>
08:12:46.242236 mmap(NULL, 4096, PROT_READ|PROT_WRITE, MAP_PRIVATE|MAP_ANONYMOUS, -1, 0) = 0x7f95843f8000 <0.000006>
08:12:46.242275 access("/etc/ld.so.preload", R_OK) = -1 ENOENT (No such file or directory) <0.000008>
08:12:46.242320 open("/etc/ld.so.cache", O_RDONLY) = 3 <0.000008>
08:12:46.242355 fstat(3, {st_mode=S_IFREG|0644, st_size=88601, ...}) = 0 <0.000005>
08:12:46.242394 mmap(NULL, 88601, PROT_READ, MAP_PRIVATE, 3, 0) = 0x7f95843e2000 <0.000006>
08:12:46.242421 close(3)                = 0 <0.000006>
08:12:46.242454 open("/lib64/libz.so.1", O_RDONLY) = 3 <0.000009>
08:12:46.242486 read(3, "\177ELF\2\1\1\0\0\0\0\0\0\0\0\0\3\0>\0\1\0\0\0000\37@\3126\0\0\0"..., 832) = 832 <0.000006>
08:12:46.242521 fstat(3, {st_mode=S_IFREG|0755, st_size=90952, ...}) = 0 <0.000005>
08:12:46.242557 mmap(0x36ca400000, 2183696, PROT_READ|PROT_EXEC, MAP_PRIVATE|MAP_DENYWRITE, 3, 0) = 0x36ca400000 <0.000006>
08:12:46.242585 mprotect(0x36ca415000, 2093056, PROT_NONE) = 0 <0.000008>
08:12:46.242613 mmap(0x36ca614000, 8192, PROT_READ|PROT_WRITE, MAP_PRIVATE|MAP_FIXED|MAP_DENYWRITE, 3, 0x14000) = 0x36ca614000 <0.000007>
08:12:46.242646 close(3)                = 0 <0.000005>
08:12:46.242677 open("/lib64/libc.so.6", O_RDONLY) = 3 <0.000009>
08:12:46.242707 read(3, "\177ELF\2\1\1\3\0\0\0\0\0\0\0\0\3\0>\0\1\0\0\0\360\355\201\3116\0\0\0"..., 832) = 832 <0.000006>
08:12:46.242740 fstat(3, {st_mode=S_IFREG|0755, st_size=1922112, ...}) = 0 <0.000005>
08:12:46.242777 mmap(0x36c9800000, 3745960, PROT_READ|PROT_EXEC, MAP_PRIVATE|MAP_DENYWRITE, 3, 0) = 0x36c9800000 <0.000006>
08:12:46.242803 mprotect(0x36c9989000, 2097152, PROT_NONE) = 0 <0.000006>
08:12:46.242830 mmap(0x36c9b89000, 20480, PROT_READ|PROT_WRITE, MAP_PRIVATE|MAP_FIXED|MAP_DENYWRITE, 3, 0x189000) = 0x36c9b89000 <0.000007>
08:12:46.242862 mmap(0x36c9b8e000, 18600, PROT_READ|PROT_WRITE, MAP_PRIVATE|MAP_FIXED|MAP_ANONYMOUS, -1, 0) = 0x36c9b8e000 <0.000006>
08:12:46.242890 close(3)                = 0 <0.000006>
08:12:46.242919 mmap(NULL, 4096, PROT_READ|PROT_WRITE, MAP_PRIVATE|MAP_ANONYMOUS, -1, 0) = 0x7f95843e1000 <0.000010>
08:12:46.242958 mmap(NULL, 4096, PROT_READ|PROT_WRITE, MAP_PRIVATE|MAP_ANONYMOUS, -1, 0) = 0x7f95843e0000 <0.000005>
08:12:46.242987 mmap(NULL, 4096, PROT_READ|PROT_WRITE, MAP_PRIVATE|MAP_ANONYMOUS, -1, 0) = 0x7f95843df000 <0.000006>
08:12:46.243016 arch_prctl(ARCH_SET_FS, 0x7f95843e0700) = 0 <0.000005>
08:12:46.243086 mprotect(0x36c9b89000, 16384, PROT_READ) = 0 <0.000008>
08:12:46.243118 mprotect(0x36ca614000, 4096, PROT_READ) = 0 <0.000007>
08:12:46.243148 mprotect(0x36c921f000, 4096, PROT_READ) = 0 <0.000006>
08:12:46.243174 munmap(0x7f95843e2000, 88601) = 0 <0.000010>
08:12:46.243260 brk(0)                  = 0x2234000 <0.000005>
08:12:46.243284 brk(0x2256000)          = 0x2256000 <0.000006>
08:12:46.243316 brk(0x2286000)          = 0x2286000 <0.000006>
08:12:46.243369 read(0, "2012-03-03 16:12:18 (260) [0x27c"..., 16384) = 16384 <0.000040>
08:12:46.243710 write(1, "x\234", 2)    = 2 <0.000022>
08:12:46.243755 read(0, "_c_x\315\352\263\3111\243\254\263\254\312\261=2449\243\241\r\n2012-03-"..., 16384) = 16384 <0.000024>
08:12:46.244102 write(1, "", 0)         = 0 <0.000006>
08:12:46.244131 read(0, "\266\324\266\313\243\250219.229.37.164 : 1242\243\251\267\242\313"..., 16384) = 16384 <0.000034>
08:12:46.244459 write(1, "", 0)         = 0 <0.000006>
08:12:46.244485 read(0, ": \317\302\324\330, \267\275\317\362 : \325\375\317\362, \324\255\322\362 : succ"..., 16384) = 16384 <0.000036>
08:12:46.244891 write(1, "", 0)         = 0 <0.000006>
08:12:46.244918 read(0, ")important : \327\324\266\257\274\354\262\351\317\337\263\314\275\341\312\370\265\367\323"..., 16384) = 16384 <0.000009>
08:12:46.245241 write(1, "", 0)         = 0 <0.000006>
08:12:46.245268 read(0, "ror : NAT\316\264\326\252\243\254\267\305\306\372\264\362\266\264\326\326\327\323\301\254\275\323\241"..., 16384) = 16384 <0.000034>
08:12:46.245649 write(1, "", 0)         = 0 <0.000006>
08:12:46.245684 read(0, "ortant : FC(122.225.11.130:8080)"..., 16384) = 16384 <0.000024>
08:12:46.245971 write(1, "", 0)         = 0 <0.000006>
08:12:46.246002 read(0, ")important : \327\324\266\257\274\354\262\351\317\337\263\314\275\341\312\370\265\332 "..., 16384) = 16384 <0.000034>
08:12:46.246390 write(1, "", 0)         = 0 <0.000006>
08:12:46.246417 read(0, "rtant :  \327\312\324\264 67339 \312\325\265\275 \266\324\266\313 36"..., 16384) = 16384 <0.000034>
08:12:46.246751 write(1, "", 0)         = 0 <0.000006>
08:12:46.246793 read(0, "\243\254\267\305\306\372\264\362\266\264\326\326\327\323\301\254\275\323\241\243\r\n2012-03-03"..., 16384) = 16384 <0.000009>
08:12:46.247161 write(1, "", 0)         = 0 <0.000007>
08:12:46.247196 read(0, "205 : 1236\243\251\326\303\316\252\262\273\277\311\323\303\241\243\r\n2012-0"..., 16384) = 16384 <0.000035>
08:12:46.247506 write(1, "", 0)         = 0 <0.000006>
08:12:46.247535 read(0, "\254\304\277\265\304 : \317\302\324\330, \267\275\317\362 : \325\375\317\362, \324\255\322\362 "..., 16384) = 16384 <0.000023>
08:12:46.247936 write(1, "", 0)         = 0 <0.000006>
08:12:46.247963 read(0, ")important : \327\312\324\264 67337 \265\304block "..., 16384) = 16384 <0.000039>
08:12:46.248281 write(1, "", 0)         = 0 <0.000005>
08:12:46.248308 read(0, "\241\r\n2012-03-03 16:15:14 (423) [0x"..., 16384) = 16384 <0.000023>
08:12:46.248664 write(1, "", 0)         = 0 <0.000005>
08:12:46.248691 read(0, " : \325\375\317\362, \324\255\322\362 : success\241\243\r\n2012-"..., 16384) = 16384 <0.000024>
08:12:46.249011 write(1, "", 0)         = 0 <0.000007>
08:12:46.249045 read(0, "\322\351(p=0)\243\254\275\341\271\373=454\241\243\r\n2012-03-03 "..., 16384) = 16384 <0.000024>
08:12:46.249437 write(1, "", 0)         = 0 <0.000006>
08:12:46.249466 read(0, "\243\256\r\n2012-03-03 16:15:59 (603) [0"..., 16384) = 16384 <0.000023>
08:12:46.249758 write(1, "", 0)         = 0 <0.000005>
08:12:46.249785 read(0, "2012-03-03 16:16:15 (295) [0x12d"..., 16384) = 16384 <0.000008>
08:12:46.250167 write(1, "", 0)         = 0 <0.000007>
08:12:46.250201 read(0, "hunk, \272\366\302\324\243\254\320\264\275\341\271\373 : ignore\243\256\r\n2"..., 16384) = 16384 <0.000024>
08:12:46.250509 write(1, "", 0)         = 0 <0.000006>
08:12:46.250538 read(0, "0x12d4](-2, -1)important : \301\254\275\323\266"..., 16384) = 16384 <0.000024>
08:12:46.250921 write(1, "", 0)         = 0 <0.000009>
08:12:46.250952 read(0, "ant : \326\367\266\257\266\317\277\252\314\327\275\323\327\326 2700 \301\254\275\323.."..., 16384) = 16384 <0.000009>
08:12:46.251207 write(1, "", 0)         = 0 <0.000007>
08:12:46.251235 read(0, ":49 (701) [0x12d4](-2, -1)import"..., 16384) = 16384 <0.000023>
08:12:46.251607 write(1, "", 0)         = 0 <0.000006>
08:12:46.251635 read(0, "x34222d8 \243\250\314\327\275\323\327\326 : 3164\243\251\265\304proc"..., 16384) = 16384 <0.000024>
08:12:46.252230 write(1, "\324\275}\257^\327u'\366w\7\230\357\360\364\257^\1\"\347\354\327\263\217\0\241\265,\2735\20\17"..., 16384) = 16384 <0.000035>
08:12:46.252480 write(1, "o\364\31\177\214\231\225\316\262\332O?i\223\355\221\2\337t3\304J\247S\350\260\376\343\355N\217g"..., 14726) = 14726 <0.000026>
08:12:46.252536 read(0, "\264 67335 \307\353\307\363\317\302\324\330\243\254\277\311\312\307\324\332pp logon"..., 16384) = 16384 <0.000024>
08:12:46.252930 write(1, "", 0)         = 0 <0.000006>
08:12:46.252964 read(0, "c](-2, -1)error : NAT\316\264\326\252\243\254\267\305\306\372\264"..., 16384) = 16384 <0.000026>
08:12:46.253276 write(1, "", 0)         = 0 <0.000006>
08:12:46.253303 read(0, ".225.11.130 : 8080\243\251\267\242\313\315pp_logon"..., 16384) = 16384 <0.000023>
08:12:46.253674 write(1, "", 0)         = 0 <0.000006>
08:12:46.253702 read(0, ", -1)error : \322\354\263\243\243\272\327\312\324\264 67341 \307\353"..., 16384) = 16384 <0.000024>
08:12:46.253999 write(1, "", 0)         = 0 <0.000007>
08:12:46.254035 read(0, " \312\325\265\275 \266\324\266\313 1692\243\250122.225.11.144 "..., 16384) = 16384 <0.000025>
08:12:46.254410 write(1, "", 0)         = 0 <0.000007>
08:12:46.254447 read(0, "\324\330\265\304\277\351\243\254\326\367\266\257\266\317\277\252\301\254\275\323\241\243\r\n2012-03-"..., 16384) = 16384 <0.000024>
08:12:46.254728 write(1, "", 0)         = 0 <0.000006>
08:12:46.254755 read(0, "mgr\265\304auto_check...\r\n2012-03-03 1"..., 16384) = 16384 <0.000024>
08:12:46.255131 write(1, "", 0)         = 0 <0.000015>
08:12:46.255168 read(0, "\320\355\243\254\304\277\265\304 : \317\302\324\330, \267\275\317\362 : \325\375\317\362, \324\255"..., 16384) = 16384 <0.000042>
08:12:46.255471 write(1, "", 0)         = 0 <0.000005>
08:12:46.255493 read(0, "\r\n2012-03-03 16:21:09 (623) [0x1"..., 16384) = 16384 <0.000040>
08:12:46.255936 write(1, "", 0)         = 0 <0.000007>
08:12:46.255975 read(0, "important : \263\242\312\324\306\364\266\257\261\276\265\330pp\267\376\316\361\306\367"..., 16384) = 16384 <0.000041>
08:12:46.256389 write(1, "", 0)         = 0 <0.000008>
08:12:46.256450 read(0, "[0x1bb4](-2, -1)important : logi"..., 16384) = 16384 <0.000010>
08:12:46.256806 write(1, "", 0)         = 0 <0.000007>
08:12:46.256858 read(0, "t : shell_dig_hole\261\273\265\367\323\303\243\254res_id"..., 16384) = 16384 <0.000010>
08:12:46.257144 write(1, "", 0)         = 0 <0.000007>
08:12:46.257193 read(0, "t = 0\243\254\326\261\275\323\315\313\263\366\241\243\r\n2012-03-26 08"..., 16384) = 16384 <0.000025>
08:12:46.257527 write(1, "", 0)         = 0 <0.000018>
08:12:46.257590 read(0, "2\243\250122.225.11.146 : 8080\243\251\265\304\265\307\302\274"..., 16384) = 16384 <0.000022>
08:12:46.257845 write(1, "", 0)         = 0 <0.000018>
08:12:46.257894 read(0, "4\241\243\r\n2012-03-26 08:55:02 (230) ["..., 16384) = 16384 <0.000008>
08:12:46.258218 write(1, "", 0)         = 0 <0.000018>
08:12:46.258268 read(0, "\316\274\354\262\351......\r\n2012-03-26 08:55:33"..., 16384) = 16384 <0.000025>
08:12:46.258516 write(1, "", 0)         = 0 <0.000005>
08:12:46.258538 read(0, "12-03-26 08:56:19 (861) [0x1278]"..., 16384) = 16384 <0.000028>
08:12:46.258864 write(1, "", 0)         = 0 <0.000017>
08:12:46.258913 read(0, "\250\266\300\301\242\317\337\263\314\243\251\243\254sessions(0) = 0, re"..., 16384) = 16384 <0.000009>
08:12:46.259163 write(1, "", 0)         = 0 <0.000010>
08:12:46.259223 read(0, ") [0x12fc](-2, -3)important : \327\324"..., 16384) = 16384 <0.000024>
08:12:46.259550 write(1, "", 0)         = 0 <0.000009>
08:12:46.259607 read(0, "\323\303res_mgr\265\304auto_check\241\243\r\n2012-03"..., 16384) = 16384 <0.000015>
08:12:46.259864 write(1, "", 0)         = 0 <0.000010>
08:12:46.259921 read(0, "\265\367\323\303res_mgr\265\304auto_check...\r\n2012"..., 16384) = 16384 <0.000024>
08:12:46.260274 write(1, "", 0)         = 0 <0.000010>
08:12:46.260331 read(0, "fc](-2, -1)important : \327\324\266\257\274\354\262\351\317"..., 16384) = 16384 <0.000015>
08:12:46.260631 write(1, "", 0)         = 0 <0.000008>
08:12:46.260675 read(0, "ck...\r\n2012-03-26 09:02:03 (364)"..., 16384) = 16384 <0.000025>
08:12:46.261100 write(1, "", 0)         = 0 <0.000017>
08:12:46.261148 read(0, " upnp...\r\n2012-03-29 09:41:02 (4"..., 16384) = 16384 <0.000025>
08:12:46.261604 write(1, "\376\177\356\336\265G\223\343:\23\374\274\3\314\177x\367[5\320\325\316\210\274E\20\313\365\260\233\344\214"..., 16384) = 16384 <0.000036>
08:12:46.261942 write(1, "\244tB?\216\304\213r\5gLb\270(\347\326\350\213u\311\312\"m\232\261\202\335\250\177\36\331\372"..., 15258) = 15258 <0.000053>
08:12:46.262029 read(0, "\351\317\337\263\314\275\341\312\370\265\332 30 \264\316\274\354\262\351\241\243\r\n2012-03"..., 16384) = 16384 <0.000028>
08:12:46.262402 write(1, "", 0)         = 0 <0.000016>
08:12:46.262449 read(0, "auto_check...\r\n2012-03-29 09:47:"..., 16384) = 16384 <0.000023>
08:12:46.262761 write(1, "", 0)         = 0 <0.000005>
08:12:46.262784 read(0, "\257\274\354\262\351\317\337\263\314\277\252\312\274\265\367\323\303res_mgr\265\304auto_c"..., 16384) = 16384 <0.000028>
08:12:46.263205 write(1, "", 0)         = 0 <0.000016>
08:12:46.263252 read(0, "09:54:57 (148) [0xa94](-2, -1)im"..., 16384) = 16384 <0.000035>
08:12:46.263614 write(1, "", 0)         = 0 <0.000005>
08:12:46.263637 read(0, "08 \264\316\274\354\262\351......\r\n2012-03-29 09:5"..., 16384) = 16384 <0.000026>
08:12:46.264079 write(1, "", 0)         = 0 <0.000017>
08:12:46.264129 read(0, "-2, -1)important : \327\324\266\257\274\354\262\351\317\337\263\314\275"..., 16384) = 16384 <0.000025>
08:12:46.264520 write(1, "", 0)         = 0 <0.000017>
08:12:46.264568 read(0, "2012-03-29 10:06:07 (304) [0xa94"..., 16384) = 16384 <0.000026>
08:12:46.265054 write(1, "", 0)         = 0 <0.000009>
08:12:46.265115 read(0, "\354\262\351\317\337\263\314\277\252\312\274\265\367\323\303res_mgr\265\304auto_che"..., 16384) = 16384 <0.000015>
08:12:46.265517 write(1, "", 0)         = 0 <0.000010>
08:12:46.265575 read(0, ":13:27 (415) [0xa94](-2, -1)impo"..., 16384) = 16384 <0.000022>
08:12:46.266037 write(1, "", 0)         = 0 <0.000011>
08:12:46.266095 read(0, " \264\316\274\354\262\351......\r\n2012-03-29 10:17:"..., 16384) = 16384 <0.000015>
08:12:46.266475 write(1, "", 0)         = 0 <0.000010>
08:12:46.266534 read(0, ", -1)important : \327\324\266\257\274\354\262\351\317\337\263\314\275\341\312"..., 16384) = 16384 <0.000024>
08:12:46.267011 write(1, "", 0)         = 0 <0.000010>
08:12:46.267070 read(0, "12-03-29 10:24:37 (580) [0xa94]("..., 16384) = 16384 <0.000016>
08:12:46.267442 write(1, "", 0)         = 0 <0.000010>
08:12:46.267500 read(0, "\351\317\337\263\314\277\252\312\274\265\367\323\303res_mgr\265\304auto_check"..., 16384) = 16384 <0.000022>
08:12:46.267982 write(1, "", 0)         = 0 <0.000010>
08:12:46.268040 read(0, "1:57 (680) [0xa94](-2, -1)import"..., 16384) = 16384 <0.000015>
08:12:46.268413 write(1, "", 0)         = 0 <0.000011>
08:12:46.268472 read(0, "\316\274\354\262\351......\r\n2012-03-29 10:35:42"..., 16384) = 16384 <0.000031>
08:12:46.268960 write(1, "", 0)         = 0 <0.000007>
08:12:46.268997 read(0, "-1)important : \327\324\266\257\274\354\262\351\317\337\263\314\275\341\312\370\265"..., 16384) = 16384 <0.000015>
08:12:46.269339 write(1, "", 0)         = 0 <0.000017>
08:12:46.269379 read(0, "-03-29 10:43:07 (841) [0xa94](-2"..., 16384) = 16384 <0.000026>
08:12:46.269832 write(1, "", 0)         = 0 <0.000017>
08:12:46.269880 read(0, "\337\263\314\277\252\312\274\265\367\323\303res_mgr\265\304auto_check.."..., 16384) = 16384 <0.000036>
08:12:46.270244 write(1, "", 0)         = 0 <0.000016>
08:12:46.270281 read(0, "27 (946) [0xa94](-2, -1)importan"..., 16384) = 16384 <0.000025>
08:12:46.270700 write(1, "", 0)         = 0 <0.000017>
08:12:46.270748 read(0, "2012-03-29 10:54:13 (23) [0xa94]"..., 16384) = 16384 <0.000024>
08:12:46.271083 write(1, "", 0)         = 0 <0.000017>
08:12:46.271131 read(0, "\257\274\354\262\351\317\337\263\314\277\252\312\274\265\367\323\303res_mgr\265\304auto_c"..., 16384) = 16384 <0.000025>
08:12:46.271582 write(1, "", 0)         = 0 <0.000016>
08:12:46.271621 read(0, " -1)important : \327\324\266\257\274\354\262\351\317\337\263\314\277\252\312\274"..., 16384) = 16384 <0.000026>
08:12:46.272015 write(1, "", 0)         = 0 <0.000017>
08:12:46.272063 read(0, "gr\265\304auto_check...\r\n2012-03-29 11"..., 16384) = 16384 <0.000024>
08:12:46.272516 write(1, "", 0)         = 0 <0.000017>
08:12:46.272564 read(0, "important : \327\324\266\257\274\354\262\351\317\337\263\314\275\341\312\370\265\367\323\303"..., 16384) = 16384 <0.000023>
08:12:46.272956 write(1, "", 0)         = 0 <0.000017>
08:12:46.273005 read(0, "03-29 11:12:43 (275) [0xa94](-2,"..., 16384) = 16384 <0.000034>
08:12:46.273474 write(1, "", 0)         = 0 <0.000017>
08:12:46.273522 read(0, "\275\341\312\370\265\332 1140 \264\316\274\354\262\351\241\243\r\n2012-03-29"..., 16384) = 16384 <0.000036>
08:12:46.273906 write(1, "", 0)         = 0 <0.000016>
08:12:46.273975 read(0, "-1)important : \327\324\266\257\274\354\262\351\317\337\263\314\277\252\312\274\265"..., 16384) = 16384 <0.000025>
08:12:46.274440 write(1, "", 0)         = 0 <0.000016>
08:12:46.274480 read(0, "-29 11:23:48 (440) [0xa94](-2, -"..., 16384) = 16384 <0.000035>
08:12:46.274873 write(1, "", 0)         = 0 <0.000016>
08:12:46.274945 read(0, "\312\274\265\367\323\303res_mgr\265\304auto_check...\r\n20"..., 16384) = 16384 <0.000025>
08:12:46.275402 write(1, "", 0)         = 0 <0.000017>
08:12:46.275450 read(0, "94](-2, -1)important : \327\324\266\257\274\354\262\351\317"..., 16384) = 16384 <0.000034>
08:12:46.275839 write(1, "", 0)         = 0 <0.000017>
08:12:46.275886 read(0, "ck\241\243\r\n2012-03-29 11:34:48 (583) "..., 16384) = 16384 <0.000034>
08:12:46.276606 write(1, "\377x{\273\226\353\332,=k\333\177Q\233-\4Ys\256\217k\256\206\336\10d\307\r%\250{\226"..., 16384) = 16384 <0.000036>
08:12:46.276835 write(1, "\374\271\360#\240\352\3\10\221\357\325\304\324\306\250Cx\3224E2\22n\1Us\270\310\367jB\252"..., 13598) = 13598 <0.000026>
08:12:46.276889 read(0, "\324\266\257\274\354\262\351\317\337\263\314\275\341\312\370\265\332 1405 \264\316\274\354\262\351\241\243\r"..., 16384) = 16384 <0.000026>
08:12:46.277298 write(1, "", 0)         = 0 <0.000007>
08:12:46.277326 read(0, "0xa94](-2, -1)important : \327\324\266\257\274\354"..., 16384) = 16384 <0.000024>
08:12:46.277808 write(1, "", 0)         = 0 <0.000007>
08:12:46.277837 read(0, "..\r\n2012-03-29 11:45:53 (713) [0"..., 16384) = 16384 <0.000024>
08:12:46.278289 write(1, "", 0)         = 0 <0.000007>
08:12:46.278323 read(0, "\257\274\354\262\351\317\337\263\314\277\252\312\274\265\367\323\303res_mgr\265\304auto_c"..., 16384) = 16384 <0.000025>
08:12:46.278806 write(1, "", 0)         = 0 <0.000007>
08:12:46.278835 read(0, " (800) [0xa94](-2, -1)important "..., 16384) = 16384 <0.000024>
08:12:46.279227 write(1, "", 0)         = 0 <0.000007>
08:12:46.279256 read(0, "r\265\304auto_check\241\243\r\n2012-03-29 11:5"..., 16384) = 16384 <0.000024>
08:12:46.279763 write(1, "", 0)         = 0 <0.000006>
08:12:46.279792 read(0, "important : \323\303\273\247\312\375\276\335\277\342\316\304\274\376\264\346\324\332\243\254"..., 16384) = 16384 <0.000027>
08:12:46.280180 write(1, "", 0)         = 0 <0.000007>
08:12:46.280209 read(0, "\r\n2012-03-31 10:03:34 (370) [0x1"..., 16384) = 16384 <0.000024>
08:12:46.280664 write(1, "", 0)         = 0 <0.000007>
08:12:46.280693 read(0, "\r\n2012-03-31 10:07:04 (421) [0x1"..., 16384) = 16384 <0.000024>
08:12:46.281072 write(1, "", 0)         = 0 <0.000006>
08:12:46.281100 read(0, "0:44 (555) [0x1700](-2, -1)impor"..., 16384) = 16384 <0.000024>
08:12:46.281561 write(1, "", 0)         = 0 <0.000007>
08:12:46.281590 read(0, "to_check...\r\n2012-03-31 10:14:24"..., 16384) = 16384 <0.000025>
08:12:46.281968 write(1, "", 0)         = 0 <0.000006>
08:12:46.281997 read(0, "\257\274\354\262\351\317\337\263\314\277\252\312\274\265\367\323\303res_mgr\265\304auto_c"..., 16384) = 16384 <0.000024>
08:12:46.282459 write(1, "", 0)         = 0 <0.000007>
08:12:46.282489 read(0, "1700](-2, -1)important : \327\324\266\257\274\354\262"..., 16384) = 16384 <0.000010>
08:12:46.282845 write(1, "", 0)         = 0 <0.000006>
08:12:46.282874 read(0, "012-03-31 10:25:24 (764) [0x1700"..., 16384) = 16384 <0.000009>
08:12:46.283309 write(1, "", 0)         = 0 <0.000006>
08:12:46.283338 read(0, "\263\314\277\252\312\274\265\332 341 \264\316\274\354\262\351......\r\n2012-"..., 16384) = 16384 <0.000025>
08:12:46.283708 write(1, "", 0)         = 0 <0.000006>
08:12:46.283736 read(0, "2, -1)important : \327\324\266\257\274\354\262\351\317\337\263\314\277\252"..., 16384) = 16384 <0.000025>
08:12:46.284194 write(1, "", 0)         = 0 <0.000007>
08:12:46.284223 read(0, "31 10:36:24 (875) [0x1700](-2, -"..., 16384) = 16384 <0.000025>
08:12:46.284582 write(1, "", 0)         = 0 <0.000006>
08:12:46.284610 read(0, "\341\312\370\265\332 472 \264\316\274\354\262\351\241\243\r\n2012-03-31 1"..., 16384) = 16384 <0.000026>
08:12:46.285076 write(1, "", 0)         = 0 <0.000007>
08:12:46.285104 read(0, "-1)important : \327\324\266\257\274\354\262\351\317\337\263\314\275\341\312\370\265"..., 16384) = 16384 <0.000025>
08:12:46.285472 write(1, "", 0)         = 0 <0.000007>
08:12:46.285503 read(0, "10:47:19 (996) [0x1700](-2, -1)i"..., 16384) = 16384 <0.000024>
08:12:46.285917 write(1, "", 0)         = 0 <0.000007>
08:12:46.285954 read(0, "012-03-31 10:51:05 (51) [0x1700]"..., 16384) = 16384 <0.000024>
08:12:46.286296 write(1, "", 0)         = 0 <0.000006>
08:12:46.286325 read(0, ")important : \327\324\266\257\274\354\262\351\317\337\263\314\275\341\312\370\265\367\323"..., 16384) = 16384 <0.000024>
08:12:46.286790 write(1, "", 0)         = 0 <0.000006>
08:12:46.286819 read(0, ":58:25 (149) [0x1700](-2, -1)imp"..., 16384) = 16384 <0.000025>
08:12:46.287204 write(1, "", 0)         = 0 <0.000006>
08:12:46.287232 read(0, "auto_check...\r\n2012-03-31 11:02:"..., 16384) = 16384 <0.000024>
08:12:46.287687 write(1, "", 0)         = 0 <0.000006>
08:12:46.287716 read(0, "\324\266\257\274\354\262\351\317\337\263\314\277\252\312\274\265\367\323\303res_mgr\265\304auto"..., 16384) = 16384 <0.000025>
08:12:46.288096 write(1, "", 0)         = 0 <0.000007>
08:12:46.288124 read(0, "0x1700](-2, -1)important : \327\324\266\257\274"..., 16384) = 16384 <0.000025>
08:12:46.288589 write(1, "", 0)         = 0 <0.000007>
08:12:46.288618 read(0, "\n2012-03-31 11:13:05 (351) [0x17"..., 16384) = 16384 <0.000024>
08:12:46.288983 write(1, "", 0)         = 0 <0.000006>
08:12:46.289011 read(0, "\317\337\263\314\277\252\312\274\265\332 913 \264\316\274\354\262\351......\r\n201"..., 16384) = 16384 <0.000026>
08:12:46.289463 write(1, "", 0)         = 0 <0.000007>
08:12:46.289491 read(0, "(-2, -1)important : \327\324\266\257\274\354\262\351\317\337\263\314"..., 16384) = 16384 <0.000024>
08:12:46.290177 write(1, "G\333\333\377Zr]gz?'@\376\207\373\243\4\2509\247>O\25\1\3!))102\f"..., 16384) = 16384 <0.000036>
08:12:46.290334 write(1, "\0364R\25\215\244\323\4,\335\2\204'GS\241\221\266i\273@\260\233\364\240\221\252h\"\35'P"..., 12972) = 12972 <0.000027>
08:12:46.290387 read(0, "-03-31 11:24:05 (512) [0x1700](-"..., 16384) = 16384 <0.000027>
08:12:46.290833 write(1, "", 0)         = 0 <0.000006>
08:12:46.290862 read(0, "\303res_mgr\265\304auto_check\241\243\r\n2012-03-"..., 16384) = 16384 <0.000025>
08:12:46.291236 write(1, "", 0)         = 0 <0.000007>
08:12:46.291264 read(0, "\324\266\257\274\354\262\351\317\337\263\314\277\252\312\274\265\367\323\303res_mgr\265\304auto"..., 16384) = 16384 <0.000010>
08:12:46.291727 write(1, "", 0)         = 0 <0.000007>
08:12:46.291757 read(0, "00](-2, -1)important : \327\324\266\257\274\354\262\351\317"..., 16384) = 16384 <0.000010>
08:12:46.292121 write(1, "", 0)         = 0 <0.000007>
08:12:46.292150 read(0, "2-03-31 11:38:35 (664) [0x1700]("..., 16384) = 16384 <0.000025>
08:12:46.292626 write(1, "", 0)         = 0 <0.000007>
08:12:46.292655 read(0, "\304auto_check...\r\n2012-03-31 11:42"..., 16384) = 16384 <0.000015>
08:12:46.293026 write(1, "", 0)         = 0 <0.000006>
08:12:46.293054 read(0, "\274\354\262\351\317\337\263\314\277\252\312\274\265\332 1263 \264\316\274\354\262\351......"..., 16384) = 16384 <0.000025>
08:12:46.293524 write(1, "", 0)         = 0 <0.000007>
08:12:46.293553 read(0, "700](-2, -1)important : \327\324\266\257\274\354\262\351"..., 16384) = 16384 <0.000025>
08:12:46.293923 write(1, "", 0)         = 0 <0.000007>
08:12:46.293961 read(0, "11:53:10 (798) [0x1700](-2, -1)i"..., 16384) = 16384 <0.000024>
08:12:46.294411 write(1, "", 0)         = 0 <0.000007>
08:12:46.294440 read(0, ".....\r\n2012-03-31 11:56:50 (814)"..., 16384) = 16384 <0.000025>
08:12:46.294816 write(1, "", 0)         = 0 <0.000006>
08:12:46.294844 read(0, "\257\274\354\262\351\317\337\263\314\275\341\312\370\265\332 1437 \264\316\274\354\262\351\241\243\r\n2"..., 16384) = 16384 <0.000024>
08:12:46.295319 write(1, "", 0)         = 0 <0.000007>
08:12:46.295348 read(0, " -1)important : \327\324\266\257\274\354\262\351\317\337\263\314\275\341\312\370"..., 16384) = 16384 <0.000026>
08:12:46.295730 write(1, "", 0)         = 0 <0.000006>
08:12:46.295758 read(0, "(960) [0x1700](-2, -1)important "..., 16384) = 16384 <0.000024>
08:12:46.296229 write(1, "", 0)         = 0 <0.000007>
08:12:46.296258 read(0, "[0x1700](-2, -1)important : \327\324\266\257"..., 16384) = 16384 <0.000024>
08:12:46.296588 write(1, "", 0)         = 0 <0.000006>
08:12:46.296616 read(0, "31 12:15:06 (33) [0x1700](-2, -1"..., 16384) = 16384 <0.000026>
08:12:46.297081 write(1, "", 0)         = 0 <0.000007>
08:12:46.297111 read(0, "\274\265\367\323\303res_mgr\265\304auto_check...\r\n201"..., 16384) = 16384 <0.000025>
08:12:46.297485 write(1, "", 0)         = 0 <0.000007>
08:12:46.297513 read(0, "0](-2, -1)important : \327\324\266\257\274\354\262\351\317\337"..., 16384) = 16384 <0.000025>
08:12:46.297973 write(1, "", 0)         = 0 <0.000006>
08:12:46.298002 read(0, "k\241\243\r\n2012-03-31 12:26:06 (96) [0"..., 16384) = 16384 <0.000025>
08:12:46.298371 write(1, "", 0)         = 0 <0.000007>
08:12:46.298399 read(0, "2-03-31 12:29:46 (117) [0x1700]("..., 16384) = 16384 <0.000024>
08:12:46.298863 write(1, "", 0)         = 0 <0.000006>
08:12:46.298891 read(0, " \264\316\274\354\262\351......\r\n2012-03-31 12:33:"..., 16384) = 16384 <0.000024>
08:12:46.299274 write(1, "", 0)         = 0 <0.000006>
08:12:46.299302 read(0, "nt : \327\324\266\257\274\354\262\351\317\337\263\314\275\341\312\370\265\332 1876 \264\316\274"..., 16384) = 16384 <0.000024>
08:12:46.299802 write(1, "", 0)         = 0 <0.000006>
08:12:46.299831 read(0, "7) [0x1700](-2, -1)important : \327"..., 16384) = 16384 <0.000012>
08:12:46.300203 write(1, "", 0)         = 0 <0.000006>
08:12:46.300232 read(0, "\351\241\243\r\n2012-03-31 14:10:11 (83) [0"..., 16384) = 16384 <0.000009>
08:12:46.300680 write(1, "", 0)         = 0 <0.000007>
08:12:46.300709 read(0, "\332 1995 \264\316\274\354\262\351......\r\n2012-03-31 "..., 16384) = 16384 <0.000010>
08:12:46.301073 write(1, "", 0)         = 0 <0.000006>
08:12:46.301101 read(0, "mportant : \327\324\266\257\274\354\262\351\317\337\263\314\275\341\312\370\265\332 20"..., 16384) = 16384 <0.000024>
08:12:46.301567 write(1, "", 0)         = 0 <0.000006>
08:12:46.301596 read(0, ") [0x1700](-2, -1)important : \327\324"..., 16384) = 16384 <0.000024>
08:12:46.301977 write(1, "", 0)         = 0 <0.000006>
08:12:46.302006 read(0, "3-31 14:24:36 (297) [0x1700](-2,"..., 16384) = 16384 <0.000031>
08:12:46.302486 write(1, "", 0)         = 0 <0.000006>
08:12:46.302515 read(0, "\265\332 2169 \264\316\274\354\262\351\241\243\r\n2012-03-31 14:"..., 16384) = 16384 <0.000024>
08:12:46.302901 write(1, "", 0)         = 0 <0.000006>
08:12:46.302929 read(0, " : \327\324\266\257\274\354\262\351\317\337\263\314\275\341\312\370\265\367\323\303res_mgr\265\304"..., 16384) = 16384 <0.000036>
08:12:46.303415 write(1, "", 0)         = 0 <0.000007>
08:12:46.303448 read(0, "](-2, -1)important : \327\324\266\257\274\354\262\351\317\337\263"..., 16384) = 16384 <0.000010>
08:12:46.303814 write(1, "", 0)         = 0 <0.000006>
08:12:46.303843 read(0, "1 14:39:11 (443) [0x1700](-2, -1"..., 16384) = 16384 <0.000009>
08:12:46.304306 write(1, "", 0)         = 0 <0.000007>
08:12:46.304336 read(0, "mgr\265\304auto_check\241\243\r\n2012-03-31 14"..., 16384) = 16384 <0.000012>
08:12:46.304873 write(1, "\323\366n=\267d\327y\336u\376\305\276\244\0\202XUkU\255\265\10\30\210\21\337\344\"\201\341$"..., 16384) = 16384 <0.000034>
08:12:46.305155 write(1, "\245>\330\303\36a\233\4\252\335\5\4=9\267\35\247x\250w\233\212\226j\331H;M\300\332U@"..., 13026) = 13026 <0.000026>
08:12:46.305210 read(0, "\262\351\317\337\263\314\277\252\312\274\265\367\323\303res_mgr\265\304auto_chec"..., 16384) = 16384 <0.000010>
08:12:46.305668 write(1, "", 0)         = 0 <0.000007>
08:12:46.305697 read(0, "2, -1)important : \327\324\266\257\274\354\262\351\317\337\263\314\277\252"..., 16384) = 16384 <0.000009>
08:12:46.306069 write(1, "", 0)         = 0 <0.000006>
08:12:46.306098 read(0, "31 14:53:41 (606) [0x1700](-2, -"..., 16384) = 16384 <0.000011>
08:12:46.306546 write(1, "", 0)         = 0 <0.000007>
08:12:46.306576 read(0, "_check...\r\n2012-03-31 14:57:21 ("..., 16384) = 16384 <0.000010>
08:12:46.306943 write(1, "", 0)         = 0 <0.000006>
08:12:46.306972 read(0, "\337\263\314\277\252\312\274\265\332 2563 \264\316\274\354\262\351......\r\n201"..., 16384) = 16384 <0.000009>
08:12:46.307424 write(1, "", 0)         = 0 <0.000007>
08:12:46.307453 read(0, "-2, -1)important : \327\324\266\257\274\354\262\351\317\337\263\314\275"..., 16384) = 16384 <0.000009>
08:12:46.307820 write(1, "", 0)         = 0 <0.000007>
08:12:46.307848 read(0, ":16 (729) [0x1700](-2, -1)import"..., 16384) = 16384 <0.000010>
08:12:46.308299 write(1, "", 0)         = 0 <0.000007>
08:12:46.308328 read(0, "\r\n2012-03-31 15:11:56 (752) [0x1"..., 16384) = 16384 <0.000009>
08:12:46.308704 write(1, "", 0)         = 0 <0.000006>
08:12:46.308733 read(0, "\317\337\263\314\275\341\312\370\265\332 2737 \264\316\274\354\262\351\241\243\r\n2012-0"..., 16384) = 16384 <0.000010>
08:12:46.309183 write(1, "", 0)         = 0 <0.000007>
08:12:46.309212 read(0, "mportant : \327\324\266\257\274\354\262\351\317\337\263\314\275\341\312\370\265\367\323\303r"..., 16384) = 16384 <0.000009>
08:12:46.309587 write(1, "", 0)         = 0 <0.000007>
08:12:46.309616 read(0, " [0x1700](-2, -1)important : \327\324\266"..., 16384) = 16384 <0.000009>
08:12:46.310076 write(1, "", 0)         = 0 <0.000006>
08:12:46.310105 read(0, "012-03-31 15:26:31 (899) [0x1700"..., 16384) = 16384 <0.000010>
08:12:46.310463 write(1, "", 0)         = 0 <0.000007>
08:12:46.310491 read(0, "\265\367\323\303res_mgr\265\304auto_check\241\243\r\n2012-"..., 16384) = 16384 <0.000011>
08:12:46.310948 write(1, "", 0)         = 0 <0.000007>
08:12:46.310978 read(0, "..\r\n2012-03-31 15:33:47 (2) [0x1"..., 16384) = 16384 <0.000009>
08:12:46.311285 write(1, "", 0)         = 0 <0.000007>
08:12:46.311313 read(0, "uto_check\241\243\r\n2012-03-31 15:37:27"..., 16384) = 16384 <0.000025>
08:12:46.311756 write(1, "", 0)         = 0 <0.000007>
08:12:46.311785 read(0, "ant : \327\324\266\257\274\354\262\351\317\337\263\314\275\341\312\370\265\332 3044 \264\316"..., 16384) = 16384 <0.000025>
08:12:46.312160 write(1, "", 0)         = 0 <0.000007>
08:12:46.312188 read(0, "portant : \327\324\266\257\274\354\262\351\317\337\263\314\275\341\312\370\265\332 308"..., 16384) = 16384 <0.000025>
08:12:46.312664 write(1, "", 0)         = 0 <0.000006>
08:12:46.312693 read(0, " [0x1700](-2, -1)important : \327\324\266"..., 16384) = 16384 <0.000025>
08:12:46.313081 write(1, "", 0)         = 0 <0.000007>
08:12:46.313109 read(0, "-31 15:52:07 (208) [0x1700](-2, "..., 16384) = 16384 <0.000010>
08:12:46.313567 write(1, "", 0)         = 0 <0.000007>
08:12:46.313596 read(0, "\332 3219 \264\316\274\354\262\351\241\243\r\n2012-03-31 15:5"..., 16384) = 16384 <0.000010>
08:12:46.313957 write(1, "", 0)         = 0 <0.000006>
08:12:46.313986 read(0, ": \327\324\266\257\274\354\262\351\317\337\263\314\275\341\312\370\265\367\323\303res_mgr\265\304a"..., 16384) = 16384 <0.000010>
08:12:46.314436 write(1, "", 0)         = 0 <0.000007>
08:12:46.314465 read(0, "(-2, -1)important : \327\324\266\257\274\354\262\351\317\337\263\314"..., 16384) = 16384 <0.000010>
08:12:46.314829 write(1, "", 0)         = 0 <0.000007>
08:12:46.314857 read(0, " 16:06:42 (473) [0x1700](-2, -1)"..., 16384) = 16384 <0.000011>
08:12:46.315265 write(1, "", 0)         = 0 <0.000005>
08:12:46.315288 read(0, "gr\265\304auto_check\241\243\r\n2012-03-31 16:"..., 16384) = 16384 <0.000009>
08:12:46.315615 write(1, "", 0)         = 0 <0.000005>
08:12:46.315637 read(0, "\351\317\337\263\314\277\252\312\274\265\367\323\303res_mgr\265\304auto_check"..., 16384) = 16384 <0.000009>
08:12:46.316026 write(1, "", 0)         = 0 <0.000006>
08:12:46.316049 read(0, ", -1)important : \327\324\266\257\274\354\262\351\317\337\263\314\277\252\312"..., 16384) = 16384 <0.000010>
08:12:46.316363 write(1, "", 0)         = 0 <0.000005>
08:12:46.316385 read(0, "1 16:21:12 (621) [0x1700](-2, -1"..., 16384) = 16384 <0.000009>
08:12:46.316771 write(1, "", 0)         = 0 <0.000016>
08:12:46.316818 read(0, "check...\r\n2012-03-31 16:24:52 (6"..., 16384) = 16384 <0.000010>
08:12:46.317137 write(1, "", 0)         = 0 <0.000005>
08:12:46.317160 read(0, "\263\314\277\252\312\274\265\332 3613 \264\316\274\354\262\351......\r\n2012"..., 16384) = 16384 <0.000009>
08:12:46.317549 write(1, "", 0)         = 0 <0.000005>
08:12:46.317572 read(0, "2, -1)important : \327\324\266\257\274\354\262\351\317\337\263\314\275\341"..., 16384) = 16384 <0.000010>
08:12:46.317900 write(1, "", 0)         = 0 <0.000005>
08:12:46.317923 read(0, "47 (781) [0x1700](-2, -1)importa"..., 16384) = 16384 <0.000009>
08:12:46.318325 write(1, "", 0)         = 0 <0.000016>
08:12:46.318371 read(0, "\n2012-03-31 16:39:27 (822) [0x17"..., 16384) = 16384 <0.000009>
08:12:46.318694 write(1, "", 0)         = 0 <0.000006>
08:12:46.318716 read(0, "\337\263\314\275\341\312\370\265\332 3787 \264\316\274\354\262\351\241\243\r\n2012-03"..., 16384) = 16384 <0.000009>
08:12:46.319147 write(1, "\377i{\203$\307\225f=v+\32jX \t\200\324\376W\361V\363\232\221\315J\205n\34\4\335"..., 16384) = 16384 <0.000035>
08:12:46.319502 write(1, "\325\262Q\3660,[\251V\220\362\224\334\355\6\2713{\263R-\233d\307\6\232=\4\2339\374\236"..., 12686) = 12686 <0.000047>
08:12:46.319571 read(0, "portant : \327\324\266\257\274\354\262\351\317\337\263\314\275\341\312\370\265\367\323\303re"..., 16384) = 16384 <0.000011>
08:12:46.319890 write(1, "", 0)         = 0 <0.000006>
08:12:46.319912 read(0, "[0x1700](-2, -1)important : \327\324\266\257"..., 16384) = 16384 <0.000009>
08:12:46.320265 write(1, "", 0)         = 0 <0.000005>
08:12:46.320288 read(0, "\304auto_check...\r\n2012-03-31 16:54"..., 16384) = 16384 <0.000036>
08:12:46.320632 write(1, "", 0)         = 0 <0.000005>
08:12:46.320654 read(0, "ortant : \327\324\266\257\274\354\262\351\317\337\263\314\275\341\312\370\265\367\323\303res"..., 16384) = 16384 <0.000027>
08:12:46.321064 write(1, "", 0)         = 0 <0.000005>
08:12:46.321087 read(0, "](-2, -1)important : \327\324\266\257\274\354\262\351\317\337\263"..., 16384) = 16384 <0.000025>
08:12:46.321422 write(1, "", 0)         = 0 <0.000005>
08:12:46.321444 read(0, "5:03 (174) [0x1700](-2, -1)impor"..., 16384) = 16384 <0.000026>
08:12:46.321843 write(1, "", 0)         = 0 <0.000005>
08:12:46.321866 read(0, "\316\274\354\262\351\241\243\r\n2012-03-31 17:08:43 (22"..., 16384) = 16384 <0.000025>
08:12:46.322207 write(1, "", 0)         = 0 <0.000005>
08:12:46.322229 read(0, "\262\351\317\337\263\314\275\341\312\370\265\367\323\303res_mgr\265\304auto_chec"..., 16384) = 16384 <0.000024>
08:12:46.322625 write(1, "", 0)         = 0 <0.000016>
08:12:46.322671 read(0, "important : \327\324\266\257\274\354\262\351\317\337\263\314\277\252\312\274\265\367\323\303"..., 16384) = 16384 <0.000010>
08:12:46.322996 write(1, "", 0)         = 0 <0.000015>
08:12:46.323032 read(0, "8 (385) [0x1700](-2, -1)importan"..., 16384) = 16384 <0.000009>
08:12:46.323401 write(1, "", 0)         = 0 <0.000005>
08:12:46.323424 read(0, "_check\241\243\r\n2012-03-31 17:23:13 (4"..., 16384) = 16384 <0.000009>
08:12:46.323735 write(1, "", 0)         = 0 <0.000005>
08:12:46.323758 read(0, "\274\265\367\323\303res_mgr\265\304auto_check...\r\n201"..., 16384) = 16384 <0.000010>
08:12:46.324163 write(1, "", 0)         = 0 <0.000005>
08:12:46.324188 read(0, "ortant : \327\324\266\257\274\354\262\351\317\337\263\314\277\252\312\274\265\332 4357"..., 16384) = 16384 <0.000019>
08:12:46.324525 write(1, "", 0)         = 0 <0.000005>
08:12:46.324549 read(0, "08 (612) [0x1700](-2, -1)importa"..., 16384) = 16384 <0.000011>
08:12:46.324950 write(1, "", 0)         = 0 <0.000016>
08:12:46.324997 read(0, "\r\n2012-03-31 17:37:48 (667) [0x1"..., 16384) = 16384 <0.000010>
08:12:46.325319 write(1, "", 0)         = 0 <0.000016>
08:12:46.325365 read(0, " 4488 \264\316\274\354\262\351......\r\n2012-03-31 1"..., 16384) = 16384 <0.000009>
08:12:46.325770 write(1, "", 0)         = 0 <0.000016>
08:12:46.325817 read(0, "portant : \327\324\266\257\274\354\262\351\317\337\263\314\275\341\312\370\265\332 453"..., 16384) = 16384 <0.000009>
08:12:46.326143 write(1, "", 0)         = 0 <0.000005>
08:12:46.326167 read(0, " [0x1700](-2, -1)important : \327\324\266"..., 16384) = 16384 <0.000010>
08:12:46.326566 write(1, "", 0)         = 0 <0.000016>
08:12:46.326613 read(0, "-31 17:52:23 (892) [0x1700](-2, "..., 16384) = 16384 <0.000008>
08:12:46.326903 write(1, "", 0)         = 0 <0.000005>
08:12:46.326928 read(0, "\332 4662 \264\316\274\354\262\351\241\243\r\n2012-03-31 17:5"..., 16384) = 16384 <0.000010>
08:12:46.327354 write(1, "", 0)         = 0 <0.000017>
08:12:46.327402 read(0, ": \327\324\266\257\274\354\262\351\317\337\263\314\275\341\312\370\265\367\323\303res_mgr\265\304a"..., 16384) = 16384 <0.000010>
08:12:46.327738 write(1, "", 0)         = 0 <0.000006>
08:12:46.327762 read(0, "\317\337\263\314\277\252\312\274\265\367\323\303res_mgr\265\304auto_check."..., 16384) = 16384 <0.000009>
08:12:46.328127 write(1, "", 0)         = 0 <0.000016>
08:12:46.328174 read(0, " \327\324\266\257\274\354\262\351\317\337\263\314\275\341\312\370\265\367\323\303res_mgr\265\304au"..., 16384) = 16384 <0.000008>
08:12:46.328497 write(1, "", 0)         = 0 <0.000016>
08:12:46.328543 read(0, ":39 (71) [0x1700](-2, -1)importa"..., 16384) = 16384 <0.000011>
08:12:46.328941 write(1, "", 0)         = 0 <0.000016>
08:12:46.328989 read(0, "18:14:19 (113) [0x1700](-2, -1)i"..., 16384) = 16384 <0.000009>
08:12:46.329353 write(1, "", 0)         = 0 <0.000005>
08:12:46.329389 read(0, "1)important : \327\324\266\257\274\354\262\351\317\337\263\314\277\252\312\274\265\332"..., 16384) = 16384 <0.000067>
08:12:46.329859 write(1, "", 0)         = 0 <0.000016>
08:12:46.329906 read(0, "-2, -1)important : \327\324\266\257\274\354\262\351\317\337\263\314\277"..., 16384) = 16384 <0.000026>
08:12:46.330252 write(1, "", 0)         = 0 <0.000006>
08:12:46.330276 read(0, "_check...\r\n2012-04-01 09:58:59 ("..., 16384) = 16384 <0.000024>
08:12:46.330942 write(1, "\377\177\332\336\266\327\326\354*\323\373\234H\371\17\373\243-\271\334\353y\237OI\226\342\362K\202\324 "..., 16384) = 16384 <0.000046>
08:12:46.331116 write(1, "T\312V\264[B\267\303\2358\240\322\343s\217\307I\16w.S\320R)[\322\256&\310\332-\200"..., 13136) = 13136 <0.000036>
08:12:46.331196 read(0, "\354\262\351\317\337\263\314\277\252\312\274\265\367\323\303res_mgr\265\304auto_che"..., 16384) = 16384 <0.000046>
08:12:46.331600 write(1, "", 0)         = 0 <0.000006>
08:12:46.331624 read(0, "_check...\r\n2012-04-01 22:02:32 ("..., 16384) = 16384 <0.000023>
08:12:46.332044 write(1, "", 0)         = 0 <0.000016>
08:12:46.332090 read(0, "nt : \327\324\266\257\274\354\262\351\317\337\263\314\275\341\312\370\265\367\323\303res_mgr"..., 16384) = 16384 <0.000009>
08:12:46.332404 write(1, "", 0)         = 0 <0.000005>
08:12:46.332428 read(0, "\277\252\312\274\265\332 104 \264\316\274\354\262\351......\r\n2012-04"..., 16384) = 16384 <0.000009>
08:12:46.332838 write(1, "", 0)         = 0 <0.000006>
08:12:46.332862 read(0, ": \327\324\266\257\274\354\262\351\317\337\263\314\275\341\312\370\265\332 146 \264\316\274\354\262\351\241"..., 16384) = 16384 <0.000009>
08:12:46.333221 write(1, "", 0)         = 0 <0.000010>
08:12:46.333277 read(0, "ant : \327\324\266\257\274\354\262\351\317\337\263\314\275\341\312\370\265\367\323\303res_mg"..., 16384) = 16384 <0.000028>
08:12:46.333704 write(1, "", 0)         = 0 <0.000016>
08:12:46.333752 read(0, "(872) [0x1948](-2, -1)important "..., 16384) = 16384 <0.000009>
08:12:46.334107 write(1, "", 0)         = 0 <0.000016>
08:12:46.334144 read(0, "4:12 (923) [0x1948](-2, -1)impor"..., 16384) = 16384 <0.000019>
08:12:46.334605 write(1, "", 0)         = 0 <0.000017>
08:12:46.334652 read(0, "2-04-01 22:27:47 (969) [0x1948]("..., 16384) = 16384 <0.000011>
08:12:46.334962 write(1, "", 0)         = 0 <0.000016>
08:12:46.335009 read(0, "\r\n2012-04-01 22:31:23 (16) [0x19"..., 16384) = 16384 <0.000009>
08:12:46.335392 write(1, "", 0)         = 0 <0.000016>
08:12:46.335440 read(0, "\257\274\354\262\351\317\337\263\314\277\252\312\274\265\367\323\303res_mgr\265\304auto_c"..., 16384) = 16384 <0.000009>
08:12:46.335767 write(1, "", 0)         = 0 <0.000016>
08:12:46.335813 read(0, "](-2, -1)important : \327\324\266\257\274\354\262\351\317\337\263"..., 16384) = 16384 <0.000009>
08:12:46.336255 write(1, "", 0)         = 0 <0.000017>
08:12:46.336303 read(0, "\351\317\337\263\314\275\341\312\370\265\332 492 \264\316\274\354\262\351\241\243\r\n2012-0"..., 16384) = 16384 <0.000020>
08:12:46.336680 write(1, "", 0)         = 0 <0.000016>
08:12:46.336746 read(0, "](-2, -1)important : \327\324\266\257\274\354\262\351\317\337\263"..., 16384) = 16384 <0.000010>
08:12:46.337178 write(1, "", 0)         = 0 <0.000016>
08:12:46.337226 read(0, "0x1948](-2, -1)important : \327\324\266\257\274"..., 16384) = 16384 <0.000009>
08:12:46.337559 write(1, "", 0)         = 0 <0.000016>
08:12:46.337606 read(0, "74) [0x1948](-2, -1)important : "..., 16384) = 16384 <0.000008>
08:12:46.338015 write(1, "", 0)         = 0 <0.000016>
08:12:46.338062 read(0, " 22:56:38 (314) [0x1948](-2, -1)"..., 16384) = 16384 <0.000008>
08:12:46.338399 write(1, "", 0)         = 0 <0.000016>
08:12:46.338446 read(0, "\370\265\332 708 \264\316\274\354\262\351\241\243\r\n2012-04-01 23:"..., 16384) = 16384 <0.000008>
08:12:46.338882 write(1, "", 0)         = 0 <0.000016>
08:12:46.338929 read(0, "\337\263\314\275\341\312\370\265\367\323\303res_mgr\265\304auto_check\241\243"..., 16384) = 16384 <0.000037>
08:12:46.339333 write(1, "", 0)         = 0 <0.000016>
08:12:46.339381 read(0, "\274\354\262\351\317\337\263\314\277\252\312\274\265\367\323\303res_mgr\265\304auto_ch"..., 16384) = 16384 <0.000035>
08:12:46.339859 write(1, "", 0)         = 0 <0.000006>
08:12:46.339886 read(0, "948](-2, -1)important : \327\324\266\257\274\354\262\351"..., 16384) = 16384 <0.000024>
08:12:46.340269 write(1, "", 0)         = 0 <0.000016>
08:12:46.340316 read(0, "8 (562) [0x1948](-2, -1)importan"..., 16384) = 16384 <0.000010>
08:12:46.340745 write(1, "", 0)         = 0 <0.000016>
08:12:46.340792 read(0, "2, -1)important : \265\310\264\375\274\354\262\351\317\337\263\314\275\341"..., 16384) = 16384 <0.000009>
08:12:46.341162 write(1, "", 0)         = 0 <0.000016>
08:12:46.341209 read(0, " 19:06:18 (704) [0x908](-2, -1)i"..., 16384) = 16384 <0.000009>
08:12:46.341575 write(1, "", 0)         = 0 <0.000016>
08:12:46.341622 read(0, "\330\270\264\301\254\275\323...\r\n2012-04-17 19:06:30 "..., 16384) = 16384 <0.000019>
08:12:46.341899 write(1, "", 0)         = 0 <0.000016>
08:12:46.341946 read(0, "\266\317\277\252\314\327\275\323\327\326 2760 \301\254\275\323...\r\n2012-04"..., 16384) = 16384 <0.000009>
08:12:46.342467 write(1, "?{o\373+\327y\236\367~n\201\376\17s\276Q\20063\353}-\1\2*RRk \3621"..., 16384) = 16384 <0.000045>
08:12:46.342806 write(1, "^\330\0m\307\304\312t\1\301\216\322\335F\312\241\21\351p\2*\235\v\320vl,\272\226\243t\267"..., 12912) = 12912 <0.000036>
08:12:46.342888 read(0, "46 \264\316\274\354\262\351......\r\n2012-04-17 19:1"..., 16384) = 16384 <0.000011>
08:12:46.343234 write(1, "", 0)         = 0 <0.000016>
08:12:46.343281 read(0, "\241\243\r\n2012-04-17 19:13:44 (399) [0"..., 16384) = 16384 <0.000009>
08:12:46.343676 write(1, "", 0)         = 0 <0.000017>
08:12:46.343724 read(0, ":17:19 (547) [0x124c](-2, -1)imp"..., 16384) = 16384 <0.000009>
08:12:46.344106 write(1, "", 0)         = 0 <0.000017>
08:12:46.344153 read(0, "706) [0x16a4](-2, -1)important :"..., 16384) = 16384 <0.000009>
08:12:46.344571 write(1, "", 0)         = 0 <0.000017>
08:12:46.344619 read(0, "\257\274\354\262\351\317\337\263\314\277\252\312\274\265\332 40 \264\316\274\354\262\351......\r"..., 16384) = 16384 <0.000009>
08:12:46.344974 write(1, "", 0)         = 0 <0.000019>
08:12:46.345034 read(0, "\257\274\354\262\351\317\337\263\314\275\341\312\370\265\367\323\303res_mgr\265\304auto_c"..., 16384) = 16384 <0.000021>
08:12:46.345474 write(1, "", 0)         = 0 <0.000016>
08:12:46.345521 read(0, "\263\314\275\341\312\370\265\367\323\303res_mgr\265\304auto_check\241\243\r"..., 16384) = 16384 <0.000019>
08:12:46.345903 write(1, "", 0)         = 0 <0.000016>
08:12:46.345967 read(0, "2, -1)important : \327\324\266\257\274\354\262\351\317\337\263\314\275\341"..., 16384) = 16384 <0.000009>
08:12:46.346408 write(1, "", 0)         = 0 <0.000016>
08:12:46.346456 read(0, "01 10:13:03 (845) [0x121c](-2, -"..., 16384) = 16384 <0.000009>
08:12:46.346784 write(1, "", 0)         = 0 <0.000017>
08:12:46.346831 read(0, "mgr\265\304auto_check...\r\n2012-05-01 1"..., 16384) = 16384 <0.000009>
08:12:46.347250 write(1, "", 0)         = 0 <0.000017>
08:12:46.347297 read(0, "t : \327\324\266\257\274\354\262\351\317\337\263\314\277\252\312\274\265\367\323\303res_mgr\265"..., 16384) = 16384 <0.000009>
08:12:46.347610 write(1, "", 0)         = 0 <0.000016>
08:12:46.347658 read(0, "\314\275\341\312\370\265\367\323\303res_mgr\265\304auto_check\241\243\r\n"..., 16384) = 16384 <0.000008>
08:12:46.348069 write(1, "", 0)         = 0 <0.000007>
08:12:46.348110 read(0, "1c](-2, -1)important : \327\324\266\257\274\354\262\351\317"..., 16384) = 16384 <0.000046>
08:12:46.348499 write(1, "", 0)         = 0 <0.000016>
08:12:46.348546 read(0, "ant : \327\324\266\257\274\354\262\351\317\337\263\314\277\252\312\274\265\332 435 \264\316\274"..., 16384) = 16384 <0.000035>
08:12:46.349040 write(1, "", 0)         = 0 <0.000017>
08:12:46.349097 read(0, "(198) [0x121c](-2, -1)important "..., 16384) = 16384 <0.000067>
08:12:46.349506 write(1, "", 0)         = 0 <0.000016>
08:12:46.349552 read(0, "\274\354\262\351\241\243\r\n2012-05-01 10:38:49 (255"..., 16384) = 16384 <0.000026>
08:12:46.350009 write(1, "", 0)         = 0 <0.000017>
08:12:46.350057 read(0, " : \327\324\266\257\274\354\262\351\317\337\263\314\275\341\312\370\265\332 566 \264\316\274\354\262\351"..., 16384) = 16384 <0.000025>
08:12:46.350459 write(1, "", 0)         = 0 <0.000017>
08:12:46.350505 read(0, "mportant : \323\303\273\247\312\375\276\335\277\342\316\304\274\376\264\346\324\332\243\254C"..., 16384) = 16384 <0.000009>
08:12:46.350938 write(1, "", 0)         = 0 <0.000016>
08:12:46.350986 read(0, "...\r\n2012-05-17 09:59:48 (582) ["..., 16384) = 16384 <0.000009>
08:12:46.351329 write(1, "", 0)         = 0 <0.000016>
08:12:46.351376 read(0, "ant : \327\324\266\257\274\354\262\351\317\337\263\314\277\252\312\274\265\332 71 \264\316\274\354"..., 16384) = 16384 <0.000009>
08:12:46.351818 write(1, "", 0)         = 0 <0.000016>
08:12:46.351865 read(0, "(673) [0x2ec](-2, -1)important :"..., 16384) = 16384 <0.000009>
08:12:46.352203 write(1, "", 0)         = 0 <0.000016>
08:12:46.352240 read(0, "\323\303res_mgr\265\304auto_check\241\243\r\n2012-05"..., 16384) = 16384 <0.000019>
08:12:46.352729 write(1, "", 0)         = 0 <0.000016>
08:12:46.352777 read(0, " -1)important : \327\324\266\257\274\354\262\351\317\337\263\314\277\252\312\274"..., 16384) = 16384 <0.000009>
08:12:46.353124 write(1, "", 0)         = 0 <0.000017>
08:12:46.353172 read(0, "\r\n2012-05-17 10:16:58 (842) [0x2"..., 16384) = 16384 <0.000009>
08:12:46.353593 write(1, "", 0)         = 0 <0.000016>
08:12:46.353641 read(0, " : \327\324\266\257\274\354\262\351\317\337\263\314\275\341\312\370\265\332 283 \264\316\274\354\262\351"..., 16384) = 16384 <0.000009>
08:12:46.354395 write(1, "\377\377\314\275\375\217$\347u\236\375s\f\370\177\350\37\227\0\207\352\372\352\256Z@@v\227\313D\200"..., 16384) = 16384 <0.000034>
08:12:46.354467 write(1, "sB\340\234\316\5h;6V\256%>\2477K\267\221rhH\272$\204\355\323\331\0m\307\300\256"..., 12566) = 12566 <0.000028>
08:12:46.354521 read(0, ": {43C8BD5B-B292-4FBE-A686-F1196"..., 16384) = 16384 <0.000010>
08:12:46.354978 write(1, "", 0)         = 0 <0.000006>
08:12:46.355006 read(0, "\324\266\257\274\354\262\351\317\337\263\314\275\341\312\370\265\332 28 \264\316\274\354\262\351\241\243\r\n2"..., 16384) = 16384 <0.000009>
08:12:46.355346 write(1, "", 0)         = 0 <0.000006>
08:12:46.355377 read(0, " : \327\324\266\257\274\354\262\351\317\337\263\314\277\252\312\274\265\367\323\303res_mgr\265\304"..., 16384) = 16384 <0.000008>
08:12:46.355802 write(1, "", 0)         = 0 <0.000006>
08:12:46.355827 read(0, "\277\252\312\274\265\367\323\303res_mgr\265\304auto_check...\r\n"..., 16384) = 16384 <0.000009>
08:12:46.356178 write(1, "", 0)         = 0 <0.000006>
08:12:46.356205 read(0, "\263\314\275\341\312\370\265\367\323\303res_mgr\265\304auto_check\241\243\r"..., 16384) = 16384 <0.000008>
08:12:46.356652 write(1, "", 0)         = 0 <0.000005>
08:12:46.356677 read(0, "2, -1)important : \327\324\266\257\274\354\262\351\317\337\263\314\275\341"..., 16384) = 102 <0.000006>
08:12:46.356707 read(0, "", 16282)      = 0 <0.000005>
08:12:46.356859 write(1, "\377\325v\256=r\34\327\31\376\234\0\371\17\363q\tp\211\351\356\351\352\31\2\2\302\233\2\3\221a"..., 6464) = 6464 <0.000024>
08:12:46.356925 brk(0x2276000)          = 0x2276000 <0.000011>
08:12:46.356961 brk(0x2266000)          = 0x2266000 <0.000012>
08:12:46.356993 brk(0x2256000)          = 0x2256000 <0.000011>
08:12:46.357024 brk(0x2255000)          = 0x2255000 <0.000006>
08:12:46.357059 exit_group(0)           = ?
