15:20:47.342617 execve("./zlib.x", ["./zlib.x"], [/* 34 vars */]) = 0
15:20:47.342935 brk(0)                  = 0xcac000
15:20:47.343035 mmap(NULL, 4096, PROT_READ|PROT_WRITE, MAP_PRIVATE|MAP_ANONYMOUS, -1, 0) = 0x7f26eeb32000
15:20:47.343162 access("/etc/ld.so.preload", R_OK) = -1 ENOENT (No such file or directory)
15:20:47.343236 open("/etc/ld.so.cache", O_RDONLY) = 3
15:20:47.343274 fstat(3, {st_mode=S_IFREG|0644, st_size=88623, ...}) = 0
15:20:47.343316 mmap(NULL, 88623, PROT_READ, MAP_PRIVATE, 3, 0) = 0x7f26eeb1c000
15:20:47.343336 close(3)                = 0
15:20:47.343360 open("/lib64/libz.so.1", O_RDONLY) = 3
15:20:47.343383 read(3, "\177ELF\2\1\1\0\0\0\0\0\0\0\0\0\3\0>\0\1\0\0\0000\37@\3126\0\0\0"..., 832) = 832
15:20:47.343409 fstat(3, {st_mode=S_IFREG|0755, st_size=90952, ...}) = 0
15:20:47.343436 mmap(0x36ca400000, 2183696, PROT_READ|PROT_EXEC, MAP_PRIVATE|MAP_DENYWRITE, 3, 0) = 0x36ca400000
15:20:47.343455 mprotect(0x36ca415000, 2093056, PROT_NONE) = 0
15:20:47.343476 mmap(0x36ca614000, 8192, PROT_READ|PROT_WRITE, MAP_PRIVATE|MAP_FIXED|MAP_DENYWRITE, 3, 0x14000) = 0x36ca614000
15:20:47.343511 close(3)                = 0
15:20:47.343540 open("/lib64/libc.so.6", O_RDONLY) = 3
15:20:47.343567 read(3, "\177ELF\2\1\1\3\0\0\0\0\0\0\0\0\3\0>\0\1\0\0\0\360\355\201\3116\0\0\0"..., 832) = 832
15:20:47.343603 fstat(3, {st_mode=S_IFREG|0755, st_size=1922112, ...}) = 0
15:20:47.343630 mmap(0x36c9800000, 3745960, PROT_READ|PROT_EXEC, MAP_PRIVATE|MAP_DENYWRITE, 3, 0) = 0x36c9800000
15:20:47.343649 mprotect(0x36c9989000, 2097152, PROT_NONE) = 0
15:20:47.343668 mmap(0x36c9b89000, 20480, PROT_READ|PROT_WRITE, MAP_PRIVATE|MAP_FIXED|MAP_DENYWRITE, 3, 0x189000) = 0x36c9b89000
15:20:47.343702 mmap(0x36c9b8e000, 18600, PROT_READ|PROT_WRITE, MAP_PRIVATE|MAP_FIXED|MAP_ANONYMOUS, -1, 0) = 0x36c9b8e000
15:20:47.343746 close(3)                = 0
15:20:47.343788 mmap(NULL, 4096, PROT_READ|PROT_WRITE, MAP_PRIVATE|MAP_ANONYMOUS, -1, 0) = 0x7f26eeb1b000
15:20:47.343825 mmap(NULL, 4096, PROT_READ|PROT_WRITE, MAP_PRIVATE|MAP_ANONYMOUS, -1, 0) = 0x7f26eeb1a000
15:20:47.343846 mmap(NULL, 4096, PROT_READ|PROT_WRITE, MAP_PRIVATE|MAP_ANONYMOUS, -1, 0) = 0x7f26eeb19000
15:20:47.343865 arch_prctl(ARCH_SET_FS, 0x7f26eeb1a700) = 0
15:20:47.343934 mprotect(0x36c9b89000, 16384, PROT_READ) = 0
15:20:47.343969 mprotect(0x36ca614000, 4096, PROT_READ) = 0
15:20:47.343997 mprotect(0x36c921f000, 4096, PROT_READ) = 0
15:20:47.344020 munmap(0x7f26eeb1c000, 88623) = 0
15:20:47.344104 brk(0)                  = 0xcac000
15:20:47.344126 brk(0xcce000)           = 0xcce000
15:20:47.344173 brk(0xcfe000)           = 0xcfe000
15:20:47.344245 fstat(0, {st_mode=S_IFIFO|0600, st_size=0, ...}) = 0
15:20:47.344279 mmap(NULL, 4096, PROT_READ|PROT_WRITE, MAP_PRIVATE|MAP_ANONYMOUS, -1, 0) = 0x7f26eeb31000
15:20:47.344310 read(0, "2012-03-03 16:12:18 (260) [0x27c"..., 524288) = 98304
15:20:47.344464 read(0, "ortant : FC(122.225.11.130:8080)"..., 425984) = 98304
15:20:47.344614 read(0, ")important : \327\312\324\264 67337 \265\304block "..., 327680) = 98304
15:20:47.344746 read(0, "hunk, \272\366\302\324\243\254\320\264\275\341\271\373 : ignore\243\256\r\n2"..., 229376) = 98304
15:20:47.344829 read(0, "c](-2, -1)error : NAT\316\264\326\252\243\254\267\305\306\372\264"..., 131072) = 98304
15:20:47.344924 read(0, "\320\355\243\254\304\277\265\304 : \317\302\324\330, \267\275\317\362 : \325\375\317\362, \324\255"..., 32768) = 32768
15:20:47.353689 fstat(1, {st_mode=S_IFREG|0664, st_size=0, ...}) = 0
15:20:47.353752 mmap(NULL, 4096, PROT_READ|PROT_WRITE, MAP_PRIVATE|MAP_ANONYMOUS, -1, 0) = 0x7f26eeb30000
15:20:47.353783 write(1, "x\234\324\275}\257^\327u'\366w\7\230\357\360\364\257^\1\"\347\354\327\263\217\0\241\265,\2735"..., 28672) = 28672
15:20:47.353870 read(0, "important : \263\242\312\324\306\364\266\257\261\276\265\330pp\267\376\316\361\306\367"..., 524288) = 98304
15:20:47.354002 read(0, "\316\274\354\262\351......\r\n2012-03-26 08:55:33"..., 425984) = 98304
15:20:47.354139 read(0, "fc](-2, -1)important : \327\324\266\257\274\354\262\351\317"..., 327680) = 98304
15:20:47.354236 read(0, "09:54:57 (148) [0xa94](-2, -1)im"..., 229376) = 98304
15:20:47.354339 read(0, " \264\316\274\354\262\351......\r\n2012-03-29 10:17:"..., 131072) = 98304
15:20:47.354435 read(0, "-1)important : \327\324\266\257\274\354\262\351\317\337\263\314\275\341\312\370\265"..., 32768) = 32768
15:20:47.363208 write(1, "\275y\204}\272\212yN\260\211\6\357\31)\360\303\241\223\356\342\211A\3r\251B\3532>K\\k"..., 4096) = 4096
15:20:47.363369 write(1, "\315L\200\233\367\355JLk\3032]\217v\362\221\267\2226\252)\277U\324W\304\235|\5\355\234\336"..., 28672) = 28672
15:20:47.363611 read(0, "\337\263\314\277\252\312\274\265\367\323\303res_mgr\265\304auto_check.."..., 524288) = 98304
15:20:47.363805 read(0, "important : \327\324\266\257\274\354\262\351\317\337\263\314\275\341\312\370\265\367\323\303"..., 425984) = 98304
15:20:47.363978 read(0, "94](-2, -1)important : \327\324\266\257\274\354\262\351\317"..., 327680) = 229376
15:20:47.364361 read(0, "1700](-2, -1)important : \327\324\266\257\274\354\262"..., 98304) = 98304
15:20:47.374118 write(1, "\5\235\356\372\352\355\253\327\1\27\370\302[r\360\25\356y\347\315\17\266`\367\356\237\260V\323Q\363\34"..., 4096) = 4096
15:20:47.374330 write(1, "\252\n\243\341\235\226\220\271\227}~\200uK\332\342\27\267\254\302|\361\253\346j\r\357\264\304\314\206\230"..., 24576) = 24576
15:20:47.374554 read(0, "-1)important : \327\324\266\257\274\354\262\351\317\337\263\314\275\341\312\370\265"..., 524288) = 98304
15:20:47.374736 read(0, "\324\266\257\274\354\262\351\317\337\263\314\277\252\312\274\265\367\323\303res_mgr\265\304auto"..., 425984) = 131072
15:20:47.374972 read(0, "00](-2, -1)important : \327\324\266\257\274\354\262\351\317"..., 294912) = 98304
15:20:47.375094 read(0, ".....\r\n2012-03-31 11:56:50 (814)"..., 196608) = 98304
15:20:47.375225 read(0, "\274\265\367\323\303res_mgr\265\304auto_check...\r\n201"..., 98304) = 98304
15:20:47.384771 write(1, "\24\216O\256\217\264}Jh\244\334\2\352\206D\211?\271\t\260\255\357\21\350QN\303&\355SD\177"..., 4096) = 4096
15:20:47.384971 write(1, "\334\270X\333#\0\354\256<h\237\"\232(\247\1Ty\342\v\205\177,\264\317.\355\21\316\302\203\270"..., 24576) = 24576
15:20:47.385186 read(0, "7) [0x1700](-2, -1)important : \327"..., 524288) = 229376
15:20:47.385492 read(0, "_check...\r\n2012-03-31 14:57:21 ("..., 294912) = 98304
15:20:47.385648 read(0, "mportant : \327\324\266\257\274\354\262\351\317\337\263\314\275\341\312\370\265\367\323\303r"..., 196608) = 98304
15:20:47.385794 read(0, "ant : \327\324\266\257\274\354\262\351\317\337\263\314\275\341\312\370\265\332 3044 \264\316"..., 98304) = 98304
15:20:47.395494 write(1, "\333\5\202\335\244\227\33\251\214&\322q\2\225\236\2\2249\375z#]\260v\226\302j\267+7R\31"..., 4096) = 4096
15:20:47.395589 write(1, "\347\372i/[\252c#\355\243\247\335\5\4=\tw\355K\207\231\277\234\364\302-Z\252e?\257]"..., 24576) = 24576
15:20:47.395725 read(0, "(-2, -1)important : \327\324\266\257\274\354\262\351\317\337\263\314"..., 524288) = 98304
15:20:47.395843 read(0, "check...\r\n2012-03-31 16:24:52 (6"..., 425984) = 98304
15:20:47.396006 read(0, "portant : \327\324\266\257\274\354\262\351\317\337\263\314\275\341\312\370\265\367\323\303re"..., 327680) = 98304
15:20:47.396141 read(0, "\316\274\354\262\351\241\243\r\n2012-03-31 17:08:43 (22"..., 229376) = 98304
15:20:47.396238 read(0, "ortant : \327\324\266\257\274\354\262\351\317\337\263\314\277\252\312\274\265\332 4357"..., 131072) = 98304
15:20:47.396336 read(0, "-31 17:52:23 (892) [0x1700](-2, "..., 32768) = 32768
15:20:47.405706 write(1, "\264T\313&\332{\302\260\345\200\r\10zr\356\n\271\273\366\242\245Z6\322N\23\260v\25\20\364\244"..., 4096) = 4096
15:20:47.405813 write(1, "\2730\260\354V\220\362\324\334\367\343|\231?\352\35\315J\265l\224\235\32p\366\20\230\303\357q\261R"..., 28672) = 28672
15:20:47.405967 read(0, ": \327\324\266\257\274\354\262\351\317\337\263\314\275\341\312\370\265\367\323\303res_mgr\265\304a"..., 524288) = 98304
15:20:47.406071 read(0, "-2, -1)important : \327\324\266\257\274\354\262\351\317\337\263\314\277"..., 425984) = 98304
15:20:47.406193 read(0, ": \327\324\266\257\274\354\262\351\317\337\263\314\275\341\312\370\265\332 146 \264\316\274\354\262\351\241"..., 327680) = 98304
15:20:47.406319 read(0, "\257\274\354\262\351\317\337\263\314\277\252\312\274\265\367\323\303res_mgr\265\304auto_c"..., 229376) = 98304
15:20:47.406468 read(0, " 22:56:38 (314) [0x1948](-2, -1)"..., 131072) = 98304
15:20:47.406628 read(0, "2, -1)important : \265\310\264\375\274\354\262\351\317\337\263\314\275\341"..., 32768) = 32768
15:20:47.416069 write(1, "\354\324\200\263\207\300|\267?/Wj\34\35\10wfoW\252c\223\354\303\260\360\3\322\tR\236\232"..., 4096) = 4096
15:20:47.416175 write(1, "\366\t\321\222r1@VN\370\225\33\27{\354\21\230\362\240}B\264\242\\\rP\225#~\345\306\307"..., 24576) = 24576
15:20:47.416306 read(0, "\330\270\264\301\254\275\323...\r\n2012-04-17 19:06:30 "..., 524288) = 98304
15:20:47.416436 read(0, "\257\274\354\262\351\317\337\263\314\277\252\312\274\265\332 40 \264\316\274\354\262\351......\r"..., 425984) = 98304
15:20:47.416555 read(0, "t : \327\324\266\257\274\354\262\351\317\337\263\314\277\252\312\274\265\367\323\303res_mgr\265"..., 327680) = 98304
15:20:47.416682 read(0, " : \327\324\266\257\274\354\262\351\317\337\263\314\275\341\312\370\265\332 566 \264\316\274\354\262\351"..., 229376) = 98304
15:20:47.416829 read(0, " -1)important : \327\324\266\257\274\354\262\351\317\337\263\314\277\252\312\274"..., 131072) = 98304
15:20:47.416969 read(0, "\277\252\312\274\265\367\323\303res_mgr\265\304auto_check...\r\n"..., 32768) = 32768
15:20:47.426866 write(1, ",\234\214\254(\317\t\35\207r\26p%\307\247\36\17\22\34\224\334\303\322\311\310\222rK\350\266\241\245"..., 4096) = 4096
15:20:47.426941 write(1, "8\1U\316\5(96\25]\310A\271S>Y2\244<\365Y\36\3\360\362\271\356\267-#Uf"..., 53248) = 53248
15:20:47.427037 read(0, "2, -1)important : \327\324\266\257\274\354\262\351\317\337\263\314\275\341"..., 524288) = 102
15:20:47.427077 read(0, "", 520192)     = 0
15:20:47.427225 write(1, "6\26\16\1Qc!\311\327jlj\213QG\341N\323$\311\220\360\24\20v\236&\311\327jL\252"..., 4096) = 4096
15:20:47.427289 write(1, "#6\324F\373\200\4\247\353\236\7d\333P\223|aF\207:\f\32u\33\3059\t\206t;\337\241"..., 4096) = 4096
15:20:47.427370 brk(0xcee000)           = 0xcee000
15:20:47.427418 brk(0xcde000)           = 0xcde000
15:20:47.427448 brk(0xcce000)           = 0xcce000
15:20:47.427476 brk(0xccd000)           = 0xccd000
15:20:47.427503 write(1, "\v\220vt\254\3\261\275t\263\"\345\320\220t\2370\313\270e\344\2\244\35\5;\355\272\v\10\266\227"..., 370) = 370
15:20:47.427544 exit_group(0)           = ?
