08:11:16.846783 execve("./zlib.x.noprefetch", ["./zlib.x.noprefetch"], [/* 51 vars */]) = 0 <0.000189>
08:11:16.847185 brk(0)                  = 0x172b000 <0.000006>
08:11:16.847263 mmap(NULL, 4096, PROT_READ|PROT_WRITE, MAP_PRIVATE|MAP_ANONYMOUS, -1, 0) = 0x7fdd7b4e7000 <0.000008>
08:11:16.847303 access("/etc/ld.so.preload", R_OK) = -1 ENOENT (No such file or directory) <0.000007>
08:11:16.847346 open("/etc/ld.so.cache", O_RDONLY) = 3 <0.000007>
08:11:16.847377 fstat(3, {st_mode=S_IFREG|0644, st_size=88601, ...}) = 0 <0.000004>
08:11:16.847409 mmap(NULL, 88601, PROT_READ, MAP_PRIVATE, 3, 0) = 0x7fdd7b4d1000 <0.000005>
08:11:16.847431 close(3)                = 0 <0.000004>
08:11:16.847468 open("/lib64/libz.so.1", O_RDONLY) = 3 <0.000009>
08:11:16.847499 read(3, "\177ELF\2\1\1\0\0\0\0\0\0\0\0\0\3\0>\0\1\0\0\0000\37@\3126\0\0\0"..., 832) = 832 <0.000004>
08:11:16.847538 fstat(3, {st_mode=S_IFREG|0755, st_size=90952, ...}) = 0 <0.000005>
08:11:16.847566 mmap(0x36ca400000, 2183696, PROT_READ|PROT_EXEC, MAP_PRIVATE|MAP_DENYWRITE, 3, 0) = 0x36ca400000 <0.000006>
08:11:16.847588 mprotect(0x36ca415000, 2093056, PROT_NONE) = 0 <0.000006>
08:11:16.847611 mmap(0x36ca614000, 8192, PROT_READ|PROT_WRITE, MAP_PRIVATE|MAP_FIXED|MAP_DENYWRITE, 3, 0x14000) = 0x36ca614000 <0.000006>
08:11:16.847647 close(3)                = 0 <0.000005>
08:11:16.847679 open("/lib64/libc.so.6", O_RDONLY) = 3 <0.000007>
08:11:16.847713 read(3, "\177ELF\2\1\1\3\0\0\0\0\0\0\0\0\3\0>\0\1\0\0\0\360\355\201\3116\0\0\0"..., 832) = 832 <0.000005>
08:11:16.847738 fstat(3, {st_mode=S_IFREG|0755, st_size=1922112, ...}) = 0 <0.000004>
08:11:16.847767 mmap(0x36c9800000, 3745960, PROT_READ|PROT_EXEC, MAP_PRIVATE|MAP_DENYWRITE, 3, 0) = 0x36c9800000 <0.000005>
08:11:16.847789 mprotect(0x36c9989000, 2097152, PROT_NONE) = 0 <0.000006>
08:11:16.847810 mmap(0x36c9b89000, 20480, PROT_READ|PROT_WRITE, MAP_PRIVATE|MAP_FIXED|MAP_DENYWRITE, 3, 0x189000) = 0x36c9b89000 <0.000006>
08:11:16.847846 mmap(0x36c9b8e000, 18600, PROT_READ|PROT_WRITE, MAP_PRIVATE|MAP_FIXED|MAP_ANONYMOUS, -1, 0) = 0x36c9b8e000 <0.000017>
08:11:16.847893 close(3)                = 0 <0.000004>
08:11:16.847944 mmap(NULL, 4096, PROT_READ|PROT_WRITE, MAP_PRIVATE|MAP_ANONYMOUS, -1, 0) = 0x7fdd7b4d0000 <0.000007>
08:11:16.847985 mmap(NULL, 4096, PROT_READ|PROT_WRITE, MAP_PRIVATE|MAP_ANONYMOUS, -1, 0) = 0x7fdd7b4cf000 <0.000005>
08:11:16.848007 mmap(NULL, 4096, PROT_READ|PROT_WRITE, MAP_PRIVATE|MAP_ANONYMOUS, -1, 0) = 0x7fdd7b4ce000 <0.000004>
08:11:16.848029 arch_prctl(ARCH_SET_FS, 0x7fdd7b4cf700) = 0 <0.000004>
08:11:16.848100 mprotect(0x36c9b89000, 16384, PROT_READ) = 0 <0.000007>
08:11:16.848132 mprotect(0x36ca614000, 4096, PROT_READ) = 0 <0.000015>
08:11:16.848179 mprotect(0x36c921f000, 4096, PROT_READ) = 0 <0.000016>
08:11:16.848212 munmap(0x7fdd7b4d1000, 88601) = 0 <0.000008>
08:11:16.848302 brk(0)                  = 0x172b000 <0.000006>
08:11:16.848327 brk(0x174d000)          = 0x174d000 <0.000006>
08:11:16.848365 brk(0x177d000)          = 0x177d000 <0.000004>
08:11:16.848426 read(0, "2012-03-03 16:12:18 (260) [0x27c"..., 524288) = 98304 <0.000116>
08:11:16.848582 read(0, "ortant : FC(122.225.11.130:8080)"..., 425984) = 98304 <0.000095>
08:11:16.848718 read(0, ")important : \327\312\324\264 67337 \265\304block "..., 327680) = 98304 <0.000059>
08:11:16.848817 read(0, "hunk, \272\366\302\324\243\254\320\264\275\341\271\373 : ignore\243\256\r\n2"..., 229376) = 98304 <0.000062>
08:11:16.848906 read(0, "c](-2, -1)error : NAT\316\264\326\252\243\254\267\305\306\372\264"..., 131072) = 98304 <0.000078>
08:11:16.849020 read(0, "\320\355\243\254\304\277\265\304 : \317\302\324\330, \267\275\317\362 : \325\375\317\362, \324\255"..., 32768) = 32768 <0.000047>
08:11:16.857681 write(1, "x\234\324\275}\257^\327u'\366w\7\230\357\360\364\257^\1\"\347\354\327\263\217\0\241\265,\2735"..., 31112) = 31112 <0.000097>
08:11:16.857851 read(0, "important : \263\242\312\324\306\364\266\257\261\276\265\330pp\267\376\316\361\306\367"..., 524288) = 98304 <0.000048>
08:11:16.857941 read(0, "\316\274\354\262\351......\r\n2012-03-26 08:55:33"..., 425984) = 98304 <0.000039>
08:11:16.858057 read(0, "fc](-2, -1)important : \327\324\266\257\274\354\262\351\317"..., 327680) = 98304 <0.000030>
08:11:16.858118 read(0, "09:54:57 (148) [0xa94](-2, -1)im"..., 229376) = 98304 <0.000031>
08:11:16.858178 read(0, " \264\316\274\354\262\351......\r\n2012-03-29 10:17:"..., 131072) = 98304 <0.000034>
08:11:16.858238 read(0, "-1)important : \327\324\266\257\274\354\262\351\317\337\263\314\275\341\312\370\265"..., 32768) = 32768 <0.000011>
08:11:16.867091 write(1, "\376\177\356\336\265G\223\343:\23\374\274\3\314\177x\367[5\320\325\316\210\274E\20\313\365\260\233\344\214"..., 31642) = 31642 <0.000097>
08:11:16.867270 read(0, "\337\263\314\277\252\312\274\265\367\323\303res_mgr\265\304auto_check.."..., 524288) = 98304 <0.000075>
08:11:16.867394 read(0, "important : \327\324\266\257\274\354\262\351\317\337\263\314\275\341\312\370\265\367\323\303"..., 425984) = 98304 <0.000065>
08:11:16.867507 read(0, "94](-2, -1)important : \327\324\266\257\274\354\262\351\317"..., 327680) = 98304 <0.000083>
08:11:16.867645 read(0, " (800) [0xa94](-2, -1)important "..., 229376) = 98304 <0.000080>
08:11:16.867778 read(0, "to_check...\r\n2012-03-31 10:14:24"..., 131072) = 98304 <0.000053>
08:11:16.867874 read(0, "31 10:36:24 (875) [0x1700](-2, -"..., 32768) = 32768 <0.000037>
08:11:16.877749 write(1, "\377x{\273\226\353\332,=k\333\177Q\233-\4Ys\256\217k\256\206\336\10d\307\r%\250{\226"..., 29982) = 29982 <0.000119>
08:11:16.878005 read(0, "-1)important : \327\324\266\257\274\354\262\351\317\337\263\314\275\341\312\370\265"..., 524288) = 360448 <0.000553>
08:11:16.878638 read(0, " -1)important : \327\324\266\257\274\354\262\351\317\337\263\314\275\341\312\370"..., 163840) = 163840 <0.000271>
08:11:16.888417 write(1, "G\333\333\377Zr]gz?'@\376\207\373\243\4\2509\247>O\25\1\3!))102\f"..., 29356) = 29356 <0.000118>
08:11:16.888680 read(0, "7) [0x1700](-2, -1)important : \327"..., 524288) = 131072 <0.000163>
08:11:16.888945 read(0, "](-2, -1)important : \327\324\266\257\274\354\262\351\317\337\263"..., 393216) = 163840 <0.000134>
08:11:16.889157 read(0, "\r\n2012-03-31 15:11:56 (752) [0x1"..., 229376) = 229376 <0.000173>
08:11:16.899060 write(1, "\323\366n=\267d\327y\336u\376\305\276\244\0\202XUkU\255\265\10\30\210\21\337\344\"\201\341$"..., 29410) = 29410 <0.000116>
08:11:16.899304 read(0, "(-2, -1)important : \327\324\266\257\274\354\262\351\317\337\263\314"..., 524288) = 98304 <0.000142>
08:11:16.899549 read(0, "check...\r\n2012-03-31 16:24:52 (6"..., 425984) = 131072 <0.000137>
08:11:16.899745 read(0, "\304auto_check...\r\n2012-03-31 16:54"..., 294912) = 98304 <0.000082>
08:11:16.899896 read(0, "important : \327\324\266\257\274\354\262\351\317\337\263\314\277\252\312\274\265\367\323\303"..., 196608) = 98304 <0.000056>
08:11:16.900012 read(0, "\r\n2012-03-31 17:37:48 (667) [0x1"..., 98304) = 98304 <0.000084>
08:11:16.909630 write(1, "\377i{\203$\307\225f=v+\32jX \t\200\324\376W\361V\363\232\221\315J\205n\34\4\335"..., 29070) = 29070 <0.000092>
08:11:16.909792 read(0, ": \327\324\266\257\274\354\262\351\317\337\263\314\275\341\312\370\265\367\323\303res_mgr\265\304a"..., 524288) = 98304 <0.000073>
08:11:16.909912 read(0, "-2, -1)important : \327\324\266\257\274\354\262\351\317\337\263\314\277"..., 425984) = 98304 <0.000063>
08:11:16.910033 read(0, ": \327\324\266\257\274\354\262\351\317\337\263\314\275\341\312\370\265\332 146 \264\316\274\354\262\351\241"..., 327680) = 98304 <0.000083>
08:11:16.910172 read(0, "\257\274\354\262\351\317\337\263\314\277\252\312\274\265\367\323\303res_mgr\265\304auto_c"..., 229376) = 98304 <0.000092>
08:11:16.910311 read(0, " 22:56:38 (314) [0x1948](-2, -1)"..., 131072) = 98304 <0.000053>
08:11:16.910407 read(0, "2, -1)important : \265\310\264\375\274\354\262\351\317\337\263\314\275\341"..., 32768) = 32768 <0.000037>
08:11:16.919971 write(1, "\377\177\332\336\266\327\326\354*\323\373\234H\371\17\373\243-\271\334\353y\237OI\226\342\362K\202\324 "..., 29520) = 29520 <0.000112>
08:11:16.920204 read(0, "\330\270\264\301\254\275\323...\r\n2012-04-17 19:06:30 "..., 524288) = 262144 <0.000352>
08:11:16.920689 read(0, "(198) [0x121c](-2, -1)important "..., 262144) = 131072 <0.000150>
08:11:16.920896 read(0, " -1)important : \327\324\266\257\274\354\262\351\317\337\263\314\277\252\312\274"..., 131072) = 98304 <0.000094>
08:11:16.921034 read(0, "\277\252\312\274\265\367\323\303res_mgr\265\304auto_check...\r\n"..., 32768) = 32768 <0.000017>
08:11:16.931121 write(1, "?{o\373+\327y\236\367~n\201\376\17s\276Q\20063\353}-\1\2*RRk \3621"..., 58246) = 58246 <0.000119>
08:11:16.931309 read(0, "2, -1)important : \327\324\266\257\274\354\262\351\317\337\263\314\275\341"..., 524288) = 102 <0.000030>
08:11:16.931377 read(0, "", 524186)     = 0 <0.000007>
08:11:16.931559 write(1, "\377\325v\256=r\34\327\31\376\234\0\371\17\363q\tp\211\351\356\351\352\31\2\2\302\233\2\3\221a"..., 6464) = 6464 <0.000022>
08:11:16.931633 brk(0x176d000)          = 0x176d000 <0.000021>
08:11:16.931693 brk(0x175d000)          = 0x175d000 <0.000023>
08:11:16.931745 brk(0x174d000)          = 0x174d000 <0.000010>
08:11:16.931775 brk(0x174c000)          = 0x174c000 <0.000007>
08:11:16.931811 exit_group(0)           = ?
