16:28:26.879771 execve("./zlib.x.noprefetch", ["./zlib.x.noprefetch"], [/* 54 vars */]) = 0
16:28:26.880160 brk(0)                  = 0x1a62000
16:28:26.880236 mmap(NULL, 4096, PROT_READ|PROT_WRITE, MAP_PRIVATE|MAP_ANONYMOUS, -1, 0) = 0x7f82b0f0c000
16:28:26.880281 access("/etc/ld.so.preload", R_OK) = -1 ENOENT (No such file or directory)
16:28:26.880329 open("/etc/ld.so.cache", O_RDONLY) = 3
16:28:26.880362 fstat(3, {st_mode=S_IFREG|0644, st_size=88623, ...}) = 0
16:28:26.880398 mmap(NULL, 88623, PROT_READ, MAP_PRIVATE, 3, 0) = 0x7f82b0ef6000
16:28:26.880422 close(3)                = 0
16:28:26.880451 open("/lib64/libz.so.1", O_RDONLY) = 3
16:28:26.880478 read(3, "\177ELF\2\1\1\0\0\0\0\0\0\0\0\0\3\0>\0\1\0\0\0000\37@\3126\0\0\0"..., 832) = 832
16:28:26.880509 fstat(3, {st_mode=S_IFREG|0755, st_size=90952, ...}) = 0
16:28:26.880542 mmap(0x36ca400000, 2183696, PROT_READ|PROT_EXEC, MAP_PRIVATE|MAP_DENYWRITE, 3, 0) = 0x36ca400000
16:28:26.880566 mprotect(0x36ca415000, 2093056, PROT_NONE) = 0
16:28:26.880590 mmap(0x36ca614000, 8192, PROT_READ|PROT_WRITE, MAP_PRIVATE|MAP_FIXED|MAP_DENYWRITE, 3, 0x14000) = 0x36ca614000
16:28:26.880629 close(3)                = 0
16:28:26.880679 open("/lib64/libc.so.6", O_RDONLY) = 3
16:28:26.880716 read(3, "\177ELF\2\1\1\3\0\0\0\0\0\0\0\0\3\0>\0\1\0\0\0\360\355\201\3116\0\0\0"..., 832) = 832
16:28:26.880745 fstat(3, {st_mode=S_IFREG|0755, st_size=1922112, ...}) = 0
16:28:26.880778 mmap(0x36c9800000, 3745960, PROT_READ|PROT_EXEC, MAP_PRIVATE|MAP_DENYWRITE, 3, 0) = 0x36c9800000
16:28:26.880802 mprotect(0x36c9989000, 2097152, PROT_NONE) = 0
16:28:26.880825 mmap(0x36c9b89000, 20480, PROT_READ|PROT_WRITE, MAP_PRIVATE|MAP_FIXED|MAP_DENYWRITE, 3, 0x189000) = 0x36c9b89000
16:28:26.880853 mmap(0x36c9b8e000, 18600, PROT_READ|PROT_WRITE, MAP_PRIVATE|MAP_FIXED|MAP_ANONYMOUS, -1, 0) = 0x36c9b8e000
16:28:26.880888 close(3)                = 0
16:28:26.880924 mmap(NULL, 4096, PROT_READ|PROT_WRITE, MAP_PRIVATE|MAP_ANONYMOUS, -1, 0) = 0x7f82b0ef5000
16:28:26.880992 mmap(NULL, 4096, PROT_READ|PROT_WRITE, MAP_PRIVATE|MAP_ANONYMOUS, -1, 0) = 0x7f82b0ef4000
16:28:26.881019 mmap(NULL, 4096, PROT_READ|PROT_WRITE, MAP_PRIVATE|MAP_ANONYMOUS, -1, 0) = 0x7f82b0ef3000
16:28:26.881044 arch_prctl(ARCH_SET_FS, 0x7f82b0ef4700) = 0
16:28:26.881111 mprotect(0x36c9b89000, 16384, PROT_READ) = 0
16:28:26.881142 mprotect(0x36ca614000, 4096, PROT_READ) = 0
16:28:26.881170 mprotect(0x36c921f000, 4096, PROT_READ) = 0
16:28:26.881194 munmap(0x7f82b0ef6000, 88623) = 0
16:28:26.881275 brk(0)                  = 0x1a62000
16:28:26.881298 brk(0x1a84000)          = 0x1a84000
16:28:26.881327 brk(0x1ab4000)          = 0x1ab4000
16:28:26.881379 read(0, "2012-03-03 16:12:18 (260) [0x27c"..., 16384) = 16384
16:28:26.881696 write(1, "x\234", 2)    = 2
16:28:26.881737 read(0, "_c_x\315\352\263\3111\243\254\263\254\312\261=2449\243\241\r\n2012-03-"..., 16384) = 16384
16:28:26.882051 write(1, "", 0)         = 0
16:28:26.882078 read(0, "\266\324\266\313\243\250219.229.37.164 : 1242\243\251\267\242\313"..., 16384) = 16384
16:28:26.882386 write(1, "", 0)         = 0
16:28:26.882411 read(0, ": \317\302\324\330, \267\275\317\362 : \325\375\317\362, \324\255\322\362 : succ"..., 16384) = 16384
16:28:26.882795 write(1, "", 0)         = 0
16:28:26.882820 read(0, ")important : \327\324\266\257\274\354\262\351\317\337\263\314\275\341\312\370\265\367\323"..., 16384) = 16384
16:28:26.883133 write(1, "", 0)         = 0
16:28:26.883159 read(0, "ror : NAT\316\264\326\252\243\254\267\305\306\372\264\362\266\264\326\326\327\323\301\254\275\323\241"..., 16384) = 16384
16:28:26.883538 write(1, "", 0)         = 0
16:28:26.883563 read(0, "ortant : FC(122.225.11.130:8080)"..., 16384) = 16384
16:28:26.883866 write(1, "", 0)         = 0
16:28:26.883891 read(0, ")important : \327\324\266\257\274\354\262\351\317\337\263\314\275\341\312\370\265\332 "..., 16384) = 16384
16:28:26.884281 write(1, "", 0)         = 0
16:28:26.884306 read(0, "rtant :  \327\312\324\264 67339 \312\325\265\275 \266\324\266\313 36"..., 16384) = 16384
16:28:26.884625 write(1, "", 0)         = 0
16:28:26.884650 read(0, "\243\254\267\305\306\372\264\362\266\264\326\326\327\323\301\254\275\323\241\243\r\n2012-03-03"..., 16384) = 16384
16:28:26.885053 write(1, "", 0)         = 0
16:28:26.885085 read(0, "205 : 1236\243\251\326\303\316\252\262\273\277\311\323\303\241\243\r\n2012-0"..., 16384) = 16384
16:28:26.885392 write(1, "", 0)         = 0
16:28:26.885419 read(0, "\254\304\277\265\304 : \317\302\324\330, \267\275\317\362 : \325\375\317\362, \324\255\322\362 "..., 16384) = 16384
16:28:26.885833 write(1, "", 0)         = 0
16:28:26.885859 read(0, ")important : \327\312\324\264 67337 \265\304block "..., 16384) = 16384
16:28:26.886155 write(1, "", 0)         = 0
16:28:26.886181 read(0, "\241\r\n2012-03-03 16:15:14 (423) [0x"..., 16384) = 16384
16:28:26.886536 write(1, "", 0)         = 0
16:28:26.886561 read(0, " : \325\375\317\362, \324\255\322\362 : success\241\243\r\n2012-"..., 16384) = 16384
16:28:26.886879 write(1, "", 0)         = 0
16:28:26.886904 read(0, "\322\351(p=0)\243\254\275\341\271\373=454\241\243\r\n2012-03-03 "..., 16384) = 16384
16:28:26.887282 write(1, "", 0)         = 0
16:28:26.887309 read(0, "\243\256\r\n2012-03-03 16:15:59 (603) [0"..., 16384) = 16384
16:28:26.887610 write(1, "", 0)         = 0
16:28:26.887635 read(0, "2012-03-03 16:16:15 (295) [0x12d"..., 16384) = 16384
16:28:26.888031 write(1, "", 0)         = 0
16:28:26.888063 read(0, "hunk, \272\366\302\324\243\254\320\264\275\341\271\373 : ignore\243\256\r\n2"..., 16384) = 16384
16:28:26.888368 write(1, "", 0)         = 0
16:28:26.888395 read(0, "0x12d4](-2, -1)important : \301\254\275\323\266"..., 16384) = 16384
16:28:26.888778 write(1, "", 0)         = 0
16:28:26.888802 read(0, "ant : \326\367\266\257\266\317\277\252\314\327\275\323\327\326 2700 \301\254\275\323.."..., 16384) = 16384
16:28:26.889086 write(1, "", 0)         = 0
16:28:26.889118 read(0, ":49 (701) [0x12d4](-2, -1)import"..., 16384) = 16384
16:28:26.889491 write(1, "", 0)         = 0
16:28:26.889518 read(0, "x34222d8 \243\250\314\327\275\323\327\326 : 3164\243\251\265\304proc"..., 16384) = 16384
16:28:26.890119 write(1, "\324\275}\257^\327u'\366w\7\230\357\360\364\257^\1\"\347\354\327\263\217\0\241\265,\2735\20\17"..., 16384) = 16384
16:28:26.890364 write(1, "o\364\31\177\214\231\225\316\262\332O?i\223\355\221\2\337t3\304J\247S\350\260\376\343\355N\217g"..., 14726) = 14726
16:28:26.890415 read(0, "\264 67335 \307\353\307\363\317\302\324\330\243\254\277\311\312\307\324\332pp logon"..., 16384) = 16384
16:28:26.890805 write(1, "", 0)         = 0
16:28:26.890830 read(0, "c](-2, -1)error : NAT\316\264\326\252\243\254\267\305\306\372\264"..., 16384) = 16384
16:28:26.891152 write(1, "", 0)         = 0
16:28:26.891199 read(0, ".225.11.130 : 8080\243\251\267\242\313\315pp_logon"..., 16384) = 16384
16:28:26.891544 write(1, "", 0)         = 0
16:28:26.891583 read(0, ", -1)error : \322\354\263\243\243\272\327\312\324\264 67341 \307\353"..., 16384) = 16384
16:28:26.891854 write(1, "", 0)         = 0
16:28:26.891887 read(0, " \312\325\265\275 \266\324\266\313 1692\243\250122.225.11.144 "..., 16384) = 16384
16:28:26.892237 write(1, "", 0)         = 0
16:28:26.892283 read(0, "\324\330\265\304\277\351\243\254\326\367\266\257\266\317\277\252\301\254\275\323\241\243\r\n2012-03-"..., 16384) = 16384
16:28:26.892555 write(1, "", 0)         = 0
16:28:26.892596 read(0, "mgr\265\304auto_check...\r\n2012-03-03 1"..., 16384) = 16384
16:28:26.892969 write(1, "", 0)         = 0
16:28:26.893000 read(0, "\320\355\243\254\304\277\265\304 : \317\302\324\330, \267\275\317\362 : \325\375\317\362, \324\255"..., 16384) = 16384
16:28:26.893268 write(1, "", 0)         = 0
16:28:26.893306 read(0, "\r\n2012-03-03 16:21:09 (623) [0x1"..., 16384) = 16384
16:28:26.893715 write(1, "", 0)         = 0
16:28:26.893755 read(0, "important : \263\242\312\324\306\364\266\257\261\276\265\330pp\267\376\316\361\306\367"..., 16384) = 16384
16:28:26.894144 write(1, "", 0)         = 0
16:28:26.894179 read(0, "[0x1bb4](-2, -1)important : logi"..., 16384) = 16384
16:28:26.894536 write(1, "", 0)         = 0
16:28:26.894573 read(0, "t : shell_dig_hole\261\273\265\367\323\303\243\254res_id"..., 16384) = 16384
16:28:26.894859 write(1, "", 0)         = 0
16:28:26.894880 read(0, "t = 0\243\254\326\261\275\323\315\313\263\366\241\243\r\n2012-03-26 08"..., 16384) = 16384
16:28:26.895237 write(1, "", 0)         = 0
16:28:26.895277 read(0, "2\243\250122.225.11.146 : 8080\243\251\265\304\265\307\302\274"..., 16384) = 16384
16:28:26.895534 write(1, "", 0)         = 0
16:28:26.895568 read(0, "4\241\243\r\n2012-03-26 08:55:02 (230) ["..., 16384) = 16384
16:28:26.895900 write(1, "", 0)         = 0
16:28:26.895937 read(0, "\316\274\354\262\351......\r\n2012-03-26 08:55:33"..., 16384) = 16384
16:28:26.896174 write(1, "", 0)         = 0
16:28:26.896193 read(0, "12-03-26 08:56:19 (861) [0x1278]"..., 16384) = 16384
16:28:26.896515 write(1, "", 0)         = 0
16:28:26.896535 read(0, "\250\266\300\301\242\317\337\263\314\243\251\243\254sessions(0) = 0, re"..., 16384) = 16384
16:28:26.896780 write(1, "", 0)         = 0
16:28:26.896812 read(0, ") [0x12fc](-2, -3)important : \327\324"..., 16384) = 16384
16:28:26.897110 write(1, "", 0)         = 0
16:28:26.897131 read(0, "\323\303res_mgr\265\304auto_check\241\243\r\n2012-03"..., 16384) = 16384
16:28:26.897378 write(1, "", 0)         = 0
16:28:26.897397 read(0, "\265\367\323\303res_mgr\265\304auto_check...\r\n2012"..., 16384) = 16384
16:28:26.897723 write(1, "", 0)         = 0
16:28:26.897744 read(0, "fc](-2, -1)important : \327\324\266\257\274\354\262\351\317"..., 16384) = 16384
16:28:26.898060 write(1, "", 0)         = 0
16:28:26.898115 read(0, "ck...\r\n2012-03-26 09:02:03 (364)"..., 16384) = 16384
16:28:26.898578 write(1, "", 0)         = 0
16:28:26.898690 read(0, " upnp...\r\n2012-03-29 09:41:02 (4"..., 16384) = 16384
16:28:26.899189 write(1, "\376\177\356\336\265G\223\343:\23\374\274\3\314\177x\367[5\320\325\316\210\274E\20\313\365\260\233\344\214"..., 16384) = 16384
16:28:26.899662 write(1, "\244tB?\216\304\213r\5gLb\270(\347\326\350\213u\311\312\"m\232\261\202\335\250\177\36\331\372"..., 15258) = 15258
16:28:26.899883 read(0, "\351\317\337\263\314\275\341\312\370\265\332 30 \264\316\274\354\262\351\241\243\r\n2012-03"..., 16384) = 16384
16:28:26.900425 write(1, "", 0)         = 0
16:28:26.900565 read(0, "auto_check...\r\n2012-03-29 09:47:"..., 16384) = 16384
16:28:26.900961 write(1, "", 0)         = 0
16:28:26.901089 read(0, "\257\274\354\262\351\317\337\263\314\277\252\312\274\265\367\323\303res_mgr\265\304auto_c"..., 16384) = 16384
16:28:26.901578 write(1, "", 0)         = 0
16:28:26.901620 read(0, "09:54:57 (148) [0xa94](-2, -1)im"..., 16384) = 16384
16:28:26.901966 write(1, "", 0)         = 0
16:28:26.902008 read(0, "08 \264\316\274\354\262\351......\r\n2012-03-29 09:5"..., 16384) = 16384
16:28:26.902437 write(1, "", 0)         = 0
16:28:26.902469 read(0, "-2, -1)important : \327\324\266\257\274\354\262\351\317\337\263\314\275"..., 16384) = 16384
16:28:26.902821 write(1, "", 0)         = 0
16:28:26.902861 read(0, "2012-03-29 10:06:07 (304) [0xa94"..., 16384) = 16384
16:28:26.903366 write(1, "", 0)         = 0
16:28:26.903399 read(0, "\354\262\351\317\337\263\314\277\252\312\274\265\367\323\303res_mgr\265\304auto_che"..., 16384) = 16384
16:28:26.903802 write(1, "", 0)         = 0
16:28:26.903835 read(0, ":13:27 (415) [0xa94](-2, -1)impo"..., 16384) = 16384
16:28:26.904300 write(1, "", 0)         = 0
16:28:26.904333 read(0, " \264\316\274\354\262\351......\r\n2012-03-29 10:17:"..., 16384) = 16384
16:28:26.904710 write(1, "", 0)         = 0
16:28:26.904743 read(0, ", -1)important : \327\324\266\257\274\354\262\351\317\337\263\314\275\341\312"..., 16384) = 16384
16:28:26.905224 write(1, "", 0)         = 0
16:28:26.905257 read(0, "12-03-29 10:24:37 (580) [0xa94]("..., 16384) = 16384
16:28:26.905645 write(1, "", 0)         = 0
16:28:26.905678 read(0, "\351\317\337\263\314\277\252\312\274\265\367\323\303res_mgr\265\304auto_check"..., 16384) = 16384
16:28:26.906137 write(1, "", 0)         = 0
16:28:26.906167 read(0, "1:57 (680) [0xa94](-2, -1)import"..., 16384) = 16384
16:28:26.906530 write(1, "", 0)         = 0
16:28:26.906556 read(0, "\316\274\354\262\351......\r\n2012-03-29 10:35:42"..., 16384) = 16384
16:28:26.907037 write(1, "", 0)         = 0
16:28:26.907064 read(0, "-1)important : \327\324\266\257\274\354\262\351\317\337\263\314\275\341\312\370\265"..., 16384) = 16384
16:28:26.907422 write(1, "", 0)         = 0
16:28:26.907448 read(0, "-03-29 10:43:07 (841) [0xa94](-2"..., 16384) = 16384
16:28:26.907914 write(1, "", 0)         = 0
16:28:26.907948 read(0, "\337\263\314\277\252\312\274\265\367\323\303res_mgr\265\304auto_check.."..., 16384) = 16384
16:28:26.908317 write(1, "", 0)         = 0
16:28:26.908344 read(0, "27 (946) [0xa94](-2, -1)importan"..., 16384) = 16384
16:28:26.908776 write(1, "", 0)         = 0
16:28:26.908803 read(0, "2012-03-29 10:54:13 (23) [0xa94]"..., 16384) = 16384
16:28:26.909137 write(1, "", 0)         = 0
16:28:26.909163 read(0, "\257\274\354\262\351\317\337\263\314\277\252\312\274\265\367\323\303res_mgr\265\304auto_c"..., 16384) = 16384
16:28:26.909620 write(1, "", 0)         = 0
16:28:26.909646 read(0, " -1)important : \327\324\266\257\274\354\262\351\317\337\263\314\277\252\312\274"..., 16384) = 16384
16:28:26.910029 write(1, "", 0)         = 0
16:28:26.910055 read(0, "gr\265\304auto_check...\r\n2012-03-29 11"..., 16384) = 16384
16:28:26.910518 write(1, "", 0)         = 0
16:28:26.910557 read(0, "important : \327\324\266\257\274\354\262\351\317\337\263\314\275\341\312\370\265\367\323\303"..., 16384) = 16384
16:28:26.910961 write(1, "", 0)         = 0
16:28:26.910994 read(0, "03-29 11:12:43 (275) [0xa94](-2,"..., 16384) = 16384
16:28:26.911486 write(1, "", 0)         = 0
16:28:26.911518 read(0, "\275\341\312\370\265\332 1140 \264\316\274\354\262\351\241\243\r\n2012-03-29"..., 16384) = 16384
16:28:26.911908 write(1, "", 0)         = 0
16:28:26.911950 read(0, "-1)important : \327\324\266\257\274\354\262\351\317\337\263\314\277\252\312\274\265"..., 16384) = 16384
16:28:26.912448 write(1, "", 0)         = 0
16:28:26.912481 read(0, "-29 11:23:48 (440) [0xa94](-2, -"..., 16384) = 16384
16:28:26.912871 write(1, "", 0)         = 0
16:28:26.912904 read(0, "\312\274\265\367\323\303res_mgr\265\304auto_check...\r\n20"..., 16384) = 16384
16:28:26.913390 write(1, "", 0)         = 0
16:28:26.913419 read(0, "94](-2, -1)important : \327\324\266\257\274\354\262\351\317"..., 16384) = 16384
16:28:26.913810 write(1, "", 0)         = 0
16:28:26.913836 read(0, "ck\241\243\r\n2012-03-29 11:34:48 (583) "..., 16384) = 16384
16:28:26.914521 write(1, "\377x{\273\226\353\332,=k\333\177Q\233-\4Ys\256\217k\256\206\336\10d\307\r%\250{\226"..., 16384) = 16384
16:28:26.914751 write(1, "\374\271\360#\240\352\3\10\221\357\325\304\324\306\250Cx\3224E2\22n\1Us\270\310\367jB\252"..., 13598) = 13598
16:28:26.914801 read(0, "\324\266\257\274\354\262\351\317\337\263\314\275\341\312\370\265\332 1405 \264\316\274\354\262\351\241\243\r"..., 16384) = 16384
16:28:26.915208 write(1, "", 0)         = 0
16:28:26.915234 read(0, "0xa94](-2, -1)important : \327\324\266\257\274\354"..., 16384) = 16384
16:28:26.915712 write(1, "", 0)         = 0
16:28:26.915739 read(0, "..\r\n2012-03-29 11:45:53 (713) [0"..., 16384) = 16384
16:28:26.916127 write(1, "", 0)         = 0
16:28:26.916153 read(0, "\257\274\354\262\351\317\337\263\314\277\252\312\274\265\367\323\303res_mgr\265\304auto_c"..., 16384) = 16384
16:28:26.916634 write(1, "", 0)         = 0
16:28:26.916661 read(0, " (800) [0xa94](-2, -1)important "..., 16384) = 16384
16:28:26.917050 write(1, "", 0)         = 0
16:28:26.917077 read(0, "r\265\304auto_check\241\243\r\n2012-03-29 11:5"..., 16384) = 16384
16:28:26.917581 write(1, "", 0)         = 0
16:28:26.917608 read(0, "important : \323\303\273\247\312\375\276\335\277\342\316\304\274\376\264\346\324\332\243\254"..., 16384) = 16384
16:28:26.917993 write(1, "", 0)         = 0
16:28:26.918019 read(0, "\r\n2012-03-31 10:03:34 (370) [0x1"..., 16384) = 16384
16:28:26.918474 write(1, "", 0)         = 0
16:28:26.918501 read(0, "\r\n2012-03-31 10:07:04 (421) [0x1"..., 16384) = 16384
16:28:26.918874 write(1, "", 0)         = 0
16:28:26.918900 read(0, "0:44 (555) [0x1700](-2, -1)impor"..., 16384) = 16384
16:28:26.919372 write(1, "", 0)         = 0
16:28:26.919400 read(0, "to_check...\r\n2012-03-31 10:14:24"..., 16384) = 16384
16:28:26.919774 write(1, "", 0)         = 0
16:28:26.919800 read(0, "\257\274\354\262\351\317\337\263\314\277\252\312\274\265\367\323\303res_mgr\265\304auto_c"..., 16384) = 16384
16:28:26.920279 write(1, "", 0)         = 0
16:28:26.920327 read(0, "1700](-2, -1)important : \327\324\266\257\274\354\262"..., 16384) = 16384
16:28:26.920707 write(1, "", 0)         = 0
16:28:26.920739 read(0, "012-03-31 10:25:24 (764) [0x1700"..., 16384) = 16384
16:28:26.921209 write(1, "", 0)         = 0
16:28:26.921242 read(0, "\263\314\277\252\312\274\265\332 341 \264\316\274\354\262\351......\r\n2012-"..., 16384) = 16384
16:28:26.921636 write(1, "", 0)         = 0
16:28:26.921669 read(0, "2, -1)important : \327\324\266\257\274\354\262\351\317\337\263\314\277\252"..., 16384) = 16384
16:28:26.922134 write(1, "", 0)         = 0
16:28:26.922165 read(0, "31 10:36:24 (875) [0x1700](-2, -"..., 16384) = 16384
16:28:26.922519 write(1, "", 0)         = 0
16:28:26.922550 read(0, "\341\312\370\265\332 472 \264\316\274\354\262\351\241\243\r\n2012-03-31 1"..., 16384) = 16384
16:28:26.923011 write(1, "", 0)         = 0
16:28:26.923043 read(0, "-1)important : \327\324\266\257\274\354\262\351\317\337\263\314\275\341\312\370\265"..., 16384) = 16384
16:28:26.923402 write(1, "", 0)         = 0
16:28:26.923433 read(0, "10:47:19 (996) [0x1700](-2, -1)i"..., 16384) = 16384
16:28:26.923843 write(1, "", 0)         = 0
16:28:26.923875 read(0, "012-03-31 10:51:05 (51) [0x1700]"..., 16384) = 16384
16:28:26.924216 write(1, "", 0)         = 0
16:28:26.924247 read(0, ")important : \327\324\266\257\274\354\262\351\317\337\263\314\275\341\312\370\265\367\323"..., 16384) = 16384
16:28:26.924711 write(1, "", 0)         = 0
16:28:26.924743 read(0, ":58:25 (149) [0x1700](-2, -1)imp"..., 16384) = 16384
16:28:26.925120 write(1, "", 0)         = 0
16:28:26.925151 read(0, "auto_check...\r\n2012-03-31 11:02:"..., 16384) = 16384
16:28:26.925602 write(1, "", 0)         = 0
16:28:26.925634 read(0, "\324\266\257\274\354\262\351\317\337\263\314\277\252\312\274\265\367\323\303res_mgr\265\304auto"..., 16384) = 16384
16:28:26.926027 write(1, "", 0)         = 0
16:28:26.926059 read(0, "0x1700](-2, -1)important : \327\324\266\257\274"..., 16384) = 16384
16:28:26.926519 write(1, "", 0)         = 0
16:28:26.926551 read(0, "\n2012-03-31 11:13:05 (351) [0x17"..., 16384) = 16384
16:28:26.926909 write(1, "", 0)         = 0
16:28:26.926950 read(0, "\317\337\263\314\277\252\312\274\265\332 913 \264\316\274\354\262\351......\r\n201"..., 16384) = 16384
16:28:26.927396 write(1, "", 0)         = 0
16:28:26.927427 read(0, "(-2, -1)important : \327\324\266\257\274\354\262\351\317\337\263\314"..., 16384) = 16384
16:28:26.928102 write(1, "G\333\333\377Zr]gz?'@\376\207\373\243\4\2509\247>O\25\1\3!))102\f"..., 16384) = 16384
16:28:26.928285 write(1, "\0364R\25\215\244\323\4,\335\2\204'GS\241\221\266i\273@\260\233\364\240\221\252h\"\35'P"..., 12972) = 12972
16:28:26.928358 read(0, "-03-31 11:24:05 (512) [0x1700](-"..., 16384) = 16384
16:28:26.928808 write(1, "", 0)         = 0
16:28:26.928836 read(0, "\303res_mgr\265\304auto_check\241\243\r\n2012-03-"..., 16384) = 16384
16:28:26.929215 write(1, "", 0)         = 0
16:28:26.929241 read(0, "\324\266\257\274\354\262\351\317\337\263\314\277\252\312\274\265\367\323\303res_mgr\265\304auto"..., 16384) = 16384
16:28:26.929721 write(1, "", 0)         = 0
16:28:26.929747 read(0, "00](-2, -1)important : \327\324\266\257\274\354\262\351\317"..., 16384) = 16384
16:28:26.930136 write(1, "", 0)         = 0
16:28:26.930161 read(0, "2-03-31 11:38:35 (664) [0x1700]("..., 16384) = 16384
16:28:26.930635 write(1, "", 0)         = 0
16:28:26.930661 read(0, "\304auto_check...\r\n2012-03-31 11:42"..., 16384) = 16384
16:28:26.931031 write(1, "", 0)         = 0
16:28:26.931056 read(0, "\274\354\262\351\317\337\263\314\277\252\312\274\265\332 1263 \264\316\274\354\262\351......"..., 16384) = 16384
16:28:26.931509 write(1, "", 0)         = 0
16:28:26.931536 read(0, "700](-2, -1)important : \327\324\266\257\274\354\262\351"..., 16384) = 16384
16:28:26.931881 write(1, "", 0)         = 0
16:28:26.931907 read(0, "11:53:10 (798) [0x1700](-2, -1)i"..., 16384) = 16384
16:28:26.932326 write(1, "", 0)         = 0
16:28:26.932353 read(0, ".....\r\n2012-03-31 11:56:50 (814)"..., 16384) = 16384
16:28:26.932697 write(1, "", 0)         = 0
16:28:26.932723 read(0, "\257\274\354\262\351\317\337\263\314\275\341\312\370\265\332 1437 \264\316\274\354\262\351\241\243\r\n2"..., 16384) = 16384
16:28:26.933158 write(1, "", 0)         = 0
16:28:26.933184 read(0, " -1)important : \327\324\266\257\274\354\262\351\317\337\263\314\275\341\312\370"..., 16384) = 16384
16:28:26.933530 write(1, "", 0)         = 0
16:28:26.933556 read(0, "(960) [0x1700](-2, -1)important "..., 16384) = 16384
16:28:26.933990 write(1, "", 0)         = 0
16:28:26.934016 read(0, "[0x1700](-2, -1)important : \327\324\266\257"..., 16384) = 16384
16:28:26.934316 write(1, "", 0)         = 0
16:28:26.934341 read(0, "31 12:15:06 (33) [0x1700](-2, -1"..., 16384) = 16384
16:28:26.934757 write(1, "", 0)         = 0
16:28:26.934783 read(0, "\274\265\367\323\303res_mgr\265\304auto_check...\r\n201"..., 16384) = 16384
16:28:26.935126 write(1, "", 0)         = 0
16:28:26.935152 read(0, "0](-2, -1)important : \327\324\266\257\274\354\262\351\317\337"..., 16384) = 16384
16:28:26.935574 write(1, "", 0)         = 0
16:28:26.935600 read(0, "k\241\243\r\n2012-03-31 12:26:06 (96) [0"..., 16384) = 16384
16:28:26.935936 write(1, "", 0)         = 0
16:28:26.935964 read(0, "2-03-31 12:29:46 (117) [0x1700]("..., 16384) = 16384
16:28:26.936405 write(1, "", 0)         = 0
16:28:26.936431 read(0, " \264\316\274\354\262\351......\r\n2012-03-31 12:33:"..., 16384) = 16384
16:28:26.936776 write(1, "", 0)         = 0
16:28:26.936801 read(0, "nt : \327\324\266\257\274\354\262\351\317\337\263\314\275\341\312\370\265\332 1876 \264\316\274"..., 16384) = 16384
16:28:26.937266 write(1, "", 0)         = 0
16:28:26.937292 read(0, "7) [0x1700](-2, -1)important : \327"..., 16384) = 16384
16:28:26.937642 write(1, "", 0)         = 0
16:28:26.937667 read(0, "\351\241\243\r\n2012-03-31 14:10:11 (83) [0"..., 16384) = 16384
16:28:26.938101 write(1, "", 0)         = 0
16:28:26.938127 read(0, "\332 1995 \264\316\274\354\262\351......\r\n2012-03-31 "..., 16384) = 16384
16:28:26.938473 write(1, "", 0)         = 0
16:28:26.938499 read(0, "mportant : \327\324\266\257\274\354\262\351\317\337\263\314\275\341\312\370\265\332 20"..., 16384) = 16384
16:28:26.938930 write(1, "", 0)         = 0
16:28:26.938956 read(0, ") [0x1700](-2, -1)important : \327\324"..., 16384) = 16384
16:28:26.939304 write(1, "", 0)         = 0
16:28:26.939329 read(0, "3-31 14:24:36 (297) [0x1700](-2,"..., 16384) = 16384
16:28:26.939764 write(1, "", 0)         = 0
16:28:26.939790 read(0, "\265\332 2169 \264\316\274\354\262\351\241\243\r\n2012-03-31 14:"..., 16384) = 16384
16:28:26.940146 write(1, "", 0)         = 0
16:28:26.940172 read(0, " : \327\324\266\257\274\354\262\351\317\337\263\314\275\341\312\370\265\367\323\303res_mgr\265\304"..., 16384) = 16384
16:28:26.940605 write(1, "", 0)         = 0
16:28:26.940632 read(0, "](-2, -1)important : \327\324\266\257\274\354\262\351\317\337\263"..., 16384) = 16384
16:28:26.940990 write(1, "", 0)         = 0
16:28:26.941015 read(0, "1 14:39:11 (443) [0x1700](-2, -1"..., 16384) = 16384
16:28:26.941392 write(1, "", 0)         = 0
16:28:26.941414 read(0, "mgr\265\304auto_check\241\243\r\n2012-03-31 14"..., 16384) = 16384
16:28:26.941866 write(1, "\323\366n=\267d\327y\336u\376\305\276\244\0\202XUkU\255\265\10\30\210\21\337\344\"\201\341$"..., 16384) = 16384
16:28:26.942148 write(1, "\245>\330\303\36a\233\4\252\335\5\4=9\267\35\247x\250w\233\212\226j\331H;M\300\332U@"..., 13026) = 13026
16:28:26.942204 read(0, "\262\351\317\337\263\314\277\252\312\274\265\367\323\303res_mgr\265\304auto_chec"..., 16384) = 16384
16:28:26.942589 write(1, "", 0)         = 0
16:28:26.942623 read(0, "2, -1)important : \327\324\266\257\274\354\262\351\317\337\263\314\277\252"..., 16384) = 16384
16:28:26.942944 write(1, "", 0)         = 0
16:28:26.942965 read(0, "31 14:53:41 (606) [0x1700](-2, -"..., 16384) = 16384
16:28:26.943348 write(1, "", 0)         = 0
16:28:26.943382 read(0, "_check...\r\n2012-03-31 14:57:21 ("..., 16384) = 16384
16:28:26.943692 write(1, "", 0)         = 0
16:28:26.943713 read(0, "\337\263\314\277\252\312\274\265\332 2563 \264\316\274\354\262\351......\r\n201"..., 16384) = 16384
16:28:26.944102 write(1, "", 0)         = 0
16:28:26.944124 read(0, "-2, -1)important : \327\324\266\257\274\354\262\351\317\337\263\314\275"..., 16384) = 16384
16:28:26.944437 write(1, "", 0)         = 0
16:28:26.944458 read(0, ":16 (729) [0x1700](-2, -1)import"..., 16384) = 16384
16:28:26.944840 write(1, "", 0)         = 0
16:28:26.944862 read(0, "\r\n2012-03-31 15:11:56 (752) [0x1"..., 16384) = 16384
16:28:26.945188 write(1, "", 0)         = 0
16:28:26.945209 read(0, "\317\337\263\314\275\341\312\370\265\332 2737 \264\316\274\354\262\351\241\243\r\n2012-0"..., 16384) = 16384
16:28:26.945592 write(1, "", 0)         = 0
16:28:26.945614 read(0, "mportant : \327\324\266\257\274\354\262\351\317\337\263\314\275\341\312\370\265\367\323\303r"..., 16384) = 16384
16:28:26.945942 write(1, "", 0)         = 0
16:28:26.945963 read(0, " [0x1700](-2, -1)important : \327\324\266"..., 16384) = 16384
16:28:26.946361 write(1, "", 0)         = 0
16:28:26.946382 read(0, "012-03-31 15:26:31 (899) [0x1700"..., 16384) = 16384
16:28:26.946663 write(1, "", 0)         = 0
16:28:26.946684 read(0, "\265\367\323\303res_mgr\265\304auto_check\241\243\r\n2012-"..., 16384) = 16384
16:28:26.947076 write(1, "", 0)         = 0
16:28:26.947098 read(0, "..\r\n2012-03-31 15:33:47 (2) [0x1"..., 16384) = 16384
16:28:26.947370 write(1, "", 0)         = 0
16:28:26.947391 read(0, "uto_check\241\243\r\n2012-03-31 15:37:27"..., 16384) = 16384
16:28:26.947754 write(1, "", 0)         = 0
16:28:26.947775 read(0, "ant : \327\324\266\257\274\354\262\351\317\337\263\314\275\341\312\370\265\332 3044 \264\316"..., 16384) = 16384
16:28:26.948086 write(1, "", 0)         = 0
16:28:26.948107 read(0, "portant : \327\324\266\257\274\354\262\351\317\337\263\314\275\341\312\370\265\332 308"..., 16384) = 16384
16:28:26.948497 write(1, "", 0)         = 0
16:28:26.948519 read(0, " [0x1700](-2, -1)important : \327\324\266"..., 16384) = 16384
16:28:26.948837 write(1, "", 0)         = 0
16:28:26.948857 read(0, "-31 15:52:07 (208) [0x1700](-2, "..., 16384) = 16384
16:28:26.949249 write(1, "", 0)         = 0
16:28:26.949270 read(0, "\332 3219 \264\316\274\354\262\351\241\243\r\n2012-03-31 15:5"..., 16384) = 16384
16:28:26.949584 write(1, "", 0)         = 0
16:28:26.949605 read(0, ": \327\324\266\257\274\354\262\351\317\337\263\314\275\341\312\370\265\367\323\303res_mgr\265\304a"..., 16384) = 16384
16:28:26.949994 write(1, "", 0)         = 0
16:28:26.950016 read(0, "(-2, -1)important : \327\324\266\257\274\354\262\351\317\337\263\314"..., 16384) = 16384
16:28:26.950334 write(1, "", 0)         = 0
16:28:26.950354 read(0, " 16:06:42 (473) [0x1700](-2, -1)"..., 16384) = 16384
16:28:26.950732 write(1, "", 0)         = 0
16:28:26.950754 read(0, "gr\265\304auto_check\241\243\r\n2012-03-31 16:"..., 16384) = 16384
16:28:26.951098 write(1, "", 0)         = 0
16:28:26.951143 read(0, "\351\317\337\263\314\277\252\312\274\265\367\323\303res_mgr\265\304auto_check"..., 16384) = 16384
16:28:26.951541 write(1, "", 0)         = 0
16:28:26.951576 read(0, ", -1)important : \327\324\266\257\274\354\262\351\317\337\263\314\277\252\312"..., 16384) = 16384
16:28:26.951906 write(1, "", 0)         = 0
16:28:26.951928 read(0, "1 16:21:12 (621) [0x1700](-2, -1"..., 16384) = 16384
16:28:26.952327 write(1, "", 0)         = 0
16:28:26.952372 read(0, "check...\r\n2012-03-31 16:24:52 (6"..., 16384) = 16384
16:28:26.952699 write(1, "", 0)         = 0
16:28:26.952721 read(0, "\263\314\277\252\312\274\265\332 3613 \264\316\274\354\262\351......\r\n2012"..., 16384) = 16384
16:28:26.953125 write(1, "", 0)         = 0
16:28:26.953160 read(0, "2, -1)important : \327\324\266\257\274\354\262\351\317\337\263\314\275\341"..., 16384) = 16384
16:28:26.953508 write(1, "", 0)         = 0
16:28:26.953530 read(0, "47 (781) [0x1700](-2, -1)importa"..., 16384) = 16384
16:28:26.953929 write(1, "", 0)         = 0
16:28:26.953964 read(0, "\n2012-03-31 16:39:27 (822) [0x17"..., 16384) = 16384
16:28:26.954304 write(1, "", 0)         = 0
16:28:26.954327 read(0, "\337\263\314\275\341\312\370\265\332 3787 \264\316\274\354\262\351\241\243\r\n2012-03"..., 16384) = 16384
16:28:26.954769 write(1, "\377i{\203$\307\225f=v+\32jX \t\200\324\376W\361V\363\232\221\315J\205n\34\4\335"..., 16384) = 16384
16:28:26.955136 write(1, "\325\262Q\3660,[\251V\220\362\224\334\355\6\2713{\263R-\233d\307\6\232=\4\2339\374\236"..., 12686) = 12686
16:28:26.955206 read(0, "portant : \327\324\266\257\274\354\262\351\317\337\263\314\275\341\312\370\265\367\323\303re"..., 16384) = 16384
16:28:26.955525 write(1, "", 0)         = 0
16:28:26.955547 read(0, "[0x1700](-2, -1)important : \327\324\266\257"..., 16384) = 16384
16:28:26.955909 write(1, "", 0)         = 0
16:28:26.955953 read(0, "\304auto_check...\r\n2012-03-31 16:54"..., 16384) = 16384
16:28:26.956263 write(1, "", 0)         = 0
16:28:26.956300 read(0, "ortant : \327\324\266\257\274\354\262\351\317\337\263\314\275\341\312\370\265\367\323\303res"..., 16384) = 16384
16:28:26.956707 write(1, "", 0)         = 0
16:28:26.956742 read(0, "](-2, -1)important : \327\324\266\257\274\354\262\351\317\337\263"..., 16384) = 16384
16:28:26.957078 write(1, "", 0)         = 0
16:28:26.957100 read(0, "5:03 (174) [0x1700](-2, -1)impor"..., 16384) = 16384
16:28:26.957491 write(1, "", 0)         = 0
16:28:26.957526 read(0, "\316\274\354\262\351\241\243\r\n2012-03-31 17:08:43 (22"..., 16384) = 16384
16:28:26.957863 write(1, "", 0)         = 0
16:28:26.957885 read(0, "\262\351\317\337\263\314\275\341\312\370\265\367\323\303res_mgr\265\304auto_chec"..., 16384) = 16384
16:28:26.958283 write(1, "", 0)         = 0
16:28:26.958306 read(0, "important : \327\324\266\257\274\354\262\351\317\337\263\314\277\252\312\274\265\367\323\303"..., 16384) = 16384
16:28:26.958637 write(1, "", 0)         = 0
16:28:26.958659 read(0, "8 (385) [0x1700](-2, -1)importan"..., 16384) = 16384
16:28:26.959053 write(1, "", 0)         = 0
16:28:26.959088 read(0, "_check\241\243\r\n2012-03-31 17:23:13 (4"..., 16384) = 16384
16:28:26.959418 write(1, "", 0)         = 0
16:28:26.959440 read(0, "\274\265\367\323\303res_mgr\265\304auto_check...\r\n201"..., 16384) = 16384
16:28:26.959832 write(1, "", 0)         = 0
16:28:26.959867 read(0, "ortant : \327\324\266\257\274\354\262\351\317\337\263\314\277\252\312\274\265\332 4357"..., 16384) = 16384
16:28:26.960198 write(1, "", 0)         = 0
16:28:26.960220 read(0, "08 (612) [0x1700](-2, -1)importa"..., 16384) = 16384
16:28:26.960613 write(1, "", 0)         = 0
16:28:26.960658 read(0, "\r\n2012-03-31 17:37:48 (667) [0x1"..., 16384) = 16384
16:28:26.960979 write(1, "", 0)         = 0
16:28:26.961001 read(0, " 4488 \264\316\274\354\262\351......\r\n2012-03-31 1"..., 16384) = 16384
16:28:26.961402 write(1, "", 0)         = 0
16:28:26.961437 read(0, "portant : \327\324\266\257\274\354\262\351\317\337\263\314\275\341\312\370\265\332 453"..., 16384) = 16384
16:28:26.961766 write(1, "", 0)         = 0
16:28:26.961789 read(0, " [0x1700](-2, -1)important : \327\324\266"..., 16384) = 16384
16:28:26.962185 write(1, "", 0)         = 0
16:28:26.962230 read(0, "-31 17:52:23 (892) [0x1700](-2, "..., 16384) = 16384
16:28:26.962544 write(1, "", 0)         = 0
16:28:26.962588 read(0, "\332 4662 \264\316\274\354\262\351\241\243\r\n2012-03-31 17:5"..., 16384) = 16384
16:28:26.962990 write(1, "", 0)         = 0
16:28:26.963025 read(0, ": \327\324\266\257\274\354\262\351\317\337\263\314\275\341\312\370\265\367\323\303res_mgr\265\304a"..., 16384) = 16384
16:28:26.963369 write(1, "", 0)         = 0
16:28:26.963392 read(0, "\317\337\263\314\277\252\312\274\265\367\323\303res_mgr\265\304auto_check."..., 16384) = 16384
16:28:26.963722 write(1, "", 0)         = 0
16:28:26.963757 read(0, " \327\324\266\257\274\354\262\351\317\337\263\314\275\341\312\370\265\367\323\303res_mgr\265\304au"..., 16384) = 16384
16:28:26.964103 write(1, "", 0)         = 0
16:28:26.964126 read(0, ":39 (71) [0x1700](-2, -1)importa"..., 16384) = 16384
16:28:26.964520 write(1, "", 0)         = 0
16:28:26.964555 read(0, "18:14:19 (113) [0x1700](-2, -1)i"..., 16384) = 16384
16:28:26.964930 write(1, "", 0)         = 0
16:28:26.964967 read(0, "1)important : \327\324\266\257\274\354\262\351\317\337\263\314\277\252\312\274\265\332"..., 16384) = 16384
16:28:26.965377 write(1, "", 0)         = 0
16:28:26.965412 read(0, "-2, -1)important : \327\324\266\257\274\354\262\351\317\337\263\314\277"..., 16384) = 16384
16:28:26.965727 write(1, "", 0)         = 0
16:28:26.965749 read(0, "_check...\r\n2012-04-01 09:58:59 ("..., 16384) = 16384
16:28:26.966393 write(1, "\377\177\332\336\266\327\326\354*\323\373\234H\371\17\373\243-\271\334\353y\237OI\226\342\362K\202\324 "..., 16384) = 16384
16:28:26.966583 write(1, "T\312V\264[B\267\303\2358\240\322\343s\217\307I\16w.S\320R)[\322\256&\310\332-\200"..., 13136) = 13136
16:28:26.966649 read(0, "\354\262\351\317\337\263\314\277\252\312\274\265\367\323\303res_mgr\265\304auto_che"..., 16384) = 16384
16:28:26.967000 write(1, "", 0)         = 0
16:28:26.967023 read(0, "_check...\r\n2012-04-01 22:02:32 ("..., 16384) = 16384
16:28:26.967420 write(1, "", 0)         = 0
16:28:26.967465 read(0, "nt : \327\324\266\257\274\354\262\351\317\337\263\314\275\341\312\370\265\367\323\303res_mgr"..., 16384) = 16384
16:28:26.967775 write(1, "", 0)         = 0
16:28:26.967797 read(0, "\277\252\312\274\265\332 104 \264\316\274\354\262\351......\r\n2012-04"..., 16384) = 16384
16:28:26.968209 write(1, "", 0)         = 0
16:28:26.968243 read(0, ": \327\324\266\257\274\354\262\351\317\337\263\314\275\341\312\370\265\332 146 \264\316\274\354\262\351\241"..., 16384) = 16384
16:28:26.968561 write(1, "", 0)         = 0
16:28:26.968583 read(0, "ant : \327\324\266\257\274\354\262\351\317\337\263\314\275\341\312\370\265\367\323\303res_mg"..., 16384) = 16384
16:28:26.968996 write(1, "", 0)         = 0
16:28:26.969019 read(0, "(872) [0x1948](-2, -1)important "..., 16384) = 16384
16:28:26.969344 write(1, "", 0)         = 0
16:28:26.969366 read(0, "4:12 (923) [0x1948](-2, -1)impor"..., 16384) = 16384
16:28:26.969759 write(1, "", 0)         = 0
16:28:26.969794 read(0, "2-04-01 22:27:47 (969) [0x1948]("..., 16384) = 16384
16:28:26.970109 write(1, "", 0)         = 0
16:28:26.970131 read(0, "\r\n2012-04-01 22:31:23 (16) [0x19"..., 16384) = 16384
16:28:26.970500 write(1, "", 0)         = 0
16:28:26.970545 read(0, "\257\274\354\262\351\317\337\263\314\277\252\312\274\265\367\323\303res_mgr\265\304auto_c"..., 16384) = 16384
16:28:26.970848 write(1, "", 0)         = 0
16:28:26.970870 read(0, "](-2, -1)important : \327\324\266\257\274\354\262\351\317\337\263"..., 16384) = 16384
16:28:26.971279 write(1, "", 0)         = 0
16:28:26.971303 read(0, "\351\317\337\263\314\275\341\312\370\265\332 492 \264\316\274\354\262\351\241\243\r\n2012-0"..., 16384) = 16384
16:28:26.971632 write(1, "", 0)         = 0
16:28:26.971654 read(0, "](-2, -1)important : \327\324\266\257\274\354\262\351\317\337\263"..., 16384) = 16384
16:28:26.972057 write(1, "", 0)         = 0
16:28:26.972092 read(0, "0x1948](-2, -1)important : \327\324\266\257\274"..., 16384) = 16384
16:28:26.972430 write(1, "", 0)         = 0
16:28:26.972453 read(0, "74) [0x1948](-2, -1)important : "..., 16384) = 16384
16:28:26.972844 write(1, "", 0)         = 0
16:28:26.972867 read(0, " 22:56:38 (314) [0x1948](-2, -1)"..., 16384) = 16384
16:28:26.973200 write(1, "", 0)         = 0
16:28:26.973223 read(0, "\370\265\332 708 \264\316\274\354\262\351\241\243\r\n2012-04-01 23:"..., 16384) = 16384
16:28:26.973624 write(1, "", 0)         = 0
16:28:26.973659 read(0, "\337\263\314\275\341\312\370\265\367\323\303res_mgr\265\304auto_check\241\243"..., 16384) = 16384
16:28:26.973997 write(1, "", 0)         = 0
16:28:26.974020 read(0, "\274\354\262\351\317\337\263\314\277\252\312\274\265\367\323\303res_mgr\265\304auto_ch"..., 16384) = 16384
16:28:26.974423 write(1, "", 0)         = 0
16:28:26.974467 read(0, "948](-2, -1)important : \327\324\266\257\274\354\262\351"..., 16384) = 16384
16:28:26.974805 write(1, "", 0)         = 0
16:28:26.974839 read(0, "8 (562) [0x1948](-2, -1)importan"..., 16384) = 16384
16:28:26.975243 write(1, "", 0)         = 0
16:28:26.975278 read(0, "2, -1)important : \265\310\264\375\274\354\262\351\317\337\263\314\275\341"..., 16384) = 16384
16:28:26.975607 write(1, "", 0)         = 0
16:28:26.975630 read(0, " 19:06:18 (704) [0x908](-2, -1)i"..., 16384) = 16384
16:28:26.975989 write(1, "", 0)         = 0
16:28:26.976034 read(0, "\330\270\264\301\254\275\323...\r\n2012-04-17 19:06:30 "..., 16384) = 16384
16:28:26.976271 write(1, "", 0)         = 0
16:28:26.976293 read(0, "\266\317\277\252\314\327\275\323\327\326 2760 \301\254\275\323...\r\n2012-04"..., 16384) = 16384
16:28:26.976778 write(1, "?{o\373+\327y\236\367~n\201\376\17s\276Q\20063\353}-\1\2*RRk \3621"..., 16384) = 16384
16:28:26.977110 write(1, "^\330\0m\307\304\312t\1\301\216\322\335F\312\241\21\351p\2*\235\v\320vl,\272\226\243t\267"..., 12912) = 12912
16:28:26.977175 read(0, "46 \264\316\274\354\262\351......\r\n2012-04-17 19:1"..., 16384) = 16384
16:28:26.977498 write(1, "", 0)         = 0
16:28:26.977521 read(0, "\241\243\r\n2012-04-17 19:13:44 (399) [0"..., 16384) = 16384
16:28:26.977903 write(1, "", 0)         = 0
16:28:26.977950 read(0, ":17:19 (547) [0x124c](-2, -1)imp"..., 16384) = 16384
16:28:26.978315 write(1, "", 0)         = 0
16:28:26.978338 read(0, "706) [0x16a4](-2, -1)important :"..., 16384) = 16384
16:28:26.978741 write(1, "", 0)         = 0
16:28:26.978776 read(0, "\257\274\354\262\351\317\337\263\314\277\252\312\274\265\332 40 \264\316\274\354\262\351......\r"..., 16384) = 16384
16:28:26.979120 write(1, "", 0)         = 0
16:28:26.979142 read(0, "\257\274\354\262\351\317\337\263\314\275\341\312\370\265\367\323\303res_mgr\265\304auto_c"..., 16384) = 16384
16:28:26.979508 write(1, "", 0)         = 0
16:28:26.979531 read(0, "\263\314\275\341\312\370\265\367\323\303res_mgr\265\304auto_check\241\243\r"..., 16384) = 16384
16:28:26.979865 write(1, "", 0)         = 0
16:28:26.979888 read(0, "2, -1)important : \327\324\266\257\274\354\262\351\317\337\263\314\275\341"..., 16384) = 16384
16:28:26.980301 write(1, "", 0)         = 0
16:28:26.980325 read(0, "01 10:13:03 (845) [0x121c](-2, -"..., 16384) = 16384
16:28:26.980646 write(1, "", 0)         = 0
16:28:26.980668 read(0, "mgr\265\304auto_check...\r\n2012-05-01 1"..., 16384) = 16384
16:28:26.981074 write(1, "", 0)         = 0
16:28:26.981097 read(0, "t : \327\324\266\257\274\354\262\351\317\337\263\314\277\252\312\274\265\367\323\303res_mgr\265"..., 16384) = 16384
16:28:26.981382 write(1, "", 0)         = 0
16:28:26.981404 read(0, "\314\275\341\312\370\265\367\323\303res_mgr\265\304auto_check\241\243\r\n"..., 16384) = 16384
16:28:26.981777 write(1, "", 0)         = 0
16:28:26.981812 read(0, "1c](-2, -1)important : \327\324\266\257\274\354\262\351\317"..., 16384) = 16384
16:28:26.982138 write(1, "", 0)         = 0
16:28:26.982161 read(0, "ant : \327\324\266\257\274\354\262\351\317\337\263\314\277\252\312\274\265\332 435 \264\316\274"..., 16384) = 16384
16:28:26.982575 write(1, "", 0)         = 0
16:28:26.982609 read(0, "(198) [0x121c](-2, -1)important "..., 16384) = 16384
16:28:26.982930 write(1, "", 0)         = 0
16:28:26.982953 read(0, "\274\354\262\351\241\243\r\n2012-05-01 10:38:49 (255"..., 16384) = 16384
16:28:26.983356 write(1, "", 0)         = 0
16:28:26.983391 read(0, " : \327\324\266\257\274\354\262\351\317\337\263\314\275\341\312\370\265\332 566 \264\316\274\354\262\351"..., 16384) = 16384
16:28:26.983753 write(1, "", 0)         = 0
16:28:26.983775 read(0, "mportant : \323\303\273\247\312\375\276\335\277\342\316\304\274\376\264\346\324\332\243\254C"..., 16384) = 16384
16:28:26.984173 write(1, "", 0)         = 0
16:28:26.984218 read(0, "...\r\n2012-05-17 09:59:48 (582) ["..., 16384) = 16384
16:28:26.984553 write(1, "", 0)         = 0
16:28:26.984575 read(0, "ant : \327\324\266\257\274\354\262\351\317\337\263\314\277\252\312\274\265\332 71 \264\316\274\354"..., 16384) = 16384
16:28:26.984988 write(1, "", 0)         = 0
16:28:26.985011 read(0, "(673) [0x2ec](-2, -1)important :"..., 16384) = 16384
16:28:26.985313 write(1, "", 0)         = 0
16:28:26.985336 read(0, "\323\303res_mgr\265\304auto_check\241\243\r\n2012-05"..., 16384) = 16384
16:28:26.985758 write(1, "", 0)         = 0
16:28:26.985793 read(0, " -1)important : \327\324\266\257\274\354\262\351\317\337\263\314\277\252\312\274"..., 16384) = 16384
16:28:26.986123 write(1, "", 0)         = 0
16:28:26.986146 read(0, "\r\n2012-05-17 10:16:58 (842) [0x2"..., 16384) = 16384
16:28:26.986553 write(1, "", 0)         = 0
16:28:26.986587 read(0, " : \327\324\266\257\274\354\262\351\317\337\263\314\275\341\312\370\265\332 283 \264\316\274\354\262\351"..., 16384) = 16384
16:28:26.987243 write(1, "\377\377\314\275\375\217$\347u\236\375s\f\370\177\350\37\227\0\207\352\372\352\256Z@@v\227\313D\200"..., 16384) = 16384
16:28:26.987340 write(1, "sB\340\234\316\5h;6V\256%>\2477K\267\221rhH\272$\204\355\323\331\0m\307\300\256"..., 12566) = 12566
16:28:26.987398 read(0, ": {43C8BD5B-B292-4FBE-A686-F1196"..., 16384) = 16384
16:28:26.987822 write(1, "", 0)         = 0
16:28:26.987844 read(0, "\324\266\257\274\354\262\351\317\337\263\314\275\341\312\370\265\332 28 \264\316\274\354\262\351\241\243\r\n2"..., 16384) = 16384
16:28:26.988171 write(1, "", 0)         = 0
16:28:26.988208 read(0, " : \327\324\266\257\274\354\262\351\317\337\263\314\277\252\312\274\265\367\323\303res_mgr\265\304"..., 16384) = 16384
16:28:26.988615 write(1, "", 0)         = 0
16:28:26.988636 read(0, "\277\252\312\274\265\367\323\303res_mgr\265\304auto_check...\r\n"..., 16384) = 16384
16:28:26.988957 write(1, "", 0)         = 0
16:28:26.988999 read(0, "\263\314\275\341\312\370\265\367\323\303res_mgr\265\304auto_check\241\243\r"..., 16384) = 16384
16:28:26.989412 write(1, "", 0)         = 0
16:28:26.989433 read(0, "2, -1)important : \327\324\266\257\274\354\262\351\317\337\263\314\275\341"..., 16384) = 102
16:28:26.989472 read(0, "", 16282)      = 0
16:28:26.989622 write(1, "\377\325v\256=r\34\327\31\376\234\0\371\17\363q\tp\211\351\356\351\352\31\2\2\302\233\2\3\221a"..., 6464) = 6464
16:28:26.989696 brk(0x1aa4000)          = 0x1aa4000
16:28:26.989722 brk(0x1a94000)          = 0x1a94000
16:28:26.989762 brk(0x1a84000)          = 0x1a84000
16:28:26.989792 brk(0x1a83000)          = 0x1a83000
16:28:26.989826 exit_group(0)           = ?
