08:03:17.613399 execve("./zlib.x", ["./zlib.x"], [/* 51 vars */]) = 0 <0.000187>
08:03:17.613761 brk(0)                  = 0x755000 <0.000006>
08:03:17.613807 mmap(NULL, 4096, PROT_READ|PROT_WRITE, MAP_PRIVATE|MAP_ANONYMOUS, -1, 0) = 0x7f7ba43c0000 <0.000006>
08:03:17.613849 access("/etc/ld.so.preload", R_OK) = -1 ENOENT (No such file or directory) <0.000008>
08:03:17.613894 open("/etc/ld.so.cache", O_RDONLY) = 3 <0.000008>
08:03:17.613930 fstat(3, {st_mode=S_IFREG|0644, st_size=88601, ...}) = 0 <0.000006>
08:03:17.613985 mmap(NULL, 88601, PROT_READ, MAP_PRIVATE, 3, 0) = 0x7f7ba43aa000 <0.000007>
08:03:17.614014 close(3)                = 0 <0.000005>
08:03:17.614048 open("/lib64/libz.so.1", O_RDONLY) = 3 <0.000009>
08:03:17.614080 read(3, "\177ELF\2\1\1\0\0\0\0\0\0\0\0\0\3\0>\0\1\0\0\0000\37@\3126\0\0\0"..., 832) = 832 <0.000006>
08:03:17.614116 fstat(3, {st_mode=S_IFREG|0755, st_size=90952, ...}) = 0 <0.000006>
08:03:17.614153 mmap(0x36ca400000, 2183696, PROT_READ|PROT_EXEC, MAP_PRIVATE|MAP_DENYWRITE, 3, 0) = 0x36ca400000 <0.000007>
08:03:17.614181 mprotect(0x36ca415000, 2093056, PROT_NONE) = 0 <0.000008>
08:03:17.614210 mmap(0x36ca614000, 8192, PROT_READ|PROT_WRITE, MAP_PRIVATE|MAP_FIXED|MAP_DENYWRITE, 3, 0x14000) = 0x36ca614000 <0.000007>
08:03:17.614242 close(3)                = 0 <0.000005>
08:03:17.614274 open("/lib64/libc.so.6", O_RDONLY) = 3 <0.000008>
08:03:17.614304 read(3, "\177ELF\2\1\1\3\0\0\0\0\0\0\0\0\3\0>\0\1\0\0\0\360\355\201\3116\0\0\0"..., 832) = 832 <0.000006>
08:03:17.614337 fstat(3, {st_mode=S_IFREG|0755, st_size=1922112, ...}) = 0 <0.000005>
08:03:17.614373 mmap(0x36c9800000, 3745960, PROT_READ|PROT_EXEC, MAP_PRIVATE|MAP_DENYWRITE, 3, 0) = 0x36c9800000 <0.000006>
08:03:17.614401 mprotect(0x36c9989000, 2097152, PROT_NONE) = 0 <0.000007>
08:03:17.614428 mmap(0x36c9b89000, 20480, PROT_READ|PROT_WRITE, MAP_PRIVATE|MAP_FIXED|MAP_DENYWRITE, 3, 0x189000) = 0x36c9b89000 <0.000008>
08:03:17.614460 mmap(0x36c9b8e000, 18600, PROT_READ|PROT_WRITE, MAP_PRIVATE|MAP_FIXED|MAP_ANONYMOUS, -1, 0) = 0x36c9b8e000 <0.000006>
08:03:17.614488 close(3)                = 0 <0.000006>
08:03:17.614518 mmap(NULL, 4096, PROT_READ|PROT_WRITE, MAP_PRIVATE|MAP_ANONYMOUS, -1, 0) = 0x7f7ba43a9000 <0.000006>
08:03:17.614552 mmap(NULL, 4096, PROT_READ|PROT_WRITE, MAP_PRIVATE|MAP_ANONYMOUS, -1, 0) = 0x7f7ba43a8000 <0.000005>
08:03:17.614580 mmap(NULL, 4096, PROT_READ|PROT_WRITE, MAP_PRIVATE|MAP_ANONYMOUS, -1, 0) = 0x7f7ba43a7000 <0.000006>
08:03:17.614607 arch_prctl(ARCH_SET_FS, 0x7f7ba43a8700) = 0 <0.000005>
08:03:17.614677 mprotect(0x36c9b89000, 16384, PROT_READ) = 0 <0.000008>
08:03:17.614709 mprotect(0x36ca614000, 4096, PROT_READ) = 0 <0.000007>
08:03:17.614739 mprotect(0x36c921f000, 4096, PROT_READ) = 0 <0.000007>
08:03:17.614765 munmap(0x7f7ba43aa000, 88601) = 0 <0.000010>
08:03:17.614850 brk(0)                  = 0x755000 <0.000006>
08:03:17.614875 brk(0x777000)           = 0x777000 <0.000006>
08:03:17.614906 brk(0x7a7000)           = 0x7a7000 <0.000006>
08:03:17.614969 fstat(0, {st_mode=S_IFIFO|0600, st_size=0, ...}) = 0 <0.000006>
08:03:17.615007 mmap(NULL, 4096, PROT_READ|PROT_WRITE, MAP_PRIVATE|MAP_ANONYMOUS, -1, 0) = 0x7f7ba43bf000 <0.000006>
08:03:17.615034 read(0, "2012-03-03 16:12:18 (260) [0x27c"..., 16384) = 16384 <0.000042>
08:03:17.615379 fstat(1, {st_mode=S_IFREG|0664, st_size=0, ...}) = 0 <0.000006>
08:03:17.615416 mmap(NULL, 4096, PROT_READ|PROT_WRITE, MAP_PRIVATE|MAP_ANONYMOUS, -1, 0) = 0x7f7ba43be000 <0.000006>
08:03:17.615448 read(0, "_c_x\315\352\263\3111\243\254\263\254\312\261=2449\243\241\r\n2012-03-"..., 16384) = 16384 <0.000034>
08:03:17.615779 read(0, "\266\324\266\313\243\250219.229.37.164 : 1242\243\251\267\242\313"..., 16384) = 16384 <0.000024>
08:03:17.616103 read(0, ": \317\302\324\330, \267\275\317\362 : \325\375\317\362, \324\255\322\362 : succ"..., 16384) = 16384 <0.000035>
08:03:17.616510 read(0, ")important : \327\324\266\257\274\354\262\351\317\337\263\314\275\341\312\370\265\367\323"..., 16384) = 16384 <0.000035>
08:03:17.616841 read(0, "ror : NAT\316\264\326\252\243\254\267\305\306\372\264\362\266\264\326\326\327\323\301\254\275\323\241"..., 16384) = 16384 <0.000010>
08:03:17.617237 read(0, "ortant : FC(122.225.11.130:8080)"..., 16384) = 16384 <0.000035>
08:03:17.617566 read(0, ")important : \327\324\266\257\274\354\262\351\317\337\263\314\275\341\312\370\265\332 "..., 16384) = 16384 <0.000035>
08:03:17.617995 read(0, "rtant :  \327\312\324\264 67339 \312\325\265\275 \266\324\266\313 36"..., 16384) = 16384 <0.000033>
08:03:17.618353 read(0, "\243\254\267\305\306\372\264\362\266\264\326\326\327\323\301\254\275\323\241\243\r\n2012-03-03"..., 16384) = 16384 <0.000035>
08:03:17.618756 read(0, "205 : 1236\243\251\326\303\316\252\262\273\277\311\323\303\241\243\r\n2012-0"..., 16384) = 16384 <0.000056>
08:03:17.619091 read(0, "\254\304\277\265\304 : \317\302\324\330, \267\275\317\362 : \325\375\317\362, \324\255\322\362 "..., 16384) = 16384 <0.000025>
08:03:17.619473 read(0, ")important : \327\312\324\264 67337 \265\304block "..., 16384) = 16384 <0.000024>
08:03:17.619752 read(0, "\241\r\n2012-03-03 16:15:14 (423) [0x"..., 16384) = 16384 <0.000019>
08:03:17.620107 read(0, " : \325\375\317\362, \324\255\322\362 : success\241\243\r\n2012-"..., 16384) = 16384 <0.000035>
08:03:17.620418 read(0, "\322\351(p=0)\243\254\275\341\271\373=454\241\243\r\n2012-03-03 "..., 16384) = 16384 <0.000030>
08:03:17.620777 read(0, "\243\256\r\n2012-03-03 16:15:59 (603) [0"..., 16384) = 16384 <0.000019>
08:03:17.621088 read(0, "2012-03-03 16:16:15 (295) [0x12d"..., 16384) = 16384 <0.000036>
08:03:17.621501 read(0, "hunk, \272\366\302\324\243\254\320\264\275\341\271\373 : ignore\243\256\r\n2"..., 16384) = 16384 <0.000025>
08:03:17.621788 read(0, "0x12d4](-2, -1)important : \301\254\275\323\266"..., 16384) = 16384 <0.000020>
08:03:17.622158 read(0, "ant : \326\367\266\257\266\317\277\252\314\327\275\323\327\326 2700 \301\254\275\323.."..., 16384) = 16384 <0.000035>
08:03:17.622472 read(0, ":49 (701) [0x12d4](-2, -1)import"..., 16384) = 16384 <0.000024>
08:03:17.622814 read(0, "x34222d8 \243\250\314\327\275\323\327\326 : 3164\243\251\265\304proc"..., 16384) = 16384 <0.000019>
08:03:17.623341 write(1, "x\234\324\275}\257^\327u'\366w\7\230\357\360\364\257^\1\"\347\354\327\263\217\0\241\265,\2735"..., 4096) = 4096 <0.000023>
08:03:17.623409 write(1, "M\300\35\25i\223\2028\216\254\4j\t\266\336\250\233\341\n\267II\30h6\3519\22P\235\244\325"..., 12288) = 12288 <0.000023>
08:03:17.623624 write(1, "\336 o\364\31\177\214\231\225\316\262\332O?i\223\355\221\2\337t3\304J\247S\350\260\376\343\355N"..., 4096) = 4096 <0.000025>
08:03:17.623674 write(1, "f\352\301\23\353\2728,\324e\30\316\237\336\271\17\224\266X\240\324#\271`\240t\320P\221l$M"..., 8192) = 8192 <0.000017>
08:03:17.623719 read(0, "\264 67335 \307\353\307\363\317\302\324\330\243\254\277\311\312\307\324\332pp logon"..., 16384) = 16384 <0.000036>
08:03:17.624145 read(0, "c](-2, -1)error : NAT\316\264\326\252\243\254\267\305\306\372\264"..., 16384) = 16384 <0.000035>
08:03:17.624480 read(0, ".225.11.130 : 8080\243\251\267\242\313\315pp_logon"..., 16384) = 16384 <0.000035>
08:03:17.624876 read(0, ", -1)error : \322\354\263\243\243\272\327\312\324\264 67341 \307\353"..., 16384) = 16384 <0.000010>
08:03:17.625163 read(0, " \312\325\265\275 \266\324\266\313 1692\243\250122.225.11.144 "..., 16384) = 16384 <0.000036>
08:03:17.625561 read(0, "\324\330\265\304\277\351\243\254\326\367\266\257\266\317\277\252\301\254\275\323\241\243\r\n2012-03-"..., 16384) = 16384 <0.000037>
08:03:17.625869 read(0, "mgr\265\304auto_check...\r\n2012-03-03 1"..., 16384) = 16384 <0.000035>
08:03:17.626285 read(0, "\320\355\243\254\304\277\265\304 : \317\302\324\330, \267\275\317\362 : \325\375\317\362, \324\255"..., 16384) = 16384 <0.000037>
08:03:17.626593 read(0, "\r\n2012-03-03 16:21:09 (623) [0x1"..., 16384) = 16384 <0.000025>
08:03:17.627092 read(0, "important : \263\242\312\324\306\364\266\257\261\276\265\330pp\267\376\316\361\306\367"..., 16384) = 16384 <0.000026>
08:03:17.627489 read(0, "[0x1bb4](-2, -1)important : logi"..., 16384) = 16384 <0.000024>
08:03:17.627898 read(0, "t : shell_dig_hole\261\273\265\367\323\303\243\254res_id"..., 16384) = 16384 <0.000024>
08:03:17.628246 read(0, "t = 0\243\254\326\261\275\323\315\313\263\366\241\243\r\n2012-03-26 08"..., 16384) = 16384 <0.000026>
08:03:17.628635 read(0, "2\243\250122.225.11.146 : 8080\243\251\265\304\265\307\302\274"..., 16384) = 16384 <0.000027>
08:03:17.628938 read(0, "4\241\243\r\n2012-03-26 08:55:02 (230) ["..., 16384) = 16384 <0.000027>
08:03:17.629342 read(0, "\316\274\354\262\351......\r\n2012-03-26 08:55:33"..., 16384) = 16384 <0.000027>
08:03:17.629625 read(0, "12-03-26 08:56:19 (861) [0x1278]"..., 16384) = 16384 <0.000029>
08:03:17.630019 read(0, "\250\266\300\301\242\317\337\263\314\243\251\243\254sessions(0) = 0, re"..., 16384) = 16384 <0.000028>
08:03:17.630324 read(0, ") [0x12fc](-2, -3)important : \327\324"..., 16384) = 16384 <0.000028>
08:03:17.630709 read(0, "\323\303res_mgr\265\304auto_check\241\243\r\n2012-03"..., 16384) = 16384 <0.000028>
08:03:17.631015 read(0, "\265\367\323\303res_mgr\265\304auto_check...\r\n2012"..., 16384) = 16384 <0.000028>
08:03:17.631419 read(0, "fc](-2, -1)important : \327\324\266\257\274\354\262\351\317"..., 16384) = 16384 <0.000018>
08:03:17.631791 read(0, "ck...\r\n2012-03-26 09:02:03 (364)"..., 16384) = 16384 <0.000024>
08:03:17.632331 read(0, " upnp...\r\n2012-03-29 09:41:02 (4"..., 16384) = 16384 <0.000027>
08:03:17.632906 write(1, "\275y\204}\272\212yN\260\211\6\357\31)\360\303\241\223\356\342\211A\3r\251B\3532>K\\k"..., 4096) = 4096 <0.000024>
08:03:17.632985 write(1, "\315L\200\233\367\355JLk\3032]\217v\362\221\267\2226\252)\277U\324W\304\235|\5\355\234\336"..., 12288) = 12288 <0.000024>
08:03:17.633356 write(1, "\264[\377\227\202\324E\t~\17t\375_\n\372@vU\24\246\353\322'\323u\313\377v\341E{W"..., 4096) = 4096 <0.000053>
08:03:17.633471 write(1, "7CQ\31Z\320\233c\5\275a\300\224\202^m\241\366\267@-\270\v3p\342\33+\250\34\257\367"..., 12288) = 12288 <0.000068>
08:03:17.633568 read(0, "\351\317\337\263\314\275\341\312\370\265\332 30 \264\316\274\354\262\351\241\243\r\n2012-03"..., 16384) = 16384 <0.000045>
08:03:17.634028 read(0, "auto_check...\r\n2012-03-29 09:47:"..., 16384) = 16384 <0.000030>
08:03:17.634341 read(0, "\257\274\354\262\351\317\337\263\314\277\252\312\274\265\367\323\303res_mgr\265\304auto_c"..., 16384) = 16384 <0.000023>
08:03:17.634750 read(0, "09:54:57 (148) [0xa94](-2, -1)im"..., 16384) = 16384 <0.000024>
08:03:17.635101 read(0, "08 \264\316\274\354\262\351......\r\n2012-03-29 09:5"..., 16384) = 16384 <0.000024>
08:03:17.635502 read(0, "-2, -1)important : \327\324\266\257\274\354\262\351\317\337\263\314\275"..., 16384) = 16384 <0.000025>
08:03:17.635849 read(0, "2012-03-29 10:06:07 (304) [0xa94"..., 16384) = 16384 <0.000033>
08:03:17.636276 read(0, "\354\262\351\317\337\263\314\277\252\312\274\265\367\323\303res_mgr\265\304auto_che"..., 16384) = 16384 <0.000041>
08:03:17.636654 read(0, ":13:27 (415) [0xa94](-2, -1)impo"..., 16384) = 16384 <0.000024>
08:03:17.637084 read(0, " \264\316\274\354\262\351......\r\n2012-03-29 10:17:"..., 16384) = 16384 <0.000041>
08:03:17.637483 read(0, ", -1)important : \327\324\266\257\274\354\262\351\317\337\263\314\275\341\312"..., 16384) = 16384 <0.000025>
08:03:17.637943 read(0, "12-03-29 10:24:37 (580) [0xa94]("..., 16384) = 16384 <0.000027>
08:03:17.638300 read(0, "\351\317\337\263\314\277\252\312\274\265\367\323\303res_mgr\265\304auto_check"..., 16384) = 16384 <0.000027>
08:03:17.638764 read(0, "1:57 (680) [0xa94](-2, -1)import"..., 16384) = 16384 <0.000019>
08:03:17.639108 read(0, "\316\274\354\262\351......\r\n2012-03-29 10:35:42"..., 16384) = 16384 <0.000023>
08:03:17.639545 read(0, "-1)important : \327\324\266\257\274\354\262\351\317\337\263\314\275\341\312\370\265"..., 16384) = 16384 <0.000015>
08:03:17.639885 read(0, "-03-29 10:43:07 (841) [0xa94](-2"..., 16384) = 16384 <0.000042>
08:03:17.640347 read(0, "\337\263\314\277\252\312\274\265\367\323\303res_mgr\265\304auto_check.."..., 16384) = 16384 <0.000032>
08:03:17.640687 read(0, "27 (946) [0xa94](-2, -1)importan"..., 16384) = 16384 <0.000021>
08:03:17.641085 read(0, "2012-03-29 10:54:13 (23) [0xa94]"..., 16384) = 16384 <0.000009>
08:03:17.641381 read(0, "\257\274\354\262\351\317\337\263\314\277\252\312\274\265\367\323\303res_mgr\265\304auto_c"..., 16384) = 16384 <0.000008>
08:03:17.641767 read(0, " -1)important : \327\324\266\257\274\354\262\351\317\337\263\314\277\252\312\274"..., 16384) = 16384 <0.000020>
08:03:17.642118 read(0, "gr\265\304auto_check...\r\n2012-03-29 11"..., 16384) = 16384 <0.000008>
08:03:17.642481 read(0, "important : \327\324\266\257\274\354\262\351\317\337\263\314\275\341\312\370\265\367\323\303"..., 16384) = 16384 <0.000020>
08:03:17.642842 read(0, "03-29 11:12:43 (275) [0xa94](-2,"..., 16384) = 16384 <0.000008>
08:03:17.643222 read(0, "\275\341\312\370\265\332 1140 \264\316\274\354\262\351\241\243\r\n2012-03-29"..., 16384) = 16384 <0.000019>
08:03:17.643573 read(0, "-1)important : \327\324\266\257\274\354\262\351\317\337\263\314\277\252\312\274\265"..., 16384) = 16384 <0.000022>
08:03:17.644015 read(0, "-29 11:23:48 (440) [0xa94](-2, -"..., 16384) = 16384 <0.000021>
08:03:17.644376 read(0, "\312\274\265\367\323\303res_mgr\265\304auto_check...\r\n20"..., 16384) = 16384 <0.000019>
08:03:17.644805 read(0, "94](-2, -1)important : \327\324\266\257\274\354\262\351\317"..., 16384) = 16384 <0.000019>
08:03:17.645171 read(0, "ck\241\243\r\n2012-03-29 11:34:48 (583) "..., 16384) = 16384 <0.000019>
08:03:17.645775 write(1, "\5\235\356\372\352\355\253\327\1\27\370\302[r\360\25\356y\347\315\17\266`\367\356\237\260V\323Q\363\34"..., 4096) = 4096 <0.000021>
08:03:17.645837 write(1, "\252\n\243\341\235\226\220\271\227}~\200uK\332\342\27\267\254\302|\361\253\346j\r\357\264\304\314\206\230"..., 12288) = 12288 <0.000023>
08:03:17.646059 write(1, "\276W\23S\355\31\205\2610i\232\"\31\t\267\200\272\261P\342{5!\325\26\6\374\236\346\243\245M"..., 4096) = 4096 <0.000016>
08:03:17.646112 write(1, "*\333\360|\316n'\r\362f;\0\0\35\262\223\6\251\201\221\354\235_5gkx\357%\204\356;"..., 8192) = 8192 <0.000018>
08:03:17.646159 read(0, "\324\266\257\274\354\262\351\317\337\263\314\275\341\312\370\265\332 1405 \264\316\274\354\262\351\241\243\r"..., 16384) = 16384 <0.000021>
08:03:17.646556 read(0, "0xa94](-2, -1)important : \327\324\266\257\274\354"..., 16384) = 16384 <0.000022>
08:03:17.646987 read(0, "..\r\n2012-03-29 11:45:53 (713) [0"..., 16384) = 16384 <0.000046>
08:03:17.647367 read(0, "\257\274\354\262\351\317\337\263\314\277\252\312\274\265\367\323\303res_mgr\265\304auto_c"..., 16384) = 16384 <0.000046>
08:03:17.647824 read(0, " (800) [0xa94](-2, -1)important "..., 16384) = 16384 <0.000046>
08:03:17.648206 read(0, "r\265\304auto_check\241\243\r\n2012-03-29 11:5"..., 16384) = 16384 <0.000024>
08:03:17.648660 read(0, "important : \323\303\273\247\312\375\276\335\277\342\316\304\274\376\264\346\324\332\243\254"..., 16384) = 16384 <0.000025>
08:03:17.649018 read(0, "\r\n2012-03-31 10:03:34 (370) [0x1"..., 16384) = 16384 <0.000024>
08:03:17.649428 read(0, "\r\n2012-03-31 10:07:04 (421) [0x1"..., 16384) = 16384 <0.000047>
08:03:17.649797 read(0, "0:44 (555) [0x1700](-2, -1)impor"..., 16384) = 16384 <0.000046>
08:03:17.650242 read(0, "to_check...\r\n2012-03-31 10:14:24"..., 16384) = 16384 <0.000034>
08:03:17.650590 read(0, "\257\274\354\262\351\317\337\263\314\277\252\312\274\265\367\323\303res_mgr\265\304auto_c"..., 16384) = 16384 <0.000024>
08:03:17.651011 read(0, "1700](-2, -1)important : \327\324\266\257\274\354\262"..., 16384) = 16384 <0.000047>
08:03:17.651378 read(0, "012-03-31 10:25:24 (764) [0x1700"..., 16384) = 16384 <0.000024>
08:03:17.651785 read(0, "\263\314\277\252\312\274\265\332 341 \264\316\274\354\262\351......\r\n2012-"..., 16384) = 16384 <0.000048>
08:03:17.652155 read(0, "2, -1)important : \327\324\266\257\274\354\262\351\317\337\263\314\277\252"..., 16384) = 16384 <0.000023>
08:03:17.652562 read(0, "31 10:36:24 (875) [0x1700](-2, -"..., 16384) = 16384 <0.000046>
08:03:17.652916 read(0, "\341\312\370\265\332 472 \264\316\274\354\262\351\241\243\r\n2012-03-31 1"..., 16384) = 16384 <0.000023>
08:03:17.653349 read(0, "-1)important : \327\324\266\257\274\354\262\351\317\337\263\314\275\341\312\370\265"..., 16384) = 16384 <0.000023>
08:03:17.653704 read(0, "10:47:19 (996) [0x1700](-2, -1)i"..., 16384) = 16384 <0.000020>
08:03:17.654089 read(0, "012-03-31 10:51:05 (51) [0x1700]"..., 16384) = 16384 <0.000020>
08:03:17.654408 read(0, ")important : \327\324\266\257\274\354\262\351\317\337\263\314\275\341\312\370\265\367\323"..., 16384) = 16384 <0.000008>
08:03:17.654808 read(0, ":58:25 (149) [0x1700](-2, -1)imp"..., 16384) = 16384 <0.000020>
08:03:17.655163 read(0, "auto_check...\r\n2012-03-31 11:02:"..., 16384) = 16384 <0.000019>
08:03:17.655578 read(0, "\324\266\257\274\354\262\351\317\337\263\314\277\252\312\274\265\367\323\303res_mgr\265\304auto"..., 16384) = 16384 <0.000012>
08:03:17.655929 read(0, "0x1700](-2, -1)important : \327\324\266\257\274"..., 16384) = 16384 <0.000026>
08:03:17.656363 read(0, "\n2012-03-31 11:13:05 (351) [0x17"..., 16384) = 16384 <0.000046>
08:03:17.656721 read(0, "\317\337\263\314\277\252\312\274\265\332 913 \264\316\274\354\262\351......\r\n201"..., 16384) = 16384 <0.000024>
08:03:17.657159 read(0, "(-2, -1)important : \327\324\266\257\274\354\262\351\317\337\263\314"..., 16384) = 16384 <0.000034>
08:03:17.657824 write(1, "\24\216O\256\217\264}Jh\244\334\2\352\206D\211?\271\t\260\255\357\21\350QN\303&\355SD\177"..., 4096) = 4096 <0.000044>
08:03:17.657919 write(1, "\334\270X\333#\0\354\256<h\237\"\232(\247\1Ty\342\v\205\177,\264\317.\355\21\316\302\203\270"..., 12288) = 12288 <0.000027>
08:03:17.658079 write(1, "HO\t\325\312\221\32\220\333\361\2613\304\256\322\307\240\221\252h$\235&`\351R@n\307\305\332v"..., 4096) = 4096 <0.000016>
08:03:17.658131 write(1, "\327\2r;>\326\316Rx\\7\4\215TE#\3514\1K\227\2r;.6m\27\24\351a#"..., 8192) = 8192 <0.000018>
08:03:17.658177 read(0, "-03-31 11:24:05 (512) [0x1700](-"..., 16384) = 16384 <0.000021>
08:03:17.658579 read(0, "\303res_mgr\265\304auto_check\241\243\r\n2012-03-"..., 16384) = 16384 <0.000008>
08:03:17.658876 read(0, "\324\266\257\274\354\262\351\317\337\263\314\277\252\312\274\265\367\323\303res_mgr\265\304auto"..., 16384) = 16384 <0.000021>
08:03:17.659316 read(0, "00](-2, -1)important : \327\324\266\257\274\354\262\351\317"..., 16384) = 16384 <0.000020>
08:03:17.659667 read(0, "2-03-31 11:38:35 (664) [0x1700]("..., 16384) = 16384 <0.000008>
08:03:17.660053 read(0, "\304auto_check...\r\n2012-03-31 11:42"..., 16384) = 16384 <0.000019>
08:03:17.660399 read(0, "\274\354\262\351\317\337\263\314\277\252\312\274\265\332 1263 \264\316\274\354\262\351......"..., 16384) = 16384 <0.000019>
08:03:17.660828 read(0, "700](-2, -1)important : \327\324\266\257\274\354\262\351"..., 16384) = 16384 <0.000019>
08:03:17.661173 read(0, "11:53:10 (798) [0x1700](-2, -1)i"..., 16384) = 16384 <0.000019>
08:03:17.661581 read(0, ".....\r\n2012-03-31 11:56:50 (814)"..., 16384) = 16384 <0.000019>
08:03:17.661928 read(0, "\257\274\354\262\351\317\337\263\314\275\341\312\370\265\332 1437 \264\316\274\354\262\351\241\243\r\n2"..., 16384) = 16384 <0.000019>
08:03:17.662352 read(0, " -1)important : \327\324\266\257\274\354\262\351\317\337\263\314\275\341\312\370"..., 16384) = 16384 <0.000019>
08:03:17.662705 read(0, "(960) [0x1700](-2, -1)important "..., 16384) = 16384 <0.000022>
08:03:17.663137 read(0, "[0x1700](-2, -1)important : \327\324\266\257"..., 16384) = 16384 <0.000020>
08:03:17.663445 read(0, "31 12:15:06 (33) [0x1700](-2, -1"..., 16384) = 16384 <0.000019>
08:03:17.663832 read(0, "\274\265\367\323\303res_mgr\265\304auto_check...\r\n201"..., 16384) = 16384 <0.000020>
08:03:17.664184 read(0, "0](-2, -1)important : \327\324\266\257\274\354\262\351\317\337"..., 16384) = 16384 <0.000019>
08:03:17.664601 read(0, "k\241\243\r\n2012-03-31 12:26:06 (96) [0"..., 16384) = 16384 <0.000019>
08:03:17.664942 read(0, "2-03-31 12:29:46 (117) [0x1700]("..., 16384) = 16384 <0.000025>
08:03:17.665365 read(0, " \264\316\274\354\262\351......\r\n2012-03-31 12:33:"..., 16384) = 16384 <0.000046>
08:03:17.665736 read(0, "nt : \327\324\266\257\274\354\262\351\317\337\263\314\275\341\312\370\265\332 1876 \264\316\274"..., 16384) = 16384 <0.000024>
08:03:17.666190 read(0, "7) [0x1700](-2, -1)important : \327"..., 16384) = 16384 <0.000021>
08:03:17.666559 read(0, "\351\241\243\r\n2012-03-31 14:10:11 (83) [0"..., 16384) = 16384 <0.000021>
08:03:17.666989 read(0, "\332 1995 \264\316\274\354\262\351......\r\n2012-03-31 "..., 16384) = 16384 <0.000019>
08:03:17.667343 read(0, "mportant : \327\324\266\257\274\354\262\351\317\337\263\314\275\341\312\370\265\332 20"..., 16384) = 16384 <0.000019>
08:03:17.667769 read(0, ") [0x1700](-2, -1)important : \327\324"..., 16384) = 16384 <0.000008>
08:03:17.668080 read(0, "3-31 14:24:36 (297) [0x1700](-2,"..., 16384) = 16384 <0.000019>
08:03:17.668506 read(0, "\265\332 2169 \264\316\274\354\262\351\241\243\r\n2012-03-31 14:"..., 16384) = 16384 <0.000019>
08:03:17.668865 read(0, " : \327\324\266\257\274\354\262\351\317\337\263\314\275\341\312\370\265\367\323\303res_mgr\265\304"..., 16384) = 16384 <0.000009>
08:03:17.669271 read(0, "](-2, -1)important : \327\324\266\257\274\354\262\351\317\337\263"..., 16384) = 16384 <0.000019>
08:03:17.669628 read(0, "1 14:39:11 (443) [0x1700](-2, -1"..., 16384) = 16384 <0.000019>
08:03:17.670058 read(0, "mgr\265\304auto_check\241\243\r\n2012-03-31 14"..., 16384) = 16384 <0.000019>
08:03:17.670555 write(1, "\333\5\202\335\244\227\33\251\214&\322q\2\225\236\2\2249\375z#]\260v\226\302j\267+7R\31"..., 4096) = 4096 <0.000020>
08:03:17.670612 write(1, "\347\372i/[\252c#\355\243\247\335\5\4=\tw\355K\207\231\277\234\364\302-Z\252e?\257]"..., 12288) = 12288 <0.000024>
08:03:17.670871 write(1, "l\237\nM\224\323\0\252\\\361\203\233\34\253\247\274l\237\n\215\224\17\236r\305\17n\22\354\265\355\21"..., 4096) = 4096 <0.000015>
08:03:17.670922 write(1, "\20\364\344\334v\234\346\315\201\245h\251\226\215\264\267\204a\17\365l@\320\223r\373\322\301<K]\212"..., 8192) = 8192 <0.000019>
08:03:17.670999 read(0, "\262\351\317\337\263\314\277\252\312\274\265\367\323\303res_mgr\265\304auto_chec"..., 16384) = 16384 <0.000011>
08:03:17.671425 read(0, "2, -1)important : \327\324\266\257\274\354\262\351\317\337\263\314\277\252"..., 16384) = 16384 <0.000020>
08:03:17.671764 read(0, "31 14:53:41 (606) [0x1700](-2, -"..., 16384) = 16384 <0.000008>
08:03:17.672143 read(0, "_check...\r\n2012-03-31 14:57:21 ("..., 16384) = 16384 <0.000022>
08:03:17.672502 read(0, "\337\263\314\277\252\312\274\265\332 2563 \264\316\274\354\262\351......\r\n201"..., 16384) = 16384 <0.000019>
08:03:17.672928 read(0, "-2, -1)important : \327\324\266\257\274\354\262\351\317\337\263\314\275"..., 16384) = 16384 <0.000021>
08:03:17.673273 read(0, ":16 (729) [0x1700](-2, -1)import"..., 16384) = 16384 <0.000019>
08:03:17.673694 read(0, "\r\n2012-03-31 15:11:56 (752) [0x1"..., 16384) = 16384 <0.000020>
08:03:17.674063 read(0, "\317\337\263\314\275\341\312\370\265\332 2737 \264\316\274\354\262\351\241\243\r\n2012-0"..., 16384) = 16384 <0.000034>
08:03:17.674508 read(0, "mportant : \327\324\266\257\274\354\262\351\317\337\263\314\275\341\312\370\265\367\323\303r"..., 16384) = 16384 <0.000047>
08:03:17.674893 read(0, " [0x1700](-2, -1)important : \327\324\266"..., 16384) = 16384 <0.000023>
08:03:17.675326 read(0, "012-03-31 15:26:31 (899) [0x1700"..., 16384) = 16384 <0.000034>
08:03:17.675675 read(0, "\265\367\323\303res_mgr\265\304auto_check\241\243\r\n2012-"..., 16384) = 16384 <0.000024>
08:03:17.676105 read(0, "..\r\n2012-03-31 15:33:47 (2) [0x1"..., 16384) = 16384 <0.000021>
08:03:17.676418 read(0, "uto_check\241\243\r\n2012-03-31 15:37:27"..., 16384) = 16384 <0.000019>
08:03:17.676818 read(0, "ant : \327\324\266\257\274\354\262\351\317\337\263\314\275\341\312\370\265\332 3044 \264\316"..., 16384) = 16384 <0.000019>
08:03:17.677169 read(0, "portant : \327\324\266\257\274\354\262\351\317\337\263\314\275\341\312\370\265\332 308"..., 16384) = 16384 <0.000009>
08:03:17.677577 read(0, " [0x1700](-2, -1)important : \327\324\266"..., 16384) = 16384 <0.000020>
08:03:17.677929 read(0, "-31 15:52:07 (208) [0x1700](-2, "..., 16384) = 16384 <0.000010>
08:03:17.678359 read(0, "\332 3219 \264\316\274\354\262\351\241\243\r\n2012-03-31 15:5"..., 16384) = 16384 <0.000020>
08:03:17.678713 read(0, ": \327\324\266\257\274\354\262\351\317\337\263\314\275\341\312\370\265\367\323\303res_mgr\265\304a"..., 16384) = 16384 <0.000008>
08:03:17.679127 read(0, "(-2, -1)important : \327\324\266\257\274\354\262\351\317\337\263\314"..., 16384) = 16384 <0.000019>
08:03:17.679464 read(0, " 16:06:42 (473) [0x1700](-2, -1)"..., 16384) = 16384 <0.000019>
08:03:17.679880 read(0, "gr\265\304auto_check\241\243\r\n2012-03-31 16:"..., 16384) = 16384 <0.000009>
08:03:17.680195 read(0, "\351\317\337\263\314\277\252\312\274\265\367\323\303res_mgr\265\304auto_check"..., 16384) = 16384 <0.000010>
08:03:17.680594 read(0, ", -1)important : \327\324\266\257\274\354\262\351\317\337\263\314\277\252\312"..., 16384) = 16384 <0.000019>
08:03:17.680940 read(0, "1 16:21:12 (621) [0x1700](-2, -1"..., 16384) = 16384 <0.000019>
08:03:17.681363 read(0, "check...\r\n2012-03-31 16:24:52 (6"..., 16384) = 16384 <0.000020>
08:03:17.681710 read(0, "\263\314\277\252\312\274\265\332 3613 \264\316\274\354\262\351......\r\n2012"..., 16384) = 16384 <0.000019>
08:03:17.682136 read(0, "2, -1)important : \327\324\266\257\274\354\262\351\317\337\263\314\275\341"..., 16384) = 16384 <0.000020>
08:03:17.682492 read(0, "47 (781) [0x1700](-2, -1)importa"..., 16384) = 16384 <0.000019>
08:03:17.682908 read(0, "\n2012-03-31 16:39:27 (822) [0x17"..., 16384) = 16384 <0.000020>
08:03:17.683261 read(0, "\337\263\314\275\341\312\370\265\332 3787 \264\316\274\354\262\351\241\243\r\n2012-03"..., 16384) = 16384 <0.000034>
08:03:17.683747 write(1, "\264T\313&\332{\302\260\345\200\r\10zr\356\n\271\273\366\242\245Z6\322N\23\260v\25\20\364\244"..., 4096) = 4096 <0.000020>
08:03:17.683804 write(1, "\2730\260\354V\220\362\324\334\367\343|\231?\352\35\315J\265l\224\235\32p\366\20\230\303\357q\261R"..., 12288) = 12288 <0.000024>
08:03:17.684160 write(1, "\35\265$?\265\251\261'\303\316\344\315\372\224h\224\374\375\27\310eg-\311OmJ\354\373\216@\260"..., 4096) = 4096 <0.000027>
08:03:17.684212 write(1, "gW\202\224\247\344\306\321a3+\365lV\352\207\275n.\t\3\315\356\4)O\315=M\2327\367"..., 12288) = 12288 <0.000022>
08:03:17.684291 read(0, "portant : \327\324\266\257\274\354\262\351\317\337\263\314\275\341\312\370\265\367\323\303re"..., 16384) = 16384 <0.000039>
08:03:17.684663 read(0, "[0x1700](-2, -1)important : \327\324\266\257"..., 16384) = 16384 <0.000024>
08:03:17.685049 read(0, "\304auto_check...\r\n2012-03-31 16:54"..., 16384) = 16384 <0.000024>
08:03:17.685378 read(0, "ortant : \327\324\266\257\274\354\262\351\317\337\263\314\275\341\312\370\265\367\323\303res"..., 16384) = 16384 <0.000020>
08:03:17.685801 read(0, "](-2, -1)important : \327\324\266\257\274\354\262\351\317\337\263"..., 16384) = 16384 <0.000010>
08:03:17.686106 read(0, "5:03 (174) [0x1700](-2, -1)impor"..., 16384) = 16384 <0.000019>
08:03:17.686518 read(0, "\316\274\354\262\351\241\243\r\n2012-03-31 17:08:43 (22"..., 16384) = 16384 <0.000020>
08:03:17.686865 read(0, "\262\351\317\337\263\314\275\341\312\370\265\367\323\303res_mgr\265\304auto_chec"..., 16384) = 16384 <0.000008>
08:03:17.687239 read(0, "important : \327\324\266\257\274\354\262\351\317\337\263\314\277\252\312\274\265\367\323\303"..., 16384) = 16384 <0.000019>
08:03:17.687594 read(0, "8 (385) [0x1700](-2, -1)importan"..., 16384) = 16384 <0.000008>
08:03:17.687961 read(0, "_check\241\243\r\n2012-03-31 17:23:13 (4"..., 16384) = 16384 <0.000019>
08:03:17.688280 read(0, "\274\265\367\323\303res_mgr\265\304auto_check...\r\n201"..., 16384) = 16384 <0.000018>
08:03:17.688691 read(0, "ortant : \327\324\266\257\274\354\262\351\317\337\263\314\277\252\312\274\265\332 4357"..., 16384) = 16384 <0.000019>
08:03:17.689035 read(0, "08 (612) [0x1700](-2, -1)importa"..., 16384) = 16384 <0.000008>
08:03:17.689405 read(0, "\r\n2012-03-31 17:37:48 (667) [0x1"..., 16384) = 16384 <0.000021>
08:03:17.689728 read(0, " 4488 \264\316\274\354\262\351......\r\n2012-03-31 1"..., 16384) = 16384 <0.000008>
08:03:17.690107 read(0, "portant : \327\324\266\257\274\354\262\351\317\337\263\314\275\341\312\370\265\332 453"..., 16384) = 16384 <0.000019>
08:03:17.690451 read(0, " [0x1700](-2, -1)important : \327\324\266"..., 16384) = 16384 <0.000019>
08:03:17.690878 read(0, "-31 17:52:23 (892) [0x1700](-2, "..., 16384) = 16384 <0.000008>
08:03:17.691174 read(0, "\332 4662 \264\316\274\354\262\351\241\243\r\n2012-03-31 17:5"..., 16384) = 16384 <0.000019>
08:03:17.691594 read(0, ": \327\324\266\257\274\354\262\351\317\337\263\314\275\341\312\370\265\367\323\303res_mgr\265\304a"..., 16384) = 16384 <0.000019>
08:03:17.691948 read(0, "\317\337\263\314\277\252\312\274\265\367\323\303res_mgr\265\304auto_check."..., 16384) = 16384 <0.000020>
08:03:17.692330 read(0, " \327\324\266\257\274\354\262\351\317\337\263\314\275\341\312\370\265\367\323\303res_mgr\265\304au"..., 16384) = 16384 <0.000056>
08:03:17.692723 read(0, ":39 (71) [0x1700](-2, -1)importa"..., 16384) = 16384 <0.000033>
08:03:17.693160 read(0, "18:14:19 (113) [0x1700](-2, -1)i"..., 16384) = 16384 <0.000098>
08:03:17.693667 read(0, "1)important : \327\324\266\257\274\354\262\351\317\337\263\314\277\252\312\274\265\332"..., 16384) = 16384 <0.000055>
08:03:17.694171 read(0, "-2, -1)important : \327\324\266\257\274\354\262\351\317\337\263\314\277"..., 16384) = 16384 <0.000044>
08:03:17.694560 read(0, "_check...\r\n2012-04-01 09:58:59 ("..., 16384) = 16384 <0.000039>
08:03:17.695233 write(1, "\354\324\200\263\207\300|\267?/Wj\34\35\10wfoW\252c\223\354\303\260\360\3\322\tR\236\232"..., 4096) = 4096 <0.000065>
08:03:17.695365 write(1, "\366\t\321\222r1@VN\370\225\33\27{\354\21\230\362\240}B\264\242\\\rP\225#~\345\306\307"..., 12288) = 12288 <0.000052>
08:03:17.695538 write(1, "v\26P\351\361\271I\344\26\355aKelI\273%t\234\333Y@\245\307\341\316y\351@\16w."..., 4096) = 4096 <0.000026>
08:03:17.695589 write(1, "\235\202\226J\331\212\366\234\320\355\23\2774\240\322\343s\223\310-\332\203\226J\331\222v5A\326\216\2"..., 8192) = 8192 <0.000019>
08:03:17.695656 read(0, "\354\262\351\317\337\263\314\277\252\312\274\265\367\323\303res_mgr\265\304auto_che"..., 16384) = 16384 <0.000012>
08:03:17.696056 read(0, "_check...\r\n2012-04-01 22:02:32 ("..., 16384) = 16384 <0.000008>
08:03:17.696433 read(0, "nt : \327\324\266\257\274\354\262\351\317\337\263\314\275\341\312\370\265\367\323\303res_mgr"..., 16384) = 16384 <0.000019>
08:03:17.696770 read(0, "\277\252\312\274\265\332 104 \264\316\274\354\262\351......\r\n2012-04"..., 16384) = 16384 <0.000008>
08:03:17.697160 read(0, ": \327\324\266\257\274\354\262\351\317\337\263\314\275\341\312\370\265\332 146 \264\316\274\354\262\351\241"..., 16384) = 16384 <0.000019>
08:03:17.697493 read(0, "ant : \327\324\266\257\274\354\262\351\317\337\263\314\275\341\312\370\265\367\323\303res_mg"..., 16384) = 16384 <0.000019>
08:03:17.697926 read(0, "(872) [0x1948](-2, -1)important "..., 16384) = 16384 <0.000010>
08:03:17.698281 read(0, "4:12 (923) [0x1948](-2, -1)impor"..., 16384) = 16384 <0.000019>
08:03:17.698696 read(0, "2-04-01 22:27:47 (969) [0x1948]("..., 16384) = 16384 <0.000020>
08:03:17.699008 read(0, "\r\n2012-04-01 22:31:23 (16) [0x19"..., 16384) = 16384 <0.000021>
08:03:17.699400 read(0, "\257\274\354\262\351\317\337\263\314\277\252\312\274\265\367\323\303res_mgr\265\304auto_c"..., 16384) = 16384 <0.000020>
08:03:17.699729 read(0, "](-2, -1)important : \327\324\266\257\274\354\262\351\317\337\263"..., 16384) = 16384 <0.000008>
08:03:17.700111 read(0, "\351\317\337\263\314\275\341\312\370\265\332 492 \264\316\274\354\262\351\241\243\r\n2012-0"..., 16384) = 16384 <0.000020>
08:03:17.700445 read(0, "](-2, -1)important : \327\324\266\257\274\354\262\351\317\337\263"..., 16384) = 16384 <0.000008>
08:03:17.700822 read(0, "0x1948](-2, -1)important : \327\324\266\257\274"..., 16384) = 16384 <0.000008>
08:03:17.701130 read(0, "74) [0x1948](-2, -1)important : "..., 16384) = 16384 <0.000019>
08:03:17.701542 read(0, " 22:56:38 (314) [0x1948](-2, -1)"..., 16384) = 16384 <0.000034>
08:03:17.701916 read(0, "\370\265\332 708 \264\316\274\354\262\351\241\243\r\n2012-04-01 23:"..., 16384) = 16384 <0.000034>
08:03:17.702364 read(0, "\337\263\314\275\341\312\370\265\367\323\303res_mgr\265\304auto_check\241\243"..., 16384) = 16384 <0.000046>
08:03:17.702732 read(0, "\274\354\262\351\317\337\263\314\277\252\312\274\265\367\323\303res_mgr\265\304auto_ch"..., 16384) = 16384 <0.000025>
08:03:17.703168 read(0, "948](-2, -1)important : \327\324\266\257\274\354\262\351"..., 16384) = 16384 <0.000020>
08:03:17.703525 read(0, "8 (562) [0x1948](-2, -1)importan"..., 16384) = 16384 <0.000008>
08:03:17.703894 read(0, "2, -1)important : \265\310\264\375\274\354\262\351\317\337\263\314\275\341"..., 16384) = 16384 <0.000008>
08:03:17.704216 read(0, " 19:06:18 (704) [0x908](-2, -1)i"..., 16384) = 16384 <0.000009>
08:03:17.704550 read(0, "\330\270\264\301\254\275\323...\r\n2012-04-17 19:06:30 "..., 16384) = 16384 <0.000019>
08:03:17.704807 read(0, "\266\317\277\252\314\327\275\323\327\326 2760 \301\254\275\323...\r\n2012-04"..., 16384) = 16384 <0.000008>
08:03:17.705266 write(1, ",\234\214\254(\317\t\35\207r\26p%\307\247\36\17\22\34\224\334\303\322\311\310\222rK\350\266\241\245"..., 4096) = 4096 <0.000020>
08:03:17.705323 write(1, "8\1U\316\5(96\25]\310A\271S>Y2\244<\365Y\36\3\360\362\271\356\267-#Uf"..., 12288) = 12288 <0.000026>
08:03:17.705616 write(1, "\226\304\30\240\235n\2444\32\222.\t\251\366\351t\200\266cbe\272\200`G\351\323\215\224F#\322"..., 4096) = 4096 <0.000025>
08:03:17.705666 write(1, "R\26=_:\221\200Ig\3\264\35\33\33\326\262$\32i\3434R\26\rIG\23`\351T\200\266"..., 8192) = 8192 <0.000019>
08:03:17.705732 read(0, "46 \264\316\274\354\262\351......\r\n2012-04-17 19:1"..., 16384) = 16384 <0.000011>
08:03:17.706070 read(0, "\241\243\r\n2012-04-17 19:13:44 (399) [0"..., 16384) = 16384 <0.000008>
08:03:17.706428 read(0, ":17:19 (547) [0x124c](-2, -1)imp"..., 16384) = 16384 <0.000020>
08:03:17.706812 read(0, "706) [0x16a4](-2, -1)important :"..., 16384) = 16384 <0.000009>
08:03:17.707195 read(0, "\257\274\354\262\351\317\337\263\314\277\252\312\274\265\332 40 \264\316\274\354\262\351......\r"..., 16384) = 16384 <0.000009>
08:03:17.707526 read(0, "\257\274\354\262\351\317\337\263\314\275\341\312\370\265\367\323\303res_mgr\265\304auto_c"..., 16384) = 16384 <0.000019>
08:03:17.707938 read(0, "\263\314\275\341\312\370\265\367\323\303res_mgr\265\304auto_check\241\243\r"..., 16384) = 16384 <0.000021>
08:03:17.708297 read(0, "2, -1)important : \327\324\266\257\274\354\262\351\317\337\263\314\275\341"..., 16384) = 16384 <0.000008>
08:03:17.708704 read(0, "01 10:13:03 (845) [0x121c](-2, -"..., 16384) = 16384 <0.000019>
08:03:17.709048 read(0, "mgr\265\304auto_check...\r\n2012-05-01 1"..., 16384) = 16384 <0.000019>
08:03:17.709468 read(0, "t : \327\324\266\257\274\354\262\351\317\337\263\314\277\252\312\274\265\367\323\303res_mgr\265"..., 16384) = 16384 <0.000019>
08:03:17.709775 read(0, "\314\275\341\312\370\265\367\323\303res_mgr\265\304auto_check\241\243\r\n"..., 16384) = 16384 <0.000008>
08:03:17.710128 read(0, "1c](-2, -1)important : \327\324\266\257\274\354\262\351\317"..., 16384) = 16384 <0.000019>
08:03:17.710459 read(0, "ant : \327\324\266\257\274\354\262\351\317\337\263\314\277\252\312\274\265\332 435 \264\316\274"..., 16384) = 16384 <0.000008>
08:03:17.710868 read(0, "(198) [0x121c](-2, -1)important "..., 16384) = 16384 <0.000034>
08:03:17.711223 read(0, "\274\354\262\351\241\243\r\n2012-05-01 10:38:49 (255"..., 16384) = 16384 <0.000024>
08:03:17.711641 read(0, " : \327\324\266\257\274\354\262\351\317\337\263\314\275\341\312\370\265\332 566 \264\316\274\354\262\351"..., 16384) = 16384 <0.000046>
08:03:17.712038 read(0, "mportant : \323\303\273\247\312\375\276\335\277\342\316\304\274\376\264\346\324\332\243\254C"..., 16384) = 16384 <0.000010>
08:03:17.712437 read(0, "...\r\n2012-05-17 09:59:48 (582) ["..., 16384) = 16384 <0.000020>
08:03:17.712794 read(0, "ant : \327\324\266\257\274\354\262\351\317\337\263\314\277\252\312\274\265\332 71 \264\316\274\354"..., 16384) = 16384 <0.000019>
08:03:17.713224 read(0, "(673) [0x2ec](-2, -1)important :"..., 16384) = 16384 <0.000019>
08:03:17.713575 read(0, "\323\303res_mgr\265\304auto_check\241\243\r\n2012-05"..., 16384) = 16384 <0.000008>
08:03:17.713973 read(0, " -1)important : \327\324\266\257\274\354\262\351\317\337\263\314\277\252\312\274"..., 16384) = 16384 <0.000027>
08:03:17.714323 read(0, "\r\n2012-05-17 10:16:58 (842) [0x2"..., 16384) = 16384 <0.000008>
08:03:17.714737 read(0, " : \327\324\266\257\274\354\262\351\317\337\263\314\275\341\312\370\265\332 283 \264\316\274\354\262\351"..., 16384) = 16384 <0.000019>
08:03:17.715420 write(1, "{\267\333\372\314\301\311Q\270l\225t\251\345 \253#\233\251\365\7y?\316\307x\220\316\313\330\332\35"..., 4096) = 4096 <0.000023>
08:03:17.715489 write(1, "\310X8\215\224EC\322\321\4X:\25\240\355\230\330\264]h*\374-\272\242p\32)\213F\244\303"..., 12288) = 12288 <0.000033>
08:03:17.715566 write(1, "h;&V\266\v\304A\263u\3416R\16\215H\317\t\201##\27\240\355\330\330t-\211\263O\353"..., 4096) = 4096 <0.000025>
08:03:17.715615 write(1, "\373i\300\\\333\275yx\212\250w\376\366\205\37\360\342\322o\215\233O\357\\\273v\351\346\341\336\376\245"..., 8192) = 8192 <0.000018>
08:03:17.715682 read(0, ": {43C8BD5B-B292-4FBE-A686-F1196"..., 16384) = 16384 <0.000013>
08:03:17.716121 read(0, "\324\266\257\274\354\262\351\317\337\263\314\275\341\312\370\265\332 28 \264\316\274\354\262\351\241\243\r\n2"..., 16384) = 16384 <0.000019>
08:03:17.716467 read(0, " : \327\324\266\257\274\354\262\351\317\337\263\314\277\252\312\274\265\367\323\303res_mgr\265\304"..., 16384) = 16384 <0.000008>
08:03:17.716868 read(0, "\277\252\312\274\265\367\323\303res_mgr\265\304auto_check...\r\n"..., 16384) = 16384 <0.000007>
08:03:17.717200 read(0, "\263\314\275\341\312\370\265\367\323\303res_mgr\265\304auto_check\241\243\r"..., 16384) = 16384 <0.000031>
08:03:17.717657 read(0, "2, -1)important : \327\324\266\257\274\354\262\351\317\337\263\314\275\341"..., 16384) = 102 <0.000017>
08:03:17.717720 read(0, "", 12288)      = 0 <0.000025>
08:03:17.717890 write(1, "6\26\16\1Qc!\311\327jlj\213QG\341N\323$\311\220\360\24\20v\236&\311\327jL\252"..., 4096) = 4096 <0.000028>
08:03:17.717958 write(1, "#6\324F\373\200\4\247\353\236\7d\333P\223|aF\207:\f\32u\33\3059\t\206t;\337\241"..., 4096) = 4096 <0.000011>
08:03:17.718004 brk(0x797000)           = 0x797000 <0.000010>
08:03:17.718032 brk(0x787000)           = 0x787000 <0.000013>
08:03:17.718075 brk(0x777000)           = 0x777000 <0.000012>
08:03:17.718106 brk(0x776000)           = 0x776000 <0.000007>
08:03:17.718137 write(1, "\v\220vt\254\3\261\275t\263\"\345\320\220t\2370\313\270e\344\2\244\35\5;\355\272\v\10\266\227"..., 370) = 370 <0.000015>
08:03:17.718212 exit_group(0)           = ?
