16:40:36.257475 execve("./zlib.x.noprefetch", ["./zlib.x.noprefetch"], [/* 54 vars */]) = 0
16:40:36.257852 brk(0)                  = 0x1440000
16:40:36.257896 mmap(NULL, 4096, PROT_READ|PROT_WRITE, MAP_PRIVATE|MAP_ANONYMOUS, -1, 0) = 0x7f16ec8f4000
16:40:36.257934 access("/etc/ld.so.preload", R_OK) = -1 ENOENT (No such file or directory)
16:40:36.258081 open("/etc/ld.so.cache", O_RDONLY) = 3
16:40:36.258257 fstat(3, {st_mode=S_IFREG|0644, st_size=88623, ...}) = 0
16:40:36.258339 mmap(NULL, 88623, PROT_READ, MAP_PRIVATE, 3, 0) = 0x7f16ec8de000
16:40:36.258374 close(3)                = 0
16:40:36.258410 open("/lib64/libz.so.1", O_RDONLY) = 3
16:40:36.258441 read(3, "\177ELF\2\1\1\0\0\0\0\0\0\0\0\0\3\0>\0\1\0\0\0000\37@\3126\0\0\0"..., 832) = 832
16:40:36.258476 fstat(3, {st_mode=S_IFREG|0755, st_size=90952, ...}) = 0
16:40:36.258514 mmap(0x36ca400000, 2183696, PROT_READ|PROT_EXEC, MAP_PRIVATE|MAP_DENYWRITE, 3, 0) = 0x36ca400000
16:40:36.258541 mprotect(0x36ca415000, 2093056, PROT_NONE) = 0
16:40:36.258568 mmap(0x36ca614000, 8192, PROT_READ|PROT_WRITE, MAP_PRIVATE|MAP_FIXED|MAP_DENYWRITE, 3, 0x14000) = 0x36ca614000
16:40:36.258601 close(3)                = 0
16:40:36.258632 open("/lib64/libc.so.6", O_RDONLY) = 3
16:40:36.258660 read(3, "\177ELF\2\1\1\3\0\0\0\0\0\0\0\0\3\0>\0\1\0\0\0\360\355\201\3116\0\0\0"..., 832) = 832
16:40:36.258691 fstat(3, {st_mode=S_IFREG|0755, st_size=1922112, ...}) = 0
16:40:36.258727 mmap(0x36c9800000, 3745960, PROT_READ|PROT_EXEC, MAP_PRIVATE|MAP_DENYWRITE, 3, 0) = 0x36c9800000
16:40:36.258752 mprotect(0x36c9989000, 2097152, PROT_NONE) = 0
16:40:36.258778 mmap(0x36c9b89000, 20480, PROT_READ|PROT_WRITE, MAP_PRIVATE|MAP_FIXED|MAP_DENYWRITE, 3, 0x189000) = 0x36c9b89000
16:40:36.258808 mmap(0x36c9b8e000, 18600, PROT_READ|PROT_WRITE, MAP_PRIVATE|MAP_FIXED|MAP_ANONYMOUS, -1, 0) = 0x36c9b8e000
16:40:36.258835 close(3)                = 0
16:40:36.258873 mmap(NULL, 4096, PROT_READ|PROT_WRITE, MAP_PRIVATE|MAP_ANONYMOUS, -1, 0) = 0x7f16ec8dd000
16:40:36.258915 mmap(NULL, 4096, PROT_READ|PROT_WRITE, MAP_PRIVATE|MAP_ANONYMOUS, -1, 0) = 0x7f16ec8dc000
16:40:36.258997 mmap(NULL, 4096, PROT_READ|PROT_WRITE, MAP_PRIVATE|MAP_ANONYMOUS, -1, 0) = 0x7f16ec8db000
16:40:36.259028 arch_prctl(ARCH_SET_FS, 0x7f16ec8dc700) = 0
16:40:36.259109 mprotect(0x36c9b89000, 16384, PROT_READ) = 0
16:40:36.259220 mprotect(0x36ca614000, 4096, PROT_READ) = 0
16:40:36.259263 mprotect(0x36c921f000, 4096, PROT_READ) = 0
16:40:36.259291 munmap(0x7f16ec8de000, 88623) = 0
16:40:36.259375 brk(0)                  = 0x1440000
16:40:36.259406 brk(0x1462000)          = 0x1462000
16:40:36.259436 brk(0x1492000)          = 0x1492000
16:40:36.259494 read(0, "2012-03-03 16:12:18 (260) [0x27c"..., 524288) = 98304
16:40:36.259592 read(0, "ortant : FC(122.225.11.130:8080)"..., 425984) = 98304
16:40:36.259679 read(0, ")important : \327\312\324\264 67337 \265\304block "..., 327680) = 98304
16:40:36.259748 read(0, "hunk, \272\366\302\324\243\254\320\264\275\341\271\373 : ignore\243\256\r\n2"..., 229376) = 98304
16:40:36.259814 read(0, "c](-2, -1)error : NAT\316\264\326\252\243\254\267\305\306\372\264"..., 131072) = 98304
16:40:36.259878 read(0, "\320\355\243\254\304\277\265\304 : \317\302\324\330, \267\275\317\362 : \325\375\317\362, \324\255"..., 32768) = 32768
16:40:36.268935 write(1, "x\234\324\275}\257^\327u'\366w\7\230\357\360\364\257^\1\"\347\354\327\263\217\0\241\265,\2735"..., 31112) = 31112
16:40:36.269036 read(0, "important : \263\242\312\324\306\364\266\257\261\276\265\330pp\267\376\316\361\306\367"..., 524288) = 98304
16:40:36.269132 read(0, "\316\274\354\262\351......\r\n2012-03-26 08:55:33"..., 425984) = 98304
16:40:36.269231 read(0, "fc](-2, -1)important : \327\324\266\257\274\354\262\351\317"..., 327680) = 163840
16:40:36.269409 read(0, "\354\262\351\317\337\263\314\277\252\312\274\265\367\323\303res_mgr\265\304auto_che"..., 163840) = 163840
16:40:36.280728 write(1, "\376\177\356\336\265G\223\343:\23\374\274\3\314\177x\367[5\320\325\316\210\274E\20\313\365\260\233\344\214"..., 31642) = 31642
16:40:36.280975 read(0, "\337\263\314\277\252\312\274\265\367\323\303res_mgr\265\304auto_check.."..., 524288) = 262144
16:40:36.281437 read(0, "..\r\n2012-03-29 11:45:53 (713) [0"..., 262144) = 131072
16:40:36.281732 read(0, "to_check...\r\n2012-03-31 10:14:24"..., 131072) = 131072
16:40:36.293506 write(1, "\377x{\273\226\353\332,=k\333\177Q\233-\4Ys\256\217k\256\206\336\10d\307\r%\250{\226"..., 29982) = 29982
16:40:36.293667 read(0, "-1)important : \327\324\266\257\274\354\262\351\317\337\263\314\275\341\312\370\265"..., 524288) = 229376
16:40:36.294005 read(0, "00](-2, -1)important : \327\324\266\257\274\354\262\351\317"..., 294912) = 163840
16:40:36.294304 read(0, "[0x1700](-2, -1)important : \327\324\266\257"..., 131072) = 131072
16:40:36.304034 write(1, "G\333\333\377Zr]gz?'@\376\207\373\243\4\2509\247>O\25\1\3!))102\f"..., 29356) = 29356
16:40:36.304279 read(0, "7) [0x1700](-2, -1)important : \327"..., 524288) = 163840
16:40:36.304539 read(0, "mgr\265\304auto_check\241\243\r\n2012-03-31 14"..., 360448) = 98304
16:40:36.304726 read(0, "-2, -1)important : \327\324\266\257\274\354\262\351\317\337\263\314\275"..., 262144) = 98304
16:40:36.304864 read(0, "012-03-31 15:26:31 (899) [0x1700"..., 163840) = 98304
16:40:36.304984 read(0, " [0x1700](-2, -1)important : \327\324\266"..., 65536) = 65536
16:40:36.314908 write(1, "\323\366n=\267d\327y\336u\376\305\276\244\0\202XUkU\255\265\10\30\210\21\337\344\"\201\341$"..., 29410) = 29410
16:40:36.315079 read(0, "(-2, -1)important : \327\324\266\257\274\354\262\351\317\337\263\314"..., 524288) = 98304
16:40:36.315214 read(0, "check...\r\n2012-03-31 16:24:52 (6"..., 425984) = 98304
16:40:36.315329 read(0, "portant : \327\324\266\257\274\354\262\351\317\337\263\314\275\341\312\370\265\367\323\303re"..., 327680) = 98304
16:40:36.315461 read(0, "\316\274\354\262\351\241\243\r\n2012-03-31 17:08:43 (22"..., 229376) = 98304
16:40:36.315618 read(0, "ortant : \327\324\266\257\274\354\262\351\317\337\263\314\277\252\312\274\265\332 4357"..., 131072) = 98304
16:40:36.315786 read(0, "-31 17:52:23 (892) [0x1700](-2, "..., 32768) = 32768
16:40:36.325448 write(1, "\377i{\203$\307\225f=v+\32jX \t\200\324\376W\361V\363\232\221\315J\205n\34\4\335"..., 29070) = 29070
16:40:36.325603 read(0, ": \327\324\266\257\274\354\262\351\317\337\263\314\275\341\312\370\265\367\323\303res_mgr\265\304a"..., 524288) = 98304
16:40:36.325737 read(0, "-2, -1)important : \327\324\266\257\274\354\262\351\317\337\263\314\277"..., 425984) = 98304
16:40:36.325869 read(0, ": \327\324\266\257\274\354\262\351\317\337\263\314\275\341\312\370\265\332 146 \264\316\274\354\262\351\241"..., 327680) = 98304
16:40:36.326003 read(0, "\257\274\354\262\351\317\337\263\314\277\252\312\274\265\367\323\303res_mgr\265\304auto_c"..., 229376) = 98304
16:40:36.326154 read(0, " 22:56:38 (314) [0x1948](-2, -1)"..., 131072) = 98304
16:40:36.326316 read(0, "2, -1)important : \265\310\264\375\274\354\262\351\317\337\263\314\275\341"..., 32768) = 32768
16:40:36.335903 write(1, "\377\177\332\336\266\327\326\354*\323\373\234H\371\17\373\243-\271\334\353y\237OI\226\342\362K\202\324 "..., 29520) = 29520
16:40:36.336065 read(0, "\330\270\264\301\254\275\323...\r\n2012-04-17 19:06:30 "..., 524288) = 98304
16:40:36.336193 read(0, "\257\274\354\262\351\317\337\263\314\277\252\312\274\265\332 40 \264\316\274\354\262\351......\r"..., 425984) = 98304
16:40:36.336310 read(0, "t : \327\324\266\257\274\354\262\351\317\337\263\314\277\252\312\274\265\367\323\303res_mgr\265"..., 327680) = 98304
16:40:36.336436 read(0, " : \327\324\266\257\274\354\262\351\317\337\263\314\275\341\312\370\265\332 566 \264\316\274\354\262\351"..., 229376) = 98304
16:40:36.336610 read(0, " -1)important : \327\324\266\257\274\354\262\351\317\337\263\314\277\252\312\274"..., 131072) = 98304
16:40:36.336718 read(0, "\277\252\312\274\265\367\323\303res_mgr\265\304auto_check...\r\n"..., 32768) = 32768
16:40:36.346692 write(1, "?{o\373+\327y\236\367~n\201\376\17s\276Q\20063\353}-\1\2*RRk \3621"..., 58246) = 58246
16:40:36.346823 read(0, "2, -1)important : \327\324\266\257\274\354\262\351\317\337\263\314\275\341"..., 524288) = 102
16:40:36.346864 read(0, "", 524186)     = 0
16:40:36.347082 write(1, "\377\325v\256=r\34\327\31\376\234\0\371\17\363q\tp\211\351\356\351\352\31\2\2\302\233\2\3\221a"..., 6464) = 6464
16:40:36.347257 brk(0x1482000)          = 0x1482000
16:40:36.347325 brk(0x1472000)          = 0x1472000
16:40:36.347365 brk(0x1462000)          = 0x1462000
16:40:36.347400 brk(0x1461000)          = 0x1461000
16:40:36.347435 exit_group(0)           = ?
