08:00:45.998834 execve("./zlib.x", ["./zlib.x"], [/* 51 vars */]) = 0 <0.000159>
08:00:45.999168 brk(0)                  = 0xd6d000 <0.000006>
08:00:45.999215 mmap(NULL, 4096, PROT_READ|PROT_WRITE, MAP_PRIVATE|MAP_ANONYMOUS, -1, 0) = 0x7f3aa6382000 <0.000006>
08:00:45.999255 access("/etc/ld.so.preload", R_OK) = -1 ENOENT (No such file or directory) <0.000008>
08:00:45.999300 open("/etc/ld.so.cache", O_RDONLY) = 3 <0.000008>
08:00:45.999336 fstat(3, {st_mode=S_IFREG|0644, st_size=88601, ...}) = 0 <0.000005>
08:00:45.999376 mmap(NULL, 88601, PROT_READ, MAP_PRIVATE, 3, 0) = 0x7f3aa636c000 <0.000006>
08:00:45.999403 close(3)                = 0 <0.000006>
08:00:45.999436 open("/lib64/libz.so.1", O_RDONLY) = 3 <0.000009>
08:00:45.999467 read(3, "\177ELF\2\1\1\0\0\0\0\0\0\0\0\0\3\0>\0\1\0\0\0000\37@\3126\0\0\0"..., 832) = 832 <0.000006>
08:00:45.999503 fstat(3, {st_mode=S_IFREG|0755, st_size=90952, ...}) = 0 <0.000006>
08:00:45.999539 mmap(0x36ca400000, 2183696, PROT_READ|PROT_EXEC, MAP_PRIVATE|MAP_DENYWRITE, 3, 0) = 0x36ca400000 <0.000007>
08:00:45.999567 mprotect(0x36ca415000, 2093056, PROT_NONE) = 0 <0.000007>
08:00:45.999595 mmap(0x36ca614000, 8192, PROT_READ|PROT_WRITE, MAP_PRIVATE|MAP_FIXED|MAP_DENYWRITE, 3, 0x14000) = 0x36ca614000 <0.000008>
08:00:45.999628 close(3)                = 0 <0.000005>
08:00:45.999659 open("/lib64/libc.so.6", O_RDONLY) = 3 <0.000008>
08:00:45.999689 read(3, "\177ELF\2\1\1\3\0\0\0\0\0\0\0\0\3\0>\0\1\0\0\0\360\355\201\3116\0\0\0"..., 832) = 832 <0.000006>
08:00:45.999722 fstat(3, {st_mode=S_IFREG|0755, st_size=1922112, ...}) = 0 <0.000005>
08:00:45.999759 mmap(0x36c9800000, 3745960, PROT_READ|PROT_EXEC, MAP_PRIVATE|MAP_DENYWRITE, 3, 0) = 0x36c9800000 <0.000006>
08:00:45.999785 mprotect(0x36c9989000, 2097152, PROT_NONE) = 0 <0.000006>
08:00:45.999812 mmap(0x36c9b89000, 20480, PROT_READ|PROT_WRITE, MAP_PRIVATE|MAP_FIXED|MAP_DENYWRITE, 3, 0x189000) = 0x36c9b89000 <0.000008>
08:00:45.999844 mmap(0x36c9b8e000, 18600, PROT_READ|PROT_WRITE, MAP_PRIVATE|MAP_FIXED|MAP_ANONYMOUS, -1, 0) = 0x36c9b8e000 <0.000007>
08:00:45.999872 close(3)                = 0 <0.000005>
08:00:45.999901 mmap(NULL, 4096, PROT_READ|PROT_WRITE, MAP_PRIVATE|MAP_ANONYMOUS, -1, 0) = 0x7f3aa636b000 <0.000006>
08:00:45.999938 mmap(NULL, 4096, PROT_READ|PROT_WRITE, MAP_PRIVATE|MAP_ANONYMOUS, -1, 0) = 0x7f3aa636a000 <0.000006>
08:00:45.999970 mmap(NULL, 4096, PROT_READ|PROT_WRITE, MAP_PRIVATE|MAP_ANONYMOUS, -1, 0) = 0x7f3aa6369000 <0.000005>
08:00:45.999997 arch_prctl(ARCH_SET_FS, 0x7f3aa636a700) = 0 <0.000006>
08:00:46.000066 mprotect(0x36c9b89000, 16384, PROT_READ) = 0 <0.000008>
08:00:46.000108 mprotect(0x36ca614000, 4096, PROT_READ) = 0 <0.000006>
08:00:46.000132 mprotect(0x36c921f000, 4096, PROT_READ) = 0 <0.000005>
08:00:46.000153 munmap(0x7f3aa636c000, 88601) = 0 <0.000007>
08:00:46.000222 brk(0)                  = 0xd6d000 <0.000004>
08:00:46.000242 brk(0xd8f000)           = 0xd8f000 <0.000005>
08:00:46.000267 brk(0xdbf000)           = 0xdbf000 <0.000005>
08:00:46.000317 fstat(0, {st_mode=S_IFIFO|0600, st_size=0, ...}) = 0 <0.000004>
08:00:46.000346 mmap(NULL, 4096, PROT_READ|PROT_WRITE, MAP_PRIVATE|MAP_ANONYMOUS, -1, 0) = 0x7f3aa6381000 <0.000004>
08:00:46.000367 read(0, "2012-03-03 16:12:18 (260) [0x27c"..., 524288) = 98304 <0.000084>
08:00:46.000500 read(0, "ortant : FC(122.225.11.130:8080)"..., 425984) = 98304 <0.000074>
08:00:46.000619 read(0, ")important : \327\312\324\264 67337 \265\304block "..., 327680) = 98304 <0.000055>
08:00:46.000706 read(0, "hunk, \272\366\302\324\243\254\320\264\275\341\271\373 : ignore\243\256\r\n2"..., 229376) = 98304 <0.000062>
08:00:46.000795 read(0, "c](-2, -1)error : NAT\316\264\326\252\243\254\267\305\306\372\264"..., 131072) = 98304 <0.000059>
08:00:46.000879 read(0, "\320\355\243\254\304\277\265\304 : \317\302\324\330, \267\275\317\362 : \325\375\317\362, \324\255"..., 32768) = 32768 <0.000016>
08:00:46.010378 fstat(1, {st_mode=S_IFREG|0664, st_size=0, ...}) = 0 <0.000035>
08:00:46.010496 mmap(NULL, 4096, PROT_READ|PROT_WRITE, MAP_PRIVATE|MAP_ANONYMOUS, -1, 0) = 0x7f3aa6380000 <0.000027>
08:00:46.010569 write(1, "x\234\324\275}\257^\327u'\366w\7\230\357\360\364\257^\1\"\347\354\327\263\217\0\241\265,\2735"..., 28672) = 28672 <0.000055>
08:00:46.010667 read(0, "important : \263\242\312\324\306\364\266\257\261\276\265\330pp\267\376\316\361\306\367"..., 524288) = 131072 <0.000056>
08:00:46.010760 read(0, "\250\266\300\301\242\317\337\263\314\243\251\243\254sessions(0) = 0, re"..., 393216) = 98304 <0.000032>
08:00:46.010821 read(0, " upnp...\r\n2012-03-29 09:41:02 (4"..., 294912) = 98304 <0.000026>
08:00:46.010875 read(0, "-2, -1)important : \327\324\266\257\274\354\262\351\317\337\263\314\275"..., 196608) = 98304 <0.000028>
08:00:46.010928 read(0, "12-03-29 10:24:37 (580) [0xa94]("..., 98304) = 98304 <0.000029>
08:00:46.022121 write(1, "\275y\204}\272\212yN\260\211\6\357\31)\360\303\241\223\356\342\211A\3r\251B\3532>K\\k"..., 4096) = 4096 <0.000071>
08:00:46.022363 write(1, "\315L\200\233\367\355JLk\3032]\217v\362\221\267\2226\252)\277U\324W\304\235|\5\355\234\336"..., 28672) = 28672 <0.000131>
08:00:46.022623 read(0, "\337\263\314\277\252\312\274\265\367\323\303res_mgr\265\304auto_check.."..., 524288) = 294912 <0.000458>
08:00:46.023178 read(0, " (800) [0xa94](-2, -1)important "..., 229376) = 229376 <0.000229>
08:00:46.033276 write(1, "\5\235\356\372\352\355\253\327\1\27\370\302[r\360\25\356y\347\315\17\266`\367\356\237\260V\323Q\363\34"..., 4096) = 4096 <0.000069>
08:00:46.033440 write(1, "\252\n\243\341\235\226\220\271\227}~\200uK\332\342\27\267\254\302|\361\253\346j\r\357\264\304\314\206\230"..., 24576) = 24576 <0.000090>
08:00:46.033623 read(0, "-1)important : \327\324\266\257\274\354\262\351\317\337\263\314\275\341\312\370\265"..., 524288) = 163840 <0.000162>
08:00:46.033850 read(0, "(-2, -1)important : \327\324\266\257\274\354\262\351\317\337\263\314"..., 360448) = 98304 <0.000097>
08:00:46.034034 read(0, "\304auto_check...\r\n2012-03-31 11:42"..., 262144) = 131072 <0.000124>
08:00:46.034239 read(0, "[0x1700](-2, -1)important : \327\324\266\257"..., 131072) = 131072 <0.000125>
08:00:46.044079 write(1, "\24\216O\256\217\264}Jh\244\334\2\352\206D\211?\271\t\260\255\357\21\350QN\303&\355SD\177"..., 4096) = 4096 <0.000099>
08:00:46.044283 write(1, "\334\270X\333#\0\354\256<h\237\"\232(\247\1Ty\342\v\205\177,\264\317.\355\21\316\302\203\270"..., 24576) = 24576 <0.000085>
08:00:46.044439 read(0, "7) [0x1700](-2, -1)important : \327"..., 524288) = 131072 <0.000101>
08:00:46.044592 read(0, "](-2, -1)important : \327\324\266\257\274\354\262\351\317\337\263"..., 393216) = 98304 <0.000091>
08:00:46.044730 read(0, "_check...\r\n2012-03-31 14:57:21 ("..., 294912) = 98304 <0.000095>
08:00:46.044867 read(0, "mportant : \327\324\266\257\274\354\262\351\317\337\263\314\275\341\312\370\265\367\323\303r"..., 196608) = 98304 <0.000084>
08:00:46.045018 read(0, "ant : \327\324\266\257\274\354\262\351\317\337\263\314\275\341\312\370\265\332 3044 \264\316"..., 98304) = 98304 <0.000056>
08:00:46.054697 write(1, "\333\5\202\335\244\227\33\251\214&\322q\2\225\236\2\2249\375z#]\260v\226\302j\267+7R\31"..., 4096) = 4096 <0.000080>
08:00:46.054895 write(1, "\347\372i/[\252c#\355\243\247\335\5\4=\tw\355K\207\231\277\234\364\302-Z\252e?\257]"..., 24576) = 24576 <0.000117>
08:00:46.055121 read(0, "(-2, -1)important : \327\324\266\257\274\354\262\351\317\337\263\314"..., 524288) = 131072 <0.000164>
08:00:46.055387 read(0, "2, -1)important : \327\324\266\257\274\354\262\351\317\337\263\314\275\341"..., 393216) = 131072 <0.000155>
08:00:46.055643 read(0, "](-2, -1)important : \327\324\266\257\274\354\262\351\317\337\263"..., 262144) = 262144 <0.000238>
08:00:46.065310 write(1, "\264T\313&\332{\302\260\345\200\r\10zr\356\n\271\273\366\242\245Z6\322N\23\260v\25\20\364\244"..., 4096) = 4096 <0.000050>
08:00:46.065421 write(1, "\2730\260\354V\220\362\324\334\367\343|\231?\352\35\315J\265l\224\235\32p\366\20\230\303\357q\261R"..., 28672) = 28672 <0.000067>
08:00:46.065536 read(0, ": \327\324\266\257\274\354\262\351\317\337\263\314\275\341\312\370\265\367\323\303res_mgr\265\304a"..., 524288) = 98304 <0.000117>
08:00:46.065704 read(0, "-2, -1)important : \327\324\266\257\274\354\262\351\317\337\263\314\277"..., 425984) = 98304 <0.000093>
08:00:46.065852 read(0, ": \327\324\266\257\274\354\262\351\317\337\263\314\275\341\312\370\265\332 146 \264\316\274\354\262\351\241"..., 327680) = 98304 <0.000093>
08:00:46.065992 read(0, "\257\274\354\262\351\317\337\263\314\277\252\312\274\265\367\323\303res_mgr\265\304auto_c"..., 229376) = 98304 <0.000092>
08:00:46.066143 read(0, " 22:56:38 (314) [0x1948](-2, -1)"..., 131072) = 98304 <0.000054>
08:00:46.066237 read(0, "2, -1)important : \265\310\264\375\274\354\262\351\317\337\263\314\275\341"..., 32768) = 32768 <0.000037>
08:00:46.075740 write(1, "\354\324\200\263\207\300|\267?/Wj\34\35\10wfoW\252c\223\354\303\260\360\3\322\tR\236\232"..., 4096) = 4096 <0.000067>
08:00:46.075894 write(1, "\366\t\321\222r1@VN\370\225\33\27{\354\21\230\362\240}B\264\242\\\rP\225#~\345\306\307"..., 24576) = 24576 <0.000080>
08:00:46.076042 read(0, "\330\270\264\301\254\275\323...\r\n2012-04-17 19:06:30 "..., 524288) = 229376 <0.000172>
08:00:46.076289 read(0, "1c](-2, -1)important : \327\324\266\257\274\354\262\351\317"..., 294912) = 163840 <0.000123>
08:00:46.076464 read(0, " -1)important : \327\324\266\257\274\354\262\351\317\337\263\314\277\252\312\274"..., 131072) = 98304 <0.000054>
08:00:46.076563 read(0, "\277\252\312\274\265\367\323\303res_mgr\265\304auto_check...\r\n"..., 32768) = 32768 <0.000025>
08:00:46.086477 write(1, ",\234\214\254(\317\t\35\207r\26p%\307\247\36\17\22\34\224\334\303\322\311\310\222rK\350\266\241\245"..., 4096) = 4096 <0.000066>
08:00:46.086610 write(1, "8\1U\316\5(96\25]\310A\271S>Y2\244<\365Y\36\3\360\362\271\356\267-#Uf"..., 53248) = 53248 <0.000080>
08:00:46.086739 read(0, "2, -1)important : \327\324\266\257\274\354\262\351\317\337\263\314\275\341"..., 524288) = 102 <0.000007>
08:00:46.086766 read(0, "", 520192)     = 0 <0.000005>
08:00:46.086896 write(1, "6\26\16\1Qc!\311\327jlj\213QG\341N\323$\311\220\360\24\20v\236&\311\327jL\252"..., 4096) = 4096 <0.000030>
08:00:46.086949 write(1, "#6\324F\373\200\4\247\353\236\7d\333P\223|aF\207:\f\32u\33\3059\t\206t;\337\241"..., 4096) = 4096 <0.000015>
08:00:46.086999 brk(0xdaf000)           = 0xdaf000 <0.000011>
08:00:46.087029 brk(0xd9f000)           = 0xd9f000 <0.000012>
08:00:46.087061 brk(0xd8f000)           = 0xd8f000 <0.000010>
08:00:46.087089 brk(0xd8e000)           = 0xd8e000 <0.000006>
08:00:46.087118 write(1, "\v\220vt\254\3\261\275t\263\"\345\320\220t\2370\313\270e\344\2\244\35\5;\355\272\v\10\266\227"..., 370) = 370 <0.000014>
08:00:46.087162 exit_group(0)           = ?
